
----------------------------------------------------------------------------------

TTTTT  DDD   L    Texas
  T    D  D  L    Digital
  T    DDD   LLL  Library

DVUploader - a command-line application to upload files to any Dataverse Dataset
Developed with support from TDL and GDCC for the Dataverse Community
See the wiki at https://github.com/GlobalDataverseCommunityConsortium/dataverse-uploader for information on using DVUploader.

----------------------------------------------------------------------------------

-server=https://demo.recherche.data.gouv.fr -key=<apiKey> -did=doi:10.82233/PHR5Q6 -manifest=C:\Users\Shadow\AppData\Local\Temp\rdg_arbodv_manifest_c1cf71f0-031d-48a9-827d-6010384469ef.json -recurse

***Parsing arguments:***

Using server: https://demo.recherche.data.gouv.fr
Using apiKey: d0c35aa7-8a54-4af5-9f8c-1ac1c1fca2e1
Adding content to: doi:10.82233/PHR5Q6
Using manifest file: C:\Users\Shadow\AppData\Local\Temp\rdg_arbodv_manifest_c1cf71f0-031d-48a9-827d-6010384469ef.json
Will recurse into subdirectories

***Starting to Process Upload Requests:***

Using FixityAlgorithm configured for this Dataverse: MD5

PROCESSING(D): 
              Does not exist on server.
Preproc: 
Recording: maven/apache-maven-3.9.16/lib/aopalliance-1.0.jar
Recording: maven/apache-maven-3.9.16/lib/aopalliance.license
Recording: maven/apache-maven-3.9.16/lib/asm-9.9.1.jar
Recording: maven/apache-maven-3.9.16/lib/asm.license
Recording: maven/apache-maven-3.9.16/lib/commons-cli-1.11.0.jar
Recording: maven/apache-maven-3.9.16/lib/commons-cli.license
Recording: maven/apache-maven-3.9.16/lib/commons-codec-1.21.0.jar
Recording: maven/apache-maven-3.9.16/lib/commons-codec.license
Recording: maven/apache-maven-3.9.16/lib/error_prone_annotations-2.41.0.jar
Recording: maven/apache-maven-3.9.16/lib/error_prone_annotations.license
Recording: maven/apache-maven-3.9.16/lib/failureaccess-1.0.3.jar
Recording: maven/apache-maven-3.9.16/lib/failureaccess.license
Recording: maven/apache-maven-3.9.16/lib/gson-2.13.2.jar
Recording: maven/apache-maven-3.9.16/lib/gson.license
Recording: maven/apache-maven-3.9.16/lib/guava-33.6.0-jre.jar
Recording: maven/apache-maven-3.9.16/lib/guava.license
Recording: maven/apache-maven-3.9.16/lib/guice-5.1.0-classes.jar
Recording: maven/apache-maven-3.9.16/lib/guice.license
Recording: maven/apache-maven-3.9.16/lib/httpclient-4.5.14.jar
Recording: maven/apache-maven-3.9.16/lib/httpclient.license
Recording: maven/apache-maven-3.9.16/lib/httpcore-4.4.16.jar
Recording: maven/apache-maven-3.9.16/lib/httpcore.license
Recording: maven/apache-maven-3.9.16/lib/jansi-2.4.3.jar
Recording: maven/apache-maven-3.9.16/lib/jansi-native/Windows/arm64/jansi.dll
Recording: maven/apache-maven-3.9.16/lib/jansi-native/Windows/x86/jansi.dll
Recording: maven/apache-maven-3.9.16/lib/jansi-native/Windows/x86_64/jansi.dll
Recording: maven/apache-maven-3.9.16/lib/jansi.license
Recording: maven/apache-maven-3.9.16/lib/javax.annotation-api-1.3.2.jar
Recording: maven/apache-maven-3.9.16/lib/javax.annotation-api.license
Recording: maven/apache-maven-3.9.16/lib/javax.inject-1.jar
Recording: maven/apache-maven-3.9.16/lib/javax.inject.license
Recording: maven/apache-maven-3.9.16/lib/jcl-over-slf4j-1.7.36.jar
Recording: maven/apache-maven-3.9.16/lib/jcl-over-slf4j.license
Recording: maven/apache-maven-3.9.16/lib/jspecify-1.0.0.jar
Recording: maven/apache-maven-3.9.16/lib/jspecify.license
Recording: maven/apache-maven-3.9.16/LICENSE
Recording: maven/apache-maven-3.9.16/bin/m2.conf
Recording: maven/apache-maven-3.9.16/lib/maven-artifact-3.9.16.jar
Recording: maven/apache-maven-3.9.16/lib/maven-builder-support-3.9.16.jar
Recording: maven/apache-maven-3.9.16/lib/maven-compat-3.9.16.jar
Recording: maven/apache-maven-3.9.16/lib/maven-core-3.9.16.jar
Recording: maven/apache-maven-3.9.16/lib/maven-embedder-3.9.16.jar
Recording: maven/apache-maven-3.9.16/lib/maven-model-3.9.16.jar
Recording: maven/apache-maven-3.9.16/lib/maven-model-builder-3.9.16.jar
Recording: maven/apache-maven-3.9.16/lib/maven-plugin-api-3.9.16.jar
Recording: maven/apache-maven-3.9.16/lib/maven-repository-metadata-3.9.16.jar
Recording: maven/apache-maven-3.9.16/lib/maven-resolver-api-1.9.27.jar
Recording: maven/apache-maven-3.9.16/lib/maven-resolver-connector-basic-1.9.27.jar
Recording: maven/apache-maven-3.9.16/lib/maven-resolver-impl-1.9.27.jar
Recording: maven/apache-maven-3.9.16/lib/maven-resolver-named-locks-1.9.27.jar
Recording: maven/apache-maven-3.9.16/lib/maven-resolver-provider-3.9.16.jar
Recording: maven/apache-maven-3.9.16/lib/maven-resolver-spi-1.9.27.jar
Recording: maven/apache-maven-3.9.16/lib/maven-resolver-transport-file-1.9.27.jar
Recording: maven/apache-maven-3.9.16/lib/maven-resolver-transport-http-1.9.27.jar
Recording: maven/apache-maven-3.9.16/lib/maven-resolver-transport-wagon-1.9.27.jar
Recording: maven/apache-maven-3.9.16/lib/maven-resolver-util-1.9.27.jar
Recording: maven/apache-maven-3.9.16/lib/maven-settings-3.9.16.jar
Recording: maven/apache-maven-3.9.16/lib/maven-settings-builder-3.9.16.jar
Recording: maven/apache-maven-3.9.16/lib/maven-shared-utils-3.4.2.jar
Recording: maven/apache-maven-3.9.16/lib/maven-slf4j-provider-3.9.16.jar
Recording: maven/apache-maven-3.9.16/bin/mvn
Recording: maven/apache-maven-3.9.16/bin/mvn.cmd
Recording: maven/apache-maven-3.9.16/bin/mvnDebug
Recording: maven/apache-maven-3.9.16/bin/mvnDebug.cmd
Recording: maven/apache-maven-3.9.16/bin/mvnyjp
Recording: maven/apache-maven-3.9.16/NOTICE
Recording: maven/apache-maven-3.9.16/lib/org.eclipse.sisu.inject-1.0.0.jar
Recording: maven/apache-maven-3.9.16/lib/org.eclipse.sisu.inject.license
Recording: maven/apache-maven-3.9.16/lib/org.eclipse.sisu.plexus-1.0.0.jar
Recording: maven/apache-maven-3.9.16/lib/org.eclipse.sisu.plexus.license
Recording: maven/apache-maven-3.9.16/lib/plexus-cipher-2.0.jar
Recording: maven/apache-maven-3.9.16/lib/plexus-cipher.license
Recording: maven/apache-maven-3.9.16/boot/plexus-classworlds-2.11.0.jar
Recording: maven/apache-maven-3.9.16/boot/plexus-classworlds.license
Recording: maven/apache-maven-3.9.16/lib/plexus-component-annotations-2.2.0.jar
Recording: maven/apache-maven-3.9.16/lib/plexus-component-annotations.license
Recording: maven/apache-maven-3.9.16/lib/plexus-interpolation-1.29.jar
Recording: maven/apache-maven-3.9.16/lib/plexus-interpolation.license
Recording: maven/apache-maven-3.9.16/lib/plexus-sec-dispatcher-2.0.jar
Recording: maven/apache-maven-3.9.16/lib/plexus-sec-dispatcher.license
Recording: maven/apache-maven-3.9.16/lib/plexus-utils-3.6.1.jar
Recording: maven/apache-maven-3.9.16/lib/plexus-utils.license
Recording: maven/apache-maven-3.9.16/lib/jansi-native/README.txt
Recording: maven/apache-maven-3.9.16/lib/ext/README.txt
Recording: maven/apache-maven-3.9.16/lib/ext/redisson/README.txt
Recording: maven/apache-maven-3.9.16/lib/ext/hazelcast/README.txt
Recording: maven/apache-maven-3.9.16/README.txt
Recording: maven/apache-maven-3.9.16/conf/settings.xml
Recording: maven/apache-maven-3.9.16/conf/logging/simplelogger.properties
Recording: maven/apache-maven-3.9.16/lib/slf4j-api-1.7.36.jar
Recording: maven/apache-maven-3.9.16/lib/slf4j-api.license
Recording: maven/apache-maven-3.9.16/conf/toolchains.xml
Recording: maven/apache-maven-3.9.16/lib/wagon-file-3.5.3.jar
Recording: maven/apache-maven-3.9.16/lib/wagon-http-3.5.3.jar
Recording: maven/apache-maven-3.9.16/lib/wagon-http-shared-3.5.3.jar
Recording: maven/apache-maven-3.9.16/lib/wagon-provider-api-3.5.3.jar

PROCESSING(F): D:\projets_perso\fakeFileGen\fichiers_test_rien\test_3_go_3.00_go_1_20260622_220805.rien
               Does not yet exist on server.
Creating job for 1073741824 bytes
Creating job for 1073741824 bytes
Creating job for 1073741824 bytes
All 3.0 parts for: default://rdg-sandbox-production:19ef0f33a9d-923f78802ee6 queued.
