
----------------------------------------------------------------------------------

TTTTT  DDD   L    Texas
  T    D  D  L    Digital
  T    DDD   LLL  Library

DVUploader - a command-line application to upload files to any Dataverse Dataset
Developed with support from TDL and GDCC for the Dataverse Community
See the wiki at https://github.com/GlobalDataverseCommunityConsortium/dataverse-uploader for information on using DVUploader.

----------------------------------------------------------------------------------

-server=https://demo.recherche.data.gouv.fr -key=<apiKey> -did=doi:10.82233/PHR5Q6 -manifest=C:\Users\Shadow\AppData\Local\Temp\rdg_arbodv_manifest_24d12dd2-8d32-499e-8891-6dbf270747aa.json -recurse

***Parsing arguments:***

Using server: https://demo.recherche.data.gouv.fr
Using apiKey: d0c35aa7-8a54-4af5-9f8c-1ac1c1fca2e1
Adding content to: doi:10.82233/PHR5Q6
Using manifest file: C:\Users\Shadow\AppData\Local\Temp\rdg_arbodv_manifest_24d12dd2-8d32-499e-8891-6dbf270747aa.json
Will recurse into subdirectories

***Starting to Process Upload Requests:***

Using FixityAlgorithm configured for this Dataverse: MD5

PROCESSING(D): 
              Does not exist on server.
Preproc: 

PROCESSING(D): fake_dataset_20260623_162735_vvo4b
              Does not exist on server.
Preproc: fake_dataset_20260623_162735_vvo4b

PROCESSING(D): dossier_collection_derive_mow5t1r8
              Does not exist on server.
Preproc: dossier_collection_derive_mow5t1r8

PROCESSING(D): dossier_biologie_valide_swyg3uxr
              Does not exist on server.
Preproc: dossier_biologie_valide_swyg3uxr

PROCESSING(F): D:\projets_perso\fakeDataset\datasets_generes\fake_dataset_20260623_162735_vvo4b\dossier_collection_derive_mow5t1r8\dossier_biologie_valide_swyg3uxr\fichier_analyse_complet_qu8ksmfu.hdf5
               Does not yet exist on server.
               UPLOADED as: MD5:cd68a27b020f9db848ea7ec0d1654050
CURRENT TOTAL: 1 files :209647886 bytes

PROCESSING(F): D:\projets_perso\fakeDataset\datasets_generes\fake_dataset_20260623_162735_vvo4b\dossier_collection_derive_mow5t1r8\dossier_biologie_valide_swyg3uxr\fichier_archive_derive_fekcobf8.dicom
               Does not yet exist on server.
               UPLOADED as: MD5:306ec6661237e319b583177467967967
CURRENT TOTAL: 2 files :210647886 bytes

PROCESSING(F): D:\projets_perso\fakeDataset\datasets_generes\fake_dataset_20260623_162735_vvo4b\dossier_collection_derive_mow5t1r8\dossier_biologie_valide_swyg3uxr\fichier_archive_final_ul2dpdjf.feather
               Does not yet exist on server.
               UPLOADED as: MD5:0540c7153d34216afe4096a4ae77e29a
CURRENT TOTAL: 3 files :211647886 bytes

PROCESSING(F): D:\projets_perso\fakeDataset\datasets_generes\fake_dataset_20260623_162735_vvo4b\dossier_collection_derive_mow5t1r8\dossier_biologie_valide_swyg3uxr\fichier_atlas_complet_boz3p9d1.xls
               Does not yet exist on server.
               UPLOADED as: MD5:68a689c4cee43afdc2efda3c0e4680ec
CURRENT TOTAL: 4 files :212647886 bytes

PROCESSING(F): D:\projets_perso\fakeDataset\datasets_generes\fake_dataset_20260623_162735_vvo4b\dossier_collection_derive_mow5t1r8\dossier_biologie_valide_swyg3uxr\fichier_atlas_principal_l1xn08ah.doc
               Does not yet exist on server.
               UPLOADED as: MD5:b164706562a098c73262e77a711f85af
CURRENT TOTAL: 5 files :213647886 bytes

PROCESSING(F): D:\projets_perso\fakeDataset\datasets_generes\fake_dataset_20260623_162735_vvo4b\dossier_collection_derive_mow5t1r8\dossier_biologie_valide_swyg3uxr\fichier_campagne_reference_3l2z192o.ods
               Does not yet exist on server.
               UPLOADED as: MD5:54e895bdda1ad3446adcf1ee0b2b5ea8
CURRENT TOTAL: 6 files :214647886 bytes

PROCESSING(F): D:\projets_perso\fakeDataset\datasets_generes\fake_dataset_20260623_162735_vvo4b\dossier_collection_derive_mow5t1r8\dossier_biologie_valide_swyg3uxr\fichier_cartographie_local_brl6ks03.feather
               Does not yet exist on server.
               UPLOADED as: MD5:6ad6fd991ab0157b740d51a410ad6f39
CURRENT TOTAL: 7 files :215647886 bytes

PROCESSING(F): D:\projets_perso\fakeDataset\datasets_generes\fake_dataset_20260623_162735_vvo4b\dossier_collection_derive_mow5t1r8\dossier_biologie_valide_swyg3uxr\fichier_cellule_ancien_vnmoqvy2.tsv
               Does not yet exist on server.
               UPLOADED as: MD5:192ca6b091490b1701e0088f4b0a2922
CURRENT TOTAL: 8 files :216647886 bytes

PROCESSING(F): D:\projets_perso\fakeDataset\datasets_generes\fake_dataset_20260623_162735_vvo4b\dossier_collection_derive_mow5t1r8\dossier_biologie_valide_swyg3uxr\fichier_cellule_annexe_pw1khizn.zip
               Does not yet exist on server.
               UPLOADED as: MD5:b7246d7bde65fb9b1ee513a0a058768d
CURRENT TOTAL: 9 files :217647886 bytes

PROCESSING(F): D:\projets_perso\fakeDataset\datasets_generes\fake_dataset_20260623_162735_vvo4b\dossier_collection_derive_mow5t1r8\dossier_biologie_valide_swyg3uxr\fichier_cohorte_temporel_ylybq8c5.dicom
               Does not yet exist on server.
               UPLOADED as: MD5:86c6da5d5abcff91327e80130866a66a
CURRENT TOTAL: 10 files :218647886 bytes

PROCESSING(F): D:\projets_perso\fakeDataset\datasets_generes\fake_dataset_20260623_162735_vvo4b\dossier_collection_derive_mow5t1r8\dossier_biologie_valide_swyg3uxr\fichier_inventaire_final_mdq5fwbq.feather
               Does not yet exist on server.
               UPLOADED as: MD5:774ca230b231b725edb6d66957b8e010
CURRENT TOTAL: 11 files :219647886 bytes

PROCESSING(F): D:\projets_perso\fakeDataset\datasets_generes\fake_dataset_20260623_162735_vvo4b\dossier_collection_derive_mow5t1r8\dossier_biologie_valide_swyg3uxr\fichier_mesure_controle_jlggpjve.docx
               Does not yet exist on server.
               UPLOADED as: MD5:697912838767beba38b6538783577da0
CURRENT TOTAL: 12 files :220647886 bytes

PROCESSING(F): D:\projets_perso\fakeDataset\datasets_generes\fake_dataset_20260623_162735_vvo4b\dossier_collection_derive_mow5t1r8\dossier_biologie_valide_swyg3uxr\fichier_modele_controle_jv18ugrm.gz
               Does not yet exist on server.
               UPLOADED as: MD5:6af4b73e696b5487c6c9b57bb4e6110c
CURRENT TOTAL: 13 files :221647886 bytes

PROCESSING(F): D:\projets_perso\fakeDataset\datasets_generes\fake_dataset_20260623_162735_vvo4b\dossier_collection_derive_mow5t1r8\dossier_biologie_valide_swyg3uxr\fichier_modele_local_gby41d0v.json
               Does not yet exist on server.
               UPLOADED as: MD5:632ed1fef7bef72e3ec114d7a21f6e8a
CURRENT TOTAL: 14 files :222647886 bytes

PROCESSING(F): D:\projets_perso\fakeDataset\datasets_generes\fake_dataset_20260623_162735_vvo4b\dossier_collection_derive_mow5t1r8\dossier_biologie_valide_swyg3uxr\fichier_modele_principal_itq05mq7.png
               Does not yet exist on server.
               UPLOADED as: MD5:84870f40292b12dac0c122f8960a764e
CURRENT TOTAL: 15 files :223670629 bytes

PROCESSING(F): D:\projets_perso\fakeDataset\datasets_generes\fake_dataset_20260623_162735_vvo4b\dossier_collection_derive_mow5t1r8\dossier_biologie_valide_swyg3uxr\fichier_modele_regional_pxy54rnw.pdf
               Does not yet exist on server.
               UPLOADED as: MD5:0658adb51e97bda8c892f848f42e4230
CURRENT TOTAL: 16 files :224968929 bytes

PROCESSING(F): D:\projets_perso\fakeDataset\datasets_generes\fake_dataset_20260623_162735_vvo4b\dossier_collection_derive_mow5t1r8\dossier_biologie_valide_swyg3uxr\fichier_protocole_regional_c1dy2433.doc
               Does not yet exist on server.
               UPLOADED as: MD5:2b560d9e5d9f1ab00d74577b094ce00f
CURRENT TOTAL: 17 files :225968929 bytes

PROCESSING(F): D:\projets_perso\fakeDataset\datasets_generes\fake_dataset_20260623_162735_vvo4b\dossier_collection_derive_mow5t1r8\dossier_biologie_valide_swyg3uxr\fichier_recherche_calibre_7ub3mgh2.json
               Does not yet exist on server.
               UPLOADED as: MD5:29be1dc1c5d4f01a4b8df1a3bc0d0f80
CURRENT TOTAL: 18 files :226968929 bytes

PROCESSING(F): D:\projets_perso\fakeDataset\datasets_generes\fake_dataset_20260623_162735_vvo4b\dossier_collection_derive_mow5t1r8\dossier_biologie_valide_swyg3uxr\fichier_resultat_temporel_7llhc8qn.png
               Does not yet exist on server.
               UPLOADED as: MD5:d431072848ca55031858a991d5f345d7
CURRENT TOTAL: 19 files :227968929 bytes

PROCESSING(F): D:\projets_perso\fakeDataset\datasets_generes\fake_dataset_20260623_162735_vvo4b\dossier_collection_derive_mow5t1r8\dossier_biologie_valide_swyg3uxr\fichier_serie_regional_3t7fl74i.tar
               Does not yet exist on server.
               UPLOADED as: MD5:f8d5a768d8df1e4bb022b9c4e8744ca8
CURRENT TOTAL: 20 files :228968929 bytes

PROCESSING(F): D:\projets_perso\fakeDataset\datasets_generes\fake_dataset_20260623_162735_vvo4b\dossier_collection_derive_mow5t1r8\dossier_biologie_valide_swyg3uxr\fichier_serie_valide_1qui0gtk.sav
               Does not yet exist on server.
               UPLOADED as: MD5:ee8af6274661bf87ac2e4bbe54da8ca1
CURRENT TOTAL: 21 files :229968929 bytes

PROCESSING(F): D:\projets_perso\fakeDataset\datasets_generes\fake_dataset_20260623_162735_vvo4b\dossier_collection_derive_mow5t1r8\dossier_biologie_valide_swyg3uxr\fichier_serie_valide_mnxcg7wb.dcm
               Does not yet exist on server.
               UPLOADED as: MD5:7b721db882828bb282305c30200abfa5
CURRENT TOTAL: 22 files :230968929 bytes

PROCESSING(F): D:\projets_perso\fakeDataset\datasets_generes\fake_dataset_20260623_162735_vvo4b\dossier_collection_derive_mow5t1r8\dossier_biologie_valide_swyg3uxr\fichier_serie_valide_ujbcrmun.parquet
               Does not yet exist on server.
               UPLOADED as: MD5:587dd558cb40cd5c1b0411f7fbf1c0ab
CURRENT TOTAL: 23 files :231968932 bytes

PROCESSING(F): D:\projets_perso\fakeDataset\datasets_generes\fake_dataset_20260623_162735_vvo4b\dossier_collection_derive_mow5t1r8\dossier_biologie_valide_swyg3uxr\fichier_spectre_annexe_wd7ey3xs.docx
               Does not yet exist on server.
               UPLOADED as: MD5:75d5f5f591cf5992362b0f15ecdb0d3f
CURRENT TOTAL: 24 files :232968932 bytes

PROCESSING(F): D:\projets_perso\fakeDataset\datasets_generes\fake_dataset_20260623_162735_vvo4b\dossier_collection_derive_mow5t1r8\dossier_biologie_valide_swyg3uxr\fichier_spectre_reference_0k27wucd.xlsm
               Does not yet exist on server.
               UPLOADED as: MD5:a2dea894e689aa18c995f61129ac0dcf
CURRENT TOTAL: 25 files :233968932 bytes

PROCESSING(F): D:\projets_perso\fakeDataset\datasets_generes\fake_dataset_20260623_162735_vvo4b\dossier_collection_derive_mow5t1r8\dossier_biologie_valide_swyg3uxr\fichier_spectre_regional_qogs4eyd.npz
               Does not yet exist on server.
               UPLOADED as: MD5:10269e9079a12b9a4643c6aa4bcd2c37
CURRENT TOTAL: 26 files :234968932 bytes
26 files successfully added from this folder
Dataset locked - waiting...
Dataset locked - waiting...
Dataset locked - waiting...
Dataset locked - waiting...
Dataset locked - waiting...
Dataset locked - waiting...
Dataset locked - waiting...
Dataset locked - waiting...
Dataset locked - waiting...
Dataset locked - waiting...
Dataset locked - waiting...
Dataset locked - waiting...
Dataset locked - waiting...
Dataset locked - waiting...
Dataset locked - waiting...
Dataset locked - waiting...
Dataset locked - waiting...
Dataset locked - waiting...
Dataset locked - waiting...
Dataset locked - waiting...
Dataset locked - waiting...
Dataset locked - waiting...
Dataset locked - waiting...
Dataset locked - waiting...
Dataset locked - waiting...
Dataset locked - waiting...
Dataset locked - waiting...
Dataset locked - waiting...
Dataset locked - waiting...
Dataset locked - waiting...
Dataset locked - waiting...
Dataset locked - waiting...
Dataset locked - waiting...
Dataset locked - waiting...
Dataset locked - waiting...
Dataset locked - waiting...
Dataset locked - waiting...
Dataset locked - waiting...
Dataset locked - waiting...
Dataset locked - waiting...
Dataset locked - waiting...
Dataset locked - waiting...
Dataset locked - waiting...
Dataset locked - waiting...
Dataset locked - waiting...
Dataset locked - waiting...
Dataset locked - waiting...
Dataset locked - waiting...
Dataset locked - waiting...
Dataset locked - waiting...
Dataset locked - waiting...
Dataset locked - waiting...
Dataset locked - waiting...
Dataset locked - waiting...
Dataset locked - waiting...
Dataset locked - waiting...
Dataset locked - waiting...
Dataset locked - waiting...
Dataset locked - waiting...
Dataset locked - waiting...
Dataset locked - waiting...

PROCESSING(D): dossier_echantillon_reference_hiftcpy9
              Does not exist on server.
Preproc: dossier_echantillon_reference_hiftcpy9

PROCESSING(F): D:\projets_perso\fakeDataset\datasets_generes\fake_dataset_20260623_162735_vvo4b\dossier_collection_derive_mow5t1r8\dossier_echantillon_reference_hiftcpy9\fichier_analyse_annexe_5uelf7is.gz
               Does not yet exist on server.
               UPLOADED as: MD5:af16e39f756c85696e15b886e9282144
CURRENT TOTAL: 27 files :235968932 bytes

PROCESSING(F): D:\projets_perso\fakeDataset\datasets_generes\fake_dataset_20260623_162735_vvo4b\dossier_collection_derive_mow5t1r8\dossier_echantillon_reference_hiftcpy9\fichier_analyse_controle_v29w0xjn.xlsx
               Does not yet exist on server.
               UPLOADED as: MD5:a1491dbb4037e951ef34ed1ba8cd90c3
CURRENT TOTAL: 28 files :236968932 bytes

PROCESSING(F): D:\projets_perso\fakeDataset\datasets_generes\fake_dataset_20260623_162735_vvo4b\dossier_collection_derive_mow5t1r8\dossier_echantillon_reference_hiftcpy9\fichier_analyse_intermediaire_ubdrxxcc.xlsb
               Does not yet exist on server.
               UPLOADED as: MD5:c54f9b0fae2381b1aa59203f1d275929
CURRENT TOTAL: 29 files :237968932 bytes

PROCESSING(F): D:\projets_perso\fakeDataset\datasets_generes\fake_dataset_20260623_162735_vvo4b\dossier_collection_derive_mow5t1r8\dossier_echantillon_reference_hiftcpy9\fichier_archive_complet_0wzvlueb.zip
               Does not yet exist on server.
               UPLOADED as: MD5:46a8737eeb83c78785ee5f01fafa6355
CURRENT TOTAL: 30 files :238968932 bytes

PROCESSING(F): D:\projets_perso\fakeDataset\datasets_generes\fake_dataset_20260623_162735_vvo4b\dossier_collection_derive_mow5t1r8\dossier_echantillon_reference_hiftcpy9\fichier_archive_controle_6h4cgeq4.xlsm
               Does not yet exist on server.
               UPLOADED as: MD5:41859673b0be61d7fdbe4c7c01ddbcb4
CURRENT TOTAL: 31 files :239968932 bytes

PROCESSING(F): D:\projets_perso\fakeDataset\datasets_generes\fake_dataset_20260623_162735_vvo4b\dossier_collection_derive_mow5t1r8\dossier_echantillon_reference_hiftcpy9\fichier_capteur_ancien_plhy5ypn.parquet
               Does not yet exist on server.
               UPLOADED as: MD5:e546b8843648548111a3b2409da8d0dc
CURRENT TOTAL: 32 files :240968932 bytes

PROCESSING(F): D:\projets_perso\fakeDataset\datasets_generes\fake_dataset_20260623_162735_vvo4b\dossier_collection_derive_mow5t1r8\dossier_echantillon_reference_hiftcpy9\fichier_capteur_calibre_du59gqfg.pdf
               Does not yet exist on server.
               UPLOADED as: MD5:459d9ce120f2c4fdac7651b4d4f79b4b
CURRENT TOTAL: 33 files :241968932 bytes

PROCESSING(F): D:\projets_perso\fakeDataset\datasets_generes\fake_dataset_20260623_162735_vvo4b\dossier_collection_derive_mow5t1r8\dossier_echantillon_reference_hiftcpy9\fichier_capteur_qualite_jrtxrrbv.json
               Does not yet exist on server.
               UPLOADED as: MD5:4338c23a564b33f0e8c8ba96064be183
CURRENT TOTAL: 34 files :242968932 bytes

PROCESSING(F): D:\projets_perso\fakeDataset\datasets_generes\fake_dataset_20260623_162735_vvo4b\dossier_collection_derive_mow5t1r8\dossier_echantillon_reference_hiftcpy9\fichier_cartographie_complet_l2ggg6c3.rdata
               Does not yet exist on server.
               UPLOADED as: MD5:1abbd83602a0a2c2b8b2f566a4279404
CURRENT TOTAL: 35 files :243968932 bytes

PROCESSING(F): D:\projets_perso\fakeDataset\datasets_generes\fake_dataset_20260623_162735_vvo4b\dossier_collection_derive_mow5t1r8\dossier_echantillon_reference_hiftcpy9\fichier_climat_qualite_h9l0uz0i.h5
               Does not yet exist on server.
               UPLOADED as: MD5:f6e4f100c21ca740ebe1462de0f99df4
CURRENT TOTAL: 36 files :244968932 bytes

PROCESSING(F): D:\projets_perso\fakeDataset\datasets_generes\fake_dataset_20260623_162735_vvo4b\dossier_collection_derive_mow5t1r8\dossier_echantillon_reference_hiftcpy9\fichier_collection_controle_diwr21sl.xls
               Does not yet exist on server.
               UPLOADED as: MD5:33f4fe2f9be8fab32516f79d7a4b3b76
CURRENT TOTAL: 37 files :245968932 bytes

PROCESSING(F): D:\projets_perso\fakeDataset\datasets_generes\fake_dataset_20260623_162735_vvo4b\dossier_collection_derive_mow5t1r8\dossier_echantillon_reference_hiftcpy9\fichier_experience_ancien_6tf4chk0.tsv
               Does not yet exist on server.
               UPLOADED as: MD5:e81a2c7764d6516bceb66788d8661761
CURRENT TOTAL: 38 files :246968932 bytes

PROCESSING(F): D:\projets_perso\fakeDataset\datasets_generes\fake_dataset_20260623_162735_vvo4b\dossier_collection_derive_mow5t1r8\dossier_echantillon_reference_hiftcpy9\fichier_imagerie_ancien_f9lwuuov.json
               Does not yet exist on server.
               UPLOADED as: MD5:950724bfc3bfbe2bc653ac8a77b45d2f
CURRENT TOTAL: 39 files :247968932 bytes

PROCESSING(F): D:\projets_perso\fakeDataset\datasets_generes\fake_dataset_20260623_162735_vvo4b\dossier_collection_derive_mow5t1r8\dossier_echantillon_reference_hiftcpy9\fichier_imagerie_ancien_iasmhuy9.rtf
               Does not yet exist on server.
               UPLOADED as: MD5:e5a92149f9a9a3dd43d357178b80b7c6
CURRENT TOTAL: 40 files :248968932 bytes

PROCESSING(F): D:\projets_perso\fakeDataset\datasets_generes\fake_dataset_20260623_162735_vvo4b\dossier_collection_derive_mow5t1r8\dossier_echantillon_reference_hiftcpy9\fichier_modele_intermediaire_5otpw6vn.xls
               Does not yet exist on server.
               UPLOADED as: MD5:9abcb2bdfd663ded1c69f2aeb28cbf22
CURRENT TOTAL: 41 files :249968932 bytes

PROCESSING(F): D:\projets_perso\fakeDataset\datasets_generes\fake_dataset_20260623_162735_vvo4b\dossier_collection_derive_mow5t1r8\dossier_echantillon_reference_hiftcpy9\fichier_modele_local_ttqo9hud.json
               Does not yet exist on server.
               UPLOADED as: MD5:b7071767f5c00fc1b8e868a3b9174582
CURRENT TOTAL: 42 files :250968932 bytes

PROCESSING(F): D:\projets_perso\fakeDataset\datasets_generes\fake_dataset_20260623_162735_vvo4b\dossier_collection_derive_mow5t1r8\dossier_echantillon_reference_hiftcpy9\fichier_observation_brut_52ib7qjk.png
               Does not yet exist on server.
               UPLOADED as: MD5:70f6b3ecf545b4c2cb4ea3a31ab8e8c6
CURRENT TOTAL: 43 files :251968932 bytes

PROCESSING(F): D:\projets_perso\fakeDataset\datasets_generes\fake_dataset_20260623_162735_vvo4b\dossier_collection_derive_mow5t1r8\dossier_echantillon_reference_hiftcpy9\fichier_observation_derive_ra9tuk8t.jpg
               Does not yet exist on server.
               UPLOADED as: MD5:0cd78c18f9f354dfeec67a5c704f6c22
CURRENT TOTAL: 44 files :252968932 bytes

PROCESSING(F): D:\projets_perso\fakeDataset\datasets_generes\fake_dataset_20260623_162735_vvo4b\dossier_collection_derive_mow5t1r8\dossier_echantillon_reference_hiftcpy9\fichier_observation_valide_g5zj1t5i.parquet
               Does not yet exist on server.
               UPLOADED as: MD5:a3e396871c19dcbf1373cfb92d268d55
CURRENT TOTAL: 45 files :253968932 bytes

PROCESSING(F): D:\projets_perso\fakeDataset\datasets_generes\fake_dataset_20260623_162735_vvo4b\dossier_collection_derive_mow5t1r8\dossier_echantillon_reference_hiftcpy9\fichier_recherche_ancien_jcmzanyc.h5
               Does not yet exist on server.
               UPLOADED as: MD5:d67972674307cf4d9c2c677efc776285
CURRENT TOTAL: 46 files :254968932 bytes

PROCESSING(F): D:\projets_perso\fakeDataset\datasets_generes\fake_dataset_20260623_162735_vvo4b\dossier_collection_derive_mow5t1r8\dossier_echantillon_reference_hiftcpy9\fichier_recherche_controle_4gbz2pxp.dcm
               Does not yet exist on server.
               UPLOADED as: MD5:f7010d94610764b6f4bebed3564e4cc2
CURRENT TOTAL: 47 files :281533045 bytes

PROCESSING(F): D:\projets_perso\fakeDataset\datasets_generes\fake_dataset_20260623_162735_vvo4b\dossier_collection_derive_mow5t1r8\dossier_echantillon_reference_hiftcpy9\fichier_recherche_reference_60b1ff9p.doc
               Does not yet exist on server.
               UPLOADED as: MD5:b07df76c56ccd93d71e7fd5450492a9b
CURRENT TOTAL: 48 files :282533060 bytes

PROCESSING(F): D:\projets_perso\fakeDataset\datasets_generes\fake_dataset_20260623_162735_vvo4b\dossier_collection_derive_mow5t1r8\dossier_echantillon_reference_hiftcpy9\fichier_serie_calibre_3usrouqv.docx
               Does not yet exist on server.
               UPLOADED as: MD5:3fb11b4dd58926234805dac82f53ca21
CURRENT TOTAL: 49 files :283533060 bytes

PROCESSING(F): D:\projets_perso\fakeDataset\datasets_generes\fake_dataset_20260623_162735_vvo4b\dossier_collection_derive_mow5t1r8\dossier_echantillon_reference_hiftcpy9\fichier_serie_final_c6un3wsy.xls
               Does not yet exist on server.
               UPLOADED as: MD5:9d7b08a171052c859d7c6d55f8391625
CURRENT TOTAL: 50 files :284533060 bytes

PROCESSING(F): D:\projets_perso\fakeDataset\datasets_generes\fake_dataset_20260623_162735_vvo4b\dossier_collection_derive_mow5t1r8\dossier_echantillon_reference_hiftcpy9\fichier_serie_initial_dtvki53f.yaml
               Does not yet exist on server.
               UPLOADED as: MD5:9f22db52cb07264e60e1639492245ddc
CURRENT TOTAL: 51 files :285533060 bytes

PROCESSING(F): D:\projets_perso\fakeDataset\datasets_generes\fake_dataset_20260623_162735_vvo4b\dossier_collection_derive_mow5t1r8\dossier_echantillon_reference_hiftcpy9\fichier_serie_reference_17rtloze.xlsb
               Does not yet exist on server.
               UPLOADED as: MD5:4fb65c4fefcab08c0c927d48dac6e80e
CURRENT TOTAL: 52 files :286533060 bytes

PROCESSING(F): D:\projets_perso\fakeDataset\datasets_generes\fake_dataset_20260623_162735_vvo4b\dossier_collection_derive_mow5t1r8\dossier_echantillon_reference_hiftcpy9\fichier_simulation_ancien_1hlvcknn.odt
               Does not yet exist on server.
               UPLOADED as: MD5:5dc23840fc813bdf075b2a250ee4cabd
CURRENT TOTAL: 53 files :287533060 bytes

PROCESSING(F): D:\projets_perso\fakeDataset\datasets_generes\fake_dataset_20260623_162735_vvo4b\dossier_collection_derive_mow5t1r8\dossier_echantillon_reference_hiftcpy9\fichier_simulation_qualite_txh1y6dy.gz
               Does not yet exist on server.
               UPLOADED as: MD5:c728039b2db2df65d91e2387f29bc5cf
CURRENT TOTAL: 54 files :288536828 bytes

PROCESSING(F): D:\projets_perso\fakeDataset\datasets_generes\fake_dataset_20260623_162735_vvo4b\dossier_collection_derive_mow5t1r8\dossier_echantillon_reference_hiftcpy9\fichier_simulation_reference_pwlmsp36.mp4
               Does not yet exist on server.
               UPLOADED as: MD5:c8ac28438db997a7664dc11fedcb8ff9
CURRENT TOTAL: 55 files :289536828 bytes

PROCESSING(F): D:\projets_perso\fakeDataset\datasets_generes\fake_dataset_20260623_162735_vvo4b\dossier_collection_derive_mow5t1r8\dossier_echantillon_reference_hiftcpy9\fichier_spectre_complet_y3lfeegm.tiff
               Does not yet exist on server.
               UPLOADED as: MD5:a893ed23e4170681326caf65a41fa0b3
CURRENT TOTAL: 56 files :290536828 bytes

PROCESSING(F): D:\projets_perso\fakeDataset\datasets_generes\fake_dataset_20260623_162735_vvo4b\dossier_collection_derive_mow5t1r8\dossier_echantillon_reference_hiftcpy9\fichier_spectre_controle_3ehj8g86.xlsb
               Does not yet exist on server.
               UPLOADED as: MD5:4abc4fe342ce2223207b601b7e0e175a
CURRENT TOTAL: 57 files :291536828 bytes
Dataset locked - waiting...
Dataset locked - waiting...
Dataset locked - waiting...
Dataset locked - waiting...
Dataset locked - waiting...
Dataset locked - waiting...
Dataset locked - waiting...
Dataset locked - waiting...
Dataset locked - waiting...
Dataset locked - waiting...
Dataset locked - waiting...
Dataset locked - waiting...
Dataset locked - waiting...
Dataset locked - waiting...
Dataset locked - waiting...
Dataset locked - waiting...
Dataset locked - waiting...
Dataset locked - waiting...
Dataset locked - waiting...
Dataset locked - waiting...
Dataset locked - waiting...
Dataset locked - waiting...
Dataset locked - waiting...
Dataset locked - waiting...
Dataset locked - waiting...
Dataset locked - waiting...
Dataset locked - waiting...
Dataset locked - waiting...
Dataset locked - waiting...
Dataset locked - waiting...
Dataset locked - waiting...
Dataset locked - waiting...
Dataset locked - waiting...
Dataset locked - waiting...
Dataset locked - waiting...
Dataset locked - waiting...
Dataset locked - waiting...
Dataset locked - waiting...
Dataset locked - waiting...
Dataset locked - waiting...
Dataset locked - waiting...
Dataset locked - waiting...
Dataset locked - waiting...
Dataset locked - waiting...
Dataset locked - waiting...
Dataset locked - waiting...
Dataset locked - waiting...
Dataset locked - waiting...
Dataset locked - waiting...
Dataset locked - waiting...
Dataset locked - waiting...
Dataset locked - waiting...
Dataset locked - waiting...
Dataset locked - waiting...
Dataset locked - waiting...
Dataset locked - waiting...
Dataset locked - waiting...
Dataset locked - waiting...
Dataset locked - waiting...
Dataset locked - waiting...
Dataset locked - waiting...
31 files successfully added from this folder
Dataset locked - waiting...
Dataset locked - waiting...
Dataset locked - waiting...
Dataset locked - waiting...
Dataset locked - waiting...
Dataset locked - waiting...
Dataset locked - waiting...
Dataset locked - waiting...
Dataset locked - waiting...
Dataset locked - waiting...
Dataset locked - waiting...
Dataset locked - waiting...
Dataset locked - waiting...
Dataset locked - waiting...
Dataset locked - waiting...
Dataset locked - waiting...
Dataset locked - waiting...
Dataset locked - waiting...
Dataset locked - waiting...
Dataset locked - waiting...
Dataset locked - waiting...
Dataset locked - waiting...
Dataset locked - waiting...
Dataset locked - waiting...
Dataset locked - waiting...
Dataset locked - waiting...
Dataset locked - waiting...
Dataset locked - waiting...
Dataset locked - waiting...
Dataset locked - waiting...
Dataset locked - waiting...
Dataset locked - waiting...
Dataset locked - waiting...
Dataset locked - waiting...
Dataset locked - waiting...
Dataset locked - waiting...
Dataset locked - waiting...
Dataset locked - waiting...
Dataset locked - waiting...
Dataset locked - waiting...
Dataset locked - waiting...
Dataset locked - waiting...
Dataset locked - waiting...
Dataset locked - waiting...
Dataset locked - waiting...
Dataset locked - waiting...
Dataset locked - waiting...
Dataset locked - waiting...
Dataset locked - waiting...
Dataset locked - waiting...
Dataset locked - waiting...
Dataset locked - waiting...
Dataset locked - waiting...
Dataset locked - waiting...
Dataset locked - waiting...
Dataset locked - waiting...
Dataset locked - waiting...
Dataset locked - waiting...
Dataset locked - waiting...
Dataset locked - waiting...
Dataset locked - waiting...

PROCESSING(D): dossier_simulation_qualite_i66fgmdv
              Does not exist on server.
Preproc: dossier_simulation_qualite_i66fgmdv

PROCESSING(D): dossier_observation_principal_z5xcyl18
              Does not exist on server.
Preproc: dossier_observation_principal_z5xcyl18

PROCESSING(F): D:\projets_perso\fakeDataset\datasets_generes\fake_dataset_20260623_162735_vvo4b\dossier_collection_derive_mow5t1r8\dossier_simulation_qualite_i66fgmdv\dossier_observation_principal_z5xcyl18\fichier_analyse_brut_9v39qwvd.wav
               Does not yet exist on server.
               UPLOADED as: MD5:1388edc8fea376d349b2a034e5026479
CURRENT TOTAL: 58 files :292536845 bytes

PROCESSING(F): D:\projets_perso\fakeDataset\datasets_generes\fake_dataset_20260623_162735_vvo4b\dossier_collection_derive_mow5t1r8\dossier_simulation_qualite_i66fgmdv\dossier_observation_principal_z5xcyl18\fichier_analyse_complet_ghxw21ua.csv
               Does not yet exist on server.
               UPLOADED as: MD5:96488f23f42e07be2edbd07eebe6e7d6
CURRENT TOTAL: 59 files :293536845 bytes

PROCESSING(F): D:\projets_perso\fakeDataset\datasets_generes\fake_dataset_20260623_162735_vvo4b\dossier_collection_derive_mow5t1r8\dossier_simulation_qualite_i66fgmdv\dossier_observation_principal_z5xcyl18\fichier_archive_complet_g9xpkrdd.xml
               Does not yet exist on server.
               UPLOADED as: MD5:91a31c8d9befaa70b058d225db0ebbfe
CURRENT TOTAL: 60 files :294536845 bytes

PROCESSING(F): D:\projets_perso\fakeDataset\datasets_generes\fake_dataset_20260623_162735_vvo4b\dossier_collection_derive_mow5t1r8\dossier_simulation_qualite_i66fgmdv\dossier_observation_principal_z5xcyl18\fichier_atlas_annexe_qhujd2a1.rdata
               Does not yet exist on server.
               UPLOADED as: MD5:68b57d592d818865175876c8dd84d3d5
CURRENT TOTAL: 61 files :295536845 bytes

PROCESSING(F): D:\projets_perso\fakeDataset\datasets_generes\fake_dataset_20260623_162735_vvo4b\dossier_collection_derive_mow5t1r8\dossier_simulation_qualite_i66fgmdv\dossier_observation_principal_z5xcyl18\fichier_atlas_initial_yfshc0nh.xlsm
               Does not yet exist on server.
               UPLOADED as: MD5:9040718c7f623b33b67ddf14521d6b60
CURRENT TOTAL: 62 files :297103668 bytes

PROCESSING(F): D:\projets_perso\fakeDataset\datasets_generes\fake_dataset_20260623_162735_vvo4b\dossier_collection_derive_mow5t1r8\dossier_simulation_qualite_i66fgmdv\dossier_observation_principal_z5xcyl18\fichier_biologie_annexe_6rqovrkk.json
               Does not yet exist on server.
               UPLOADED as: MD5:2298e1102044cfd34ca83b644e4cfa46
CURRENT TOTAL: 63 files :298104202 bytes

PROCESSING(F): D:\projets_perso\fakeDataset\datasets_generes\fake_dataset_20260623_162735_vvo4b\dossier_collection_derive_mow5t1r8\dossier_simulation_qualite_i66fgmdv\dossier_observation_principal_z5xcyl18\fichier_biologie_complet_vn4k16dz.odt
               Does not yet exist on server.
               UPLOADED as: MD5:22841c6c6232525fe13664eaeff9ac45
CURRENT TOTAL: 64 files :299104202 bytes

PROCESSING(F): D:\projets_perso\fakeDataset\datasets_generes\fake_dataset_20260623_162735_vvo4b\dossier_collection_derive_mow5t1r8\dossier_simulation_qualite_i66fgmdv\dossier_observation_principal_z5xcyl18\fichier_capteur_brut_eyntvgyv.gz
               Does not yet exist on server.
               UPLOADED as: MD5:20f8b54c62ab8f6d466297763739db63
CURRENT TOTAL: 65 files :300104202 bytes

PROCESSING(F): D:\projets_perso\fakeDataset\datasets_generes\fake_dataset_20260623_162735_vvo4b\dossier_collection_derive_mow5t1r8\dossier_simulation_qualite_i66fgmdv\dossier_observation_principal_z5xcyl18\fichier_cartographie_final_crlzzaay.doc
               Does not yet exist on server.
               UPLOADED as: MD5:2f82c6a937535d4db73efa1594e7ab13
CURRENT TOTAL: 66 files :301104202 bytes

PROCESSING(F): D:\projets_perso\fakeDataset\datasets_generes\fake_dataset_20260623_162735_vvo4b\dossier_collection_derive_mow5t1r8\dossier_simulation_qualite_i66fgmdv\dossier_observation_principal_z5xcyl18\fichier_climat_regional_zljj9iyl.jsonl
               Does not yet exist on server.
               UPLOADED as: MD5:18f3cc1bba21c489cb0fb5d58a7246b7
CURRENT TOTAL: 67 files :302104202 bytes

PROCESSING(F): D:\projets_perso\fakeDataset\datasets_generes\fake_dataset_20260623_162735_vvo4b\dossier_collection_derive_mow5t1r8\dossier_simulation_qualite_i66fgmdv\dossier_observation_principal_z5xcyl18\fichier_cohorte_calibre_wjer3jau.xml
               Does not yet exist on server.
               UPLOADED as: MD5:bb29399bde67c9ca3c97818500574b1e
CURRENT TOTAL: 68 files :303104202 bytes

PROCESSING(F): D:\projets_perso\fakeDataset\datasets_generes\fake_dataset_20260623_162735_vvo4b\dossier_collection_derive_mow5t1r8\dossier_simulation_qualite_i66fgmdv\dossier_observation_principal_z5xcyl18\fichier_collection_final_b4kszzex.xml
               Does not yet exist on server.
               UPLOADED as: MD5:0d5b749c58bc3af2b0d69fea85a67dde
CURRENT TOTAL: 69 files :304104202 bytes

PROCESSING(F): D:\projets_perso\fakeDataset\datasets_generes\fake_dataset_20260623_162735_vvo4b\dossier_collection_derive_mow5t1r8\dossier_simulation_qualite_i66fgmdv\dossier_observation_principal_z5xcyl18\fichier_collection_local_0r27xoul.hdf5
               Does not yet exist on server.
               UPLOADED as: MD5:60c1db3022fdf38cdc186a99fb2e01cc
CURRENT TOTAL: 70 files :305104239 bytes

PROCESSING(F): D:\projets_perso\fakeDataset\datasets_generes\fake_dataset_20260623_162735_vvo4b\dossier_collection_derive_mow5t1r8\dossier_simulation_qualite_i66fgmdv\dossier_observation_principal_z5xcyl18\fichier_echantillon_intermediaire_s20valog.rtf
               Does not yet exist on server.
               UPLOADED as: MD5:0316b5197c599ada3428f063fbd3949f
CURRENT TOTAL: 71 files :306104239 bytes

PROCESSING(F): D:\projets_perso\fakeDataset\datasets_generes\fake_dataset_20260623_162735_vvo4b\dossier_collection_derive_mow5t1r8\dossier_simulation_qualite_i66fgmdv\dossier_observation_principal_z5xcyl18\fichier_experience_annexe_r3ektop9.feather
               Does not yet exist on server.
               UPLOADED as: MD5:1eeb3388af843c3b3709412310eb5f32
CURRENT TOTAL: 72 files :307104239 bytes

PROCESSING(F): D:\projets_perso\fakeDataset\datasets_generes\fake_dataset_20260623_162735_vvo4b\dossier_collection_derive_mow5t1r8\dossier_simulation_qualite_i66fgmdv\dossier_observation_principal_z5xcyl18\fichier_imagerie_complet_td698pej.h5
               Does not yet exist on server.
               UPLOADED as: MD5:04cbc06d02a7c2e80065c90554596996
CURRENT TOTAL: 73 files :308104239 bytes

PROCESSING(F): D:\projets_perso\fakeDataset\datasets_generes\fake_dataset_20260623_162735_vvo4b\dossier_collection_derive_mow5t1r8\dossier_simulation_qualite_i66fgmdv\dossier_observation_principal_z5xcyl18\fichier_inventaire_qualite_q4br635v.xls
               Does not yet exist on server.
               UPLOADED as: MD5:966806c43a3d34a81cd1ef2fe965d584
CURRENT TOTAL: 74 files :309104239 bytes

PROCESSING(F): D:\projets_perso\fakeDataset\datasets_generes\fake_dataset_20260623_162735_vvo4b\dossier_collection_derive_mow5t1r8\dossier_simulation_qualite_i66fgmdv\dossier_observation_principal_z5xcyl18\fichier_mesure_ancien_8mkq3hwl.yaml
               Does not yet exist on server.
               UPLOADED as: MD5:70ae998d56cb1e90534f61529098dd3c
CURRENT TOTAL: 75 files :310104239 bytes

PROCESSING(F): D:\projets_perso\fakeDataset\datasets_generes\fake_dataset_20260623_162735_vvo4b\dossier_collection_derive_mow5t1r8\dossier_simulation_qualite_i66fgmdv\dossier_observation_principal_z5xcyl18\fichier_mesure_local_mkxxzpku.yaml
               Does not yet exist on server.
               UPLOADED as: MD5:c8e951498cda733c1a6b8db4ff853fe7
CURRENT TOTAL: 76 files :311104239 bytes

PROCESSING(F): D:\projets_perso\fakeDataset\datasets_generes\fake_dataset_20260623_162735_vvo4b\dossier_collection_derive_mow5t1r8\dossier_simulation_qualite_i66fgmdv\dossier_observation_principal_z5xcyl18\fichier_observation_central_xeb29tr6.yaml
               Does not yet exist on server.
               UPLOADED as: MD5:e4e5dd73f776b6174a9a538ce51f6800
CURRENT TOTAL: 77 files :312104239 bytes

PROCESSING(F): D:\projets_perso\fakeDataset\datasets_generes\fake_dataset_20260623_162735_vvo4b\dossier_collection_derive_mow5t1r8\dossier_simulation_qualite_i66fgmdv\dossier_observation_principal_z5xcyl18\fichier_resultat_calibre_4tcxat8x.hdf5
               Does not yet exist on server.
               UPLOADED as: MD5:db752af194ccc190f08d361ae9db43e9
CURRENT TOTAL: 78 files :313104239 bytes

PROCESSING(F): D:\projets_perso\fakeDataset\datasets_generes\fake_dataset_20260623_162735_vvo4b\dossier_collection_derive_mow5t1r8\dossier_simulation_qualite_i66fgmdv\dossier_observation_principal_z5xcyl18\fichier_resultat_intermediaire_nwdd6twn.npz
               Does not yet exist on server.
               UPLOADED as: MD5:b56c6ce523418657066e2148c1cd7114
CURRENT TOTAL: 79 files :314104239 bytes

PROCESSING(F): D:\projets_perso\fakeDataset\datasets_generes\fake_dataset_20260623_162735_vvo4b\dossier_collection_derive_mow5t1r8\dossier_simulation_qualite_i66fgmdv\dossier_observation_principal_z5xcyl18\fichier_simulation_derive_y50gow2p.h5
               Does not yet exist on server.
               UPLOADED as: MD5:2d2b22de453d3ab85642dcf557526671
CURRENT TOTAL: 80 files :315104239 bytes
Dataset locked - waiting...
Dataset locked - waiting...
Dataset locked - waiting...
Dataset locked - waiting...
Dataset locked - waiting...
Dataset locked - waiting...
Dataset locked - waiting...
Dataset locked - waiting...
Dataset locked - waiting...
Dataset locked - waiting...
Dataset locked - waiting...
Dataset locked - waiting...
Dataset locked - waiting...
Dataset locked - waiting...
Dataset locked - waiting...
Dataset locked - waiting...
Dataset locked - waiting...
Dataset locked - waiting...
Dataset locked - waiting...
Dataset locked - waiting...
Dataset locked - waiting...
Dataset locked - waiting...
Dataset locked - waiting...
Dataset locked - waiting...
Dataset locked - waiting...
Dataset locked - waiting...
Dataset locked - waiting...
Dataset locked - waiting...
Dataset locked - waiting...
Dataset locked - waiting...
Dataset locked - waiting...
Dataset locked - waiting...
Dataset locked - waiting...
Dataset locked - waiting...
Dataset locked - waiting...
Dataset locked - waiting...
Dataset locked - waiting...
Dataset locked - waiting...
Dataset locked - waiting...
Dataset locked - waiting...
Dataset locked - waiting...
Dataset locked - waiting...
Dataset locked - waiting...
Dataset locked - waiting...
Dataset locked - waiting...
Dataset locked - waiting...
Dataset locked - waiting...
Dataset locked - waiting...
Dataset locked - waiting...
Dataset locked - waiting...
Dataset locked - waiting...
Dataset locked - waiting...
Dataset locked - waiting...
Dataset locked - waiting...
Dataset locked - waiting...
Dataset locked - waiting...
Dataset locked - waiting...
Dataset locked - waiting...
Dataset locked - waiting...
Dataset locked - waiting...
Dataset locked - waiting...
23 files successfully added from this folder
Dataset locked - waiting...
Dataset locked - waiting...
Dataset locked - waiting...
Dataset locked - waiting...
Dataset locked - waiting...
Dataset locked - waiting...
Dataset locked - waiting...
Dataset locked - waiting...
Dataset locked - waiting...
Dataset locked - waiting...
Dataset locked - waiting...
Dataset locked - waiting...
Dataset locked - waiting...
Dataset locked - waiting...
Dataset locked - waiting...
Dataset locked - waiting...
Dataset locked - waiting...
Dataset locked - waiting...
Dataset locked - waiting...
Dataset locked - waiting...
Dataset locked - waiting...
Dataset locked - waiting...
Dataset locked - waiting...
Dataset locked - waiting...
Dataset locked - waiting...
Dataset locked - waiting...

PROCESSING(F): D:\projets_perso\fakeDataset\datasets_generes\fake_dataset_20260623_162735_vvo4b\dossier_collection_derive_mow5t1r8\dossier_simulation_qualite_i66fgmdv\fichier_analyse_reference_e853786w.zip
               Does not yet exist on server.
               UPLOADED as: MD5:2cc4ba5ddf6d956ceda3e3a94ca36a48
CURRENT TOTAL: 81 files :316104239 bytes

PROCESSING(F): D:\projets_perso\fakeDataset\datasets_generes\fake_dataset_20260623_162735_vvo4b\dossier_collection_derive_mow5t1r8\dossier_simulation_qualite_i66fgmdv\fichier_atlas_ancien_sqfq1jga.sav
               Does not yet exist on server.
               UPLOADED as: MD5:8442acde8e57b022fbc9571230b5191a
CURRENT TOTAL: 82 files :317104239 bytes

PROCESSING(F): D:\projets_perso\fakeDataset\datasets_generes\fake_dataset_20260623_162735_vvo4b\dossier_collection_derive_mow5t1r8\dossier_simulation_qualite_i66fgmdv\fichier_atlas_derive_77xlxjmg.mat
               Does not yet exist on server.
               UPLOADED as: MD5:12b02db774104121f34d5e7cd59ebb14
CURRENT TOTAL: 83 files :318104239 bytes

PROCESSING(F): D:\projets_perso\fakeDataset\datasets_generes\fake_dataset_20260623_162735_vvo4b\dossier_collection_derive_mow5t1r8\dossier_simulation_qualite_i66fgmdv\fichier_atlas_temporel_ydxgfxsw.dcm
               Does not yet exist on server.
               UPLOADED as: MD5:1d12cae86b4efbb5e1dcb75515be74da
CURRENT TOTAL: 84 files :319104239 bytes

PROCESSING(F): D:\projets_perso\fakeDataset\datasets_generes\fake_dataset_20260623_162735_vvo4b\dossier_collection_derive_mow5t1r8\dossier_simulation_qualite_i66fgmdv\fichier_capteur_final_35b1wp09.rtf
               Does not yet exist on server.
               UPLOADED as: MD5:e7b1d72d6f811184ce52558ec7f2ab49
CURRENT TOTAL: 85 files :320104239 bytes

PROCESSING(F): D:\projets_perso\fakeDataset\datasets_generes\fake_dataset_20260623_162735_vvo4b\dossier_collection_derive_mow5t1r8\dossier_simulation_qualite_i66fgmdv\fichier_cellule_brut_sbccs6x3.rdata
               Does not yet exist on server.
               UPLOADED as: MD5:42c5cc2088ef7383a2f9802882a4a2d4
CURRENT TOTAL: 86 files :332377645 bytes

PROCESSING(F): D:\projets_perso\fakeDataset\datasets_generes\fake_dataset_20260623_162735_vvo4b\dossier_collection_derive_mow5t1r8\dossier_simulation_qualite_i66fgmdv\fichier_cellule_reference_qz2dpimx.wav
               Does not yet exist on server.
               UPLOADED as: MD5:912813c0c6c7f20dc5ad4095cadadd5e
CURRENT TOTAL: 87 files :333377645 bytes

PROCESSING(F): D:\projets_perso\fakeDataset\datasets_generes\fake_dataset_20260623_162735_vvo4b\dossier_collection_derive_mow5t1r8\dossier_simulation_qualite_i66fgmdv\fichier_climat_ancien_qz7w7mtm.rtf
               Does not yet exist on server.
               UPLOADED as: MD5:2a399d6ec17af1c5b3369c41085b0d4c
CURRENT TOTAL: 88 files :334377645 bytes

PROCESSING(F): D:\projets_perso\fakeDataset\datasets_generes\fake_dataset_20260623_162735_vvo4b\dossier_collection_derive_mow5t1r8\dossier_simulation_qualite_i66fgmdv\fichier_climat_local_zvr0iwdv.txt
               Does not yet exist on server.
               UPLOADED as: MD5:ee36ff24fb8fa1034bf47e48570a66da
CURRENT TOTAL: 89 files :335377645 bytes

PROCESSING(F): D:\projets_perso\fakeDataset\datasets_generes\fake_dataset_20260623_162735_vvo4b\dossier_collection_derive_mow5t1r8\dossier_simulation_qualite_i66fgmdv\fichier_cohorte_complet_vax0rmh6.xlsb
               Does not yet exist on server.
               UPLOADED as: MD5:bf4b6e9f9e82396e28f692fb71e153aa
CURRENT TOTAL: 90 files :336377645 bytes

PROCESSING(F): D:\projets_perso\fakeDataset\datasets_generes\fake_dataset_20260623_162735_vvo4b\dossier_collection_derive_mow5t1r8\dossier_simulation_qualite_i66fgmdv\fichier_collection_local_65pck88p.xlsm
               Does not yet exist on server.
               UPLOADED as: MD5:a3a239a690252c4cb73143b325bbe78e
CURRENT TOTAL: 91 files :337377645 bytes

PROCESSING(F): D:\projets_perso\fakeDataset\datasets_generes\fake_dataset_20260623_162735_vvo4b\dossier_collection_derive_mow5t1r8\dossier_simulation_qualite_i66fgmdv\fichier_echantillon_regional_orl45tue.png
               Does not yet exist on server.
               UPLOADED as: MD5:d99e8c7af278b7e41da1e0fa5785569a
CURRENT TOTAL: 92 files :338377645 bytes

PROCESSING(F): D:\projets_perso\fakeDataset\datasets_generes\fake_dataset_20260623_162735_vvo4b\dossier_collection_derive_mow5t1r8\dossier_simulation_qualite_i66fgmdv\fichier_echantillon_temporel_8ir6h49d.rdata
               Does not yet exist on server.
               UPLOADED as: MD5:185fc26e4d8c005f076da2044b7db857
CURRENT TOTAL: 93 files :339377645 bytes

PROCESSING(F): D:\projets_perso\fakeDataset\datasets_generes\fake_dataset_20260623_162735_vvo4b\dossier_collection_derive_mow5t1r8\dossier_simulation_qualite_i66fgmdv\fichier_imagerie_brut_9zpumqnd.xml
               Does not yet exist on server.
               UPLOADED as: MD5:af4554c9aabc372673a597b3816311dc
CURRENT TOTAL: 94 files :340377645 bytes

PROCESSING(F): D:\projets_perso\fakeDataset\datasets_generes\fake_dataset_20260623_162735_vvo4b\dossier_collection_derive_mow5t1r8\dossier_simulation_qualite_i66fgmdv\fichier_imagerie_regional_fdghcot3.ods
               Does not yet exist on server.
               UPLOADED as: MD5:cff9dadfb556badaa9ca4b30e73436be
CURRENT TOTAL: 95 files :341377645 bytes

PROCESSING(F): D:\projets_perso\fakeDataset\datasets_generes\fake_dataset_20260623_162735_vvo4b\dossier_collection_derive_mow5t1r8\dossier_simulation_qualite_i66fgmdv\fichier_inventaire_derive_zp2svwb6.gz
               Does not yet exist on server.
               UPLOADED as: MD5:2f396eba031b8317bcf4f05e776e6648
CURRENT TOTAL: 96 files :342377645 bytes

PROCESSING(F): D:\projets_perso\fakeDataset\datasets_generes\fake_dataset_20260623_162735_vvo4b\dossier_collection_derive_mow5t1r8\dossier_simulation_qualite_i66fgmdv\fichier_mesure_brut_78ngjwx2.dcm
               Does not yet exist on server.
               UPLOADED as: MD5:c518cd9c4309b32a059bc0e0800069d1
CURRENT TOTAL: 97 files :343377645 bytes

PROCESSING(F): D:\projets_perso\fakeDataset\datasets_generes\fake_dataset_20260623_162735_vvo4b\dossier_collection_derive_mow5t1r8\dossier_simulation_qualite_i66fgmdv\fichier_mesure_calibre_x6pg6m97.zip
               Does not yet exist on server.
               UPLOADED as: MD5:515bb78d0cfe09c01569e31bd9260c68
CURRENT TOTAL: 98 files :344377645 bytes

PROCESSING(F): D:\projets_perso\fakeDataset\datasets_generes\fake_dataset_20260623_162735_vvo4b\dossier_collection_derive_mow5t1r8\dossier_simulation_qualite_i66fgmdv\fichier_protocole_calibre_x8xmmyks.tsv
               Does not yet exist on server.
               UPLOADED as: MD5:70ad01949652b3c23f256725ffbe1d24
CURRENT TOTAL: 99 files :345377645 bytes

PROCESSING(F): D:\projets_perso\fakeDataset\datasets_generes\fake_dataset_20260623_162735_vvo4b\dossier_collection_derive_mow5t1r8\dossier_simulation_qualite_i66fgmdv\fichier_resultat_central_6qroz9hi.xlsx
               Does not yet exist on server.
               UPLOADED as: MD5:b2542e49f62e2424ac803f94c5b6a1e8
CURRENT TOTAL: 100 files :346377645 bytes

PROCESSING(F): D:\projets_perso\fakeDataset\datasets_generes\fake_dataset_20260623_162735_vvo4b\dossier_collection_derive_mow5t1r8\dossier_simulation_qualite_i66fgmdv\fichier_resultat_valide_lmlmrpjp.docx
               Does not yet exist on server.
               UPLOADED as: MD5:f2090554743fdd30646fcb37e0c27e1b
CURRENT TOTAL: 101 files :347377645 bytes

PROCESSING(F): D:\projets_perso\fakeDataset\datasets_generes\fake_dataset_20260623_162735_vvo4b\dossier_collection_derive_mow5t1r8\dossier_simulation_qualite_i66fgmdv\fichier_serie_annexe_7s7zk6ms.svg
               Does not yet exist on server.
               UPLOADED as: MD5:7cb31f9835f9ed46f0b2ddfe132d7005
CURRENT TOTAL: 102 files :348377645 bytes

PROCESSING(F): D:\projets_perso\fakeDataset\datasets_generes\fake_dataset_20260623_162735_vvo4b\dossier_collection_derive_mow5t1r8\dossier_simulation_qualite_i66fgmdv\fichier_simulation_principal_gzfr6e9d.npy
               Does not yet exist on server.
               UPLOADED as: MD5:d44301cfa269afd6005ed2dbc7c6ae4c
CURRENT TOTAL: 103 files :349377645 bytes

PROCESSING(F): D:\projets_perso\fakeDataset\datasets_generes\fake_dataset_20260623_162735_vvo4b\dossier_collection_derive_mow5t1r8\dossier_simulation_qualite_i66fgmdv\fichier_simulation_regional_jjxbhqxf.xlsb
               Does not yet exist on server.
               UPLOADED as: MD5:dd1db9c5e612a3f954948ea48f2fba05
CURRENT TOTAL: 104 files :350377645 bytes

PROCESSING(F): D:\projets_perso\fakeDataset\datasets_generes\fake_dataset_20260623_162735_vvo4b\dossier_collection_derive_mow5t1r8\dossier_simulation_qualite_i66fgmdv\fichier_spectre_complet_uqpcjqbg.yaml
               Does not yet exist on server.
               UPLOADED as: MD5:449901965575ee777f0e149c6f8a7e7b
CURRENT TOTAL: 105 files :351377645 bytes

PROCESSING(F): D:\projets_perso\fakeDataset\datasets_generes\fake_dataset_20260623_162735_vvo4b\dossier_collection_derive_mow5t1r8\dossier_simulation_qualite_i66fgmdv\fichier_spectre_principal_0t8hi86z.zip
               Does not yet exist on server.
               UPLOADED as: MD5:5e00cc2efaa3cc2bdb7cd26c1ab72dfa
CURRENT TOTAL: 106 files :352400517 bytes

PROCESSING(F): D:\projets_perso\fakeDataset\datasets_generes\fake_dataset_20260623_162735_vvo4b\dossier_collection_derive_mow5t1r8\dossier_simulation_qualite_i66fgmdv\fichier_terrain_principal_rpmw0u0m.jpg
               Does not yet exist on server.
               UPLOADED as: MD5:acc903a3c6ac12020e71b7af99e8a519
CURRENT TOTAL: 107 files :353400517 bytes
27 files successfully added from this folder
Dataset locked - waiting...
Dataset locked - waiting...
Dataset locked - waiting...
Dataset locked - waiting...
Dataset locked - waiting...
Dataset locked - waiting...
Dataset locked - waiting...
Dataset locked - waiting...
Dataset locked - waiting...
Dataset locked - waiting...
Dataset locked - waiting...
Dataset locked - waiting...
Dataset locked - waiting...
Dataset locked - waiting...
Dataset locked - waiting...
Dataset locked - waiting...
Dataset locked - waiting...
Dataset locked - waiting...
Dataset locked - waiting...
Dataset locked - waiting...
Dataset locked - waiting...
Dataset locked - waiting...
Dataset locked - waiting...
Dataset locked - waiting...
Dataset locked - waiting...
Dataset locked - waiting...
Dataset locked - waiting...
Dataset locked - waiting...
Dataset locked - waiting...
Dataset locked - waiting...
Dataset locked - waiting...
Dataset locked - waiting...
Dataset locked - waiting...
Dataset locked - waiting...
Dataset locked - waiting...
Dataset locked - waiting...
Dataset locked - waiting...
Dataset locked - waiting...
Dataset locked - waiting...
Dataset locked - waiting...
Dataset locked - waiting...
Dataset locked - waiting...
Dataset locked - waiting...
Dataset locked - waiting...
Dataset locked - waiting...
Dataset locked - waiting...
Dataset locked - waiting...
Dataset locked - waiting...
Dataset locked - waiting...
Dataset locked - waiting...
Dataset locked - waiting...
Dataset locked - waiting...
Dataset locked - waiting...
Dataset locked - waiting...
Dataset locked - waiting...
Dataset locked - waiting...
Dataset locked - waiting...
Dataset locked - waiting...
Dataset locked - waiting...
Dataset locked - waiting...
Dataset locked - waiting...

PROCESSING(F): D:\projets_perso\fakeDataset\datasets_generes\fake_dataset_20260623_162735_vvo4b\dossier_collection_derive_mow5t1r8\fichier_analyse_final_avurmqoy.xlsb
               Does not yet exist on server.
               UPLOADED as: MD5:09f86fd217f82ccda5d716f24ba81d06
CURRENT TOTAL: 108 files :354400517 bytes

PROCESSING(F): D:\projets_perso\fakeDataset\datasets_generes\fake_dataset_20260623_162735_vvo4b\dossier_collection_derive_mow5t1r8\fichier_analyse_valide_mn8sc28m.xls
               Does not yet exist on server.
               UPLOADED as: MD5:f2c8d14c7ee8a38c1a4ffbd2ff520975
CURRENT TOTAL: 109 files :355400517 bytes

PROCESSING(F): D:\projets_perso\fakeDataset\datasets_generes\fake_dataset_20260623_162735_vvo4b\dossier_collection_derive_mow5t1r8\fichier_archive_derive_rnmsh5ad.tar
               Does not yet exist on server.
               UPLOADED as: MD5:318c42465d2cc33b041c31a226f2a994
CURRENT TOTAL: 110 files :356400517 bytes

PROCESSING(F): D:\projets_perso\fakeDataset\datasets_generes\fake_dataset_20260623_162735_vvo4b\dossier_collection_derive_mow5t1r8\fichier_atlas_brut_y7hkl6gi.h5
               Does not yet exist on server.
               UPLOADED as: MD5:4a8108339be9a8c4f901ee2989356ee4
CURRENT TOTAL: 111 files :357400517 bytes

PROCESSING(F): D:\projets_perso\fakeDataset\datasets_generes\fake_dataset_20260623_162735_vvo4b\dossier_collection_derive_mow5t1r8\fichier_atlas_qualite_urxu0jgl.jsonl
               Does not yet exist on server.
               UPLOADED as: MD5:66beb088ea3a30ab327a7b8d4f6a0b29
CURRENT TOTAL: 112 files :358400517 bytes

PROCESSING(F): D:\projets_perso\fakeDataset\datasets_generes\fake_dataset_20260623_162735_vvo4b\dossier_collection_derive_mow5t1r8\fichier_campagne_initial_opemvswa.xls
               Does not yet exist on server.
               UPLOADED as: MD5:db52262d9f4e215bd9731ba4de4dfe79
CURRENT TOTAL: 113 files :359400517 bytes

PROCESSING(F): D:\projets_perso\fakeDataset\datasets_generes\fake_dataset_20260623_162735_vvo4b\dossier_collection_derive_mow5t1r8\fichier_capteur_principal_dtohqndq.parquet
               Does not yet exist on server.
               UPLOADED as: MD5:5a874f0808c8da48837703f72360de21
CURRENT TOTAL: 114 files :360400517 bytes

PROCESSING(F): D:\projets_perso\fakeDataset\datasets_generes\fake_dataset_20260623_162735_vvo4b\dossier_collection_derive_mow5t1r8\fichier_capteur_principal_vfa1lvit.feather
               Does not yet exist on server.
               UPLOADED as: MD5:601d2d699b79f83124d3d8a7c0ebcf3f
CURRENT TOTAL: 115 files :361400517 bytes

PROCESSING(F): D:\projets_perso\fakeDataset\datasets_generes\fake_dataset_20260623_162735_vvo4b\dossier_collection_derive_mow5t1r8\fichier_cellule_annexe_wh2aarg0.mat
               Does not yet exist on server.
               UPLOADED as: MD5:576e4b5db832a94cb30ca01fb3b757a0
CURRENT TOTAL: 116 files :362400517 bytes

PROCESSING(F): D:\projets_perso\fakeDataset\datasets_generes\fake_dataset_20260623_162735_vvo4b\dossier_collection_derive_mow5t1r8\fichier_climat_annexe_4vsizi6y.gz
               Does not yet exist on server.
               UPLOADED as: MD5:684f254b7301710334c5f309b9e7706e
CURRENT TOTAL: 117 files :363400517 bytes

PROCESSING(F): D:\projets_perso\fakeDataset\datasets_generes\fake_dataset_20260623_162735_vvo4b\dossier_collection_derive_mow5t1r8\fichier_climat_brut_96rjxn7o.zip
               Does not yet exist on server.
               UPLOADED as: MD5:5cc4e13fea56fdbe36005ee369cdbdff
CURRENT TOTAL: 118 files :364400517 bytes

PROCESSING(F): D:\projets_perso\fakeDataset\datasets_generes\fake_dataset_20260623_162735_vvo4b\dossier_collection_derive_mow5t1r8\fichier_cohorte_regional_2o0c0zcy.h5
               Does not yet exist on server.
               UPLOADED as: MD5:f7784b85b6752498afa8559ac0bb564e
CURRENT TOTAL: 119 files :365400517 bytes

PROCESSING(F): D:\projets_perso\fakeDataset\datasets_generes\fake_dataset_20260623_162735_vvo4b\dossier_collection_derive_mow5t1r8\fichier_cohorte_valide_h3a9ypz7.yaml
               Does not yet exist on server.
               UPLOADED as: MD5:bac83b196f662a9523575dce02a4f2cb
CURRENT TOTAL: 120 files :366400517 bytes

PROCESSING(F): D:\projets_perso\fakeDataset\datasets_generes\fake_dataset_20260623_162735_vvo4b\dossier_collection_derive_mow5t1r8\fichier_cohorte_valide_h68bqfq3.docx
               Does not yet exist on server.
               UPLOADED as: MD5:9c940737b1a193ab1a0c435f9db11d71
CURRENT TOTAL: 121 files :367400517 bytes

PROCESSING(F): D:\projets_perso\fakeDataset\datasets_generes\fake_dataset_20260623_162735_vvo4b\dossier_collection_derive_mow5t1r8\fichier_collection_calibre_ekw1mxik.tar
               Does not yet exist on server.
               UPLOADED as: MD5:55864cc488d5e583902e39d852fd053e
CURRENT TOTAL: 122 files :391423382 bytes

PROCESSING(F): D:\projets_perso\fakeDataset\datasets_generes\fake_dataset_20260623_162735_vvo4b\dossier_collection_derive_mow5t1r8\fichier_collection_derive_k3jxxt52.mp4
               Does not yet exist on server.
               UPLOADED as: MD5:e4783ffd86fd7fe9c646cf72725a4efc
CURRENT TOTAL: 123 files :392423382 bytes

PROCESSING(F): D:\projets_perso\fakeDataset\datasets_generes\fake_dataset_20260623_162735_vvo4b\dossier_collection_derive_mow5t1r8\fichier_collection_final_qtw6uxgm.parquet
               Does not yet exist on server.
               UPLOADED as: MD5:e86af2a123845fd56d48ac1e32edf387
CURRENT TOTAL: 124 files :393423382 bytes

PROCESSING(F): D:\projets_perso\fakeDataset\datasets_generes\fake_dataset_20260623_162735_vvo4b\dossier_collection_derive_mow5t1r8\fichier_collection_regional_ncchtfwx.docx
               Does not yet exist on server.
               UPLOADED as: MD5:d3e568939ad0d72c1d625a6384cceb54
CURRENT TOTAL: 125 files :394423382 bytes

PROCESSING(F): D:\projets_perso\fakeDataset\datasets_generes\fake_dataset_20260623_162735_vvo4b\dossier_collection_derive_mow5t1r8\fichier_echantillon_annexe_6yhhzopy.ods
               Does not yet exist on server.
               UPLOADED as: MD5:5ee3a2d9fc94b4ab25b89b069069643f
CURRENT TOTAL: 126 files :395423382 bytes

PROCESSING(F): D:\projets_perso\fakeDataset\datasets_generes\fake_dataset_20260623_162735_vvo4b\dossier_collection_derive_mow5t1r8\fichier_echantillon_central_2n1iloe6.npz
               Does not yet exist on server.
               UPLOADED as: MD5:276f544d556528f5381db7a0613c0699
CURRENT TOTAL: 127 files :396423382 bytes

PROCESSING(F): D:\projets_perso\fakeDataset\datasets_generes\fake_dataset_20260623_162735_vvo4b\dossier_collection_derive_mow5t1r8\fichier_experience_annexe_rxguojhq.rtf
               Does not yet exist on server.
               UPLOADED as: MD5:41efe70e4f39deb994d8f9f4881187e9
CURRENT TOTAL: 128 files :397423382 bytes

PROCESSING(F): D:\projets_perso\fakeDataset\datasets_generes\fake_dataset_20260623_162735_vvo4b\dossier_collection_derive_mow5t1r8\fichier_imagerie_local_5rxcc08q.sav
               Does not yet exist on server.
               UPLOADED as: MD5:7745291be292aac7db60df358b478356
CURRENT TOTAL: 129 files :643287804 bytes

PROCESSING(F): D:\projets_perso\fakeDataset\datasets_generes\fake_dataset_20260623_162735_vvo4b\dossier_collection_derive_mow5t1r8\fichier_inventaire_intermediaire_l2wc4kzv.mat
               Does not yet exist on server.
               UPLOADED as: MD5:e70298e3329e6d69ee217d787629b5cb
CURRENT TOTAL: 130 files :654707258 bytes

PROCESSING(F): D:\projets_perso\fakeDataset\datasets_generes\fake_dataset_20260623_162735_vvo4b\dossier_collection_derive_mow5t1r8\fichier_modele_regional_fbea6271.yaml
               Does not yet exist on server.
               UPLOADED as: MD5:a9b35130b53ced9aeb3116cb82426e55
CURRENT TOTAL: 131 files :655707258 bytes

PROCESSING(F): D:\projets_perso\fakeDataset\datasets_generes\fake_dataset_20260623_162735_vvo4b\dossier_collection_derive_mow5t1r8\fichier_observation_regional_t6j7pndw.tar
               Does not yet exist on server.
               UPLOADED as: MD5:3e20d8cef9583b14264f4f313e31e6ce
CURRENT TOTAL: 132 files :656707258 bytes

PROCESSING(F): D:\projets_perso\fakeDataset\datasets_generes\fake_dataset_20260623_162735_vvo4b\dossier_collection_derive_mow5t1r8\fichier_protocole_regional_1vfjo6ut.xlsm
               Does not yet exist on server.
               UPLOADED as: MD5:2b88e55f461cd657342202d11c6d702e
CURRENT TOTAL: 133 files :657707258 bytes

PROCESSING(F): D:\projets_perso\fakeDataset\datasets_generes\fake_dataset_20260623_162735_vvo4b\dossier_collection_derive_mow5t1r8\fichier_recherche_initial_ft56zwij.wav
               Does not yet exist on server.
               UPLOADED as: MD5:d5b2477c51801ca6d247f4848f68e816
CURRENT TOTAL: 134 files :658707258 bytes

PROCESSING(F): D:\projets_perso\fakeDataset\datasets_generes\fake_dataset_20260623_162735_vvo4b\dossier_collection_derive_mow5t1r8\fichier_serie_final_bjptw61o.wav
               Does not yet exist on server.
               UPLOADED as: MD5:3c0c8a09ae8ab1e56fa8cbc1b6d150ff
CURRENT TOTAL: 135 files :659707258 bytes

PROCESSING(F): D:\projets_perso\fakeDataset\datasets_generes\fake_dataset_20260623_162735_vvo4b\dossier_collection_derive_mow5t1r8\fichier_simulation_brut_dg61o2ww.doc
               Does not yet exist on server.
               UPLOADED as: MD5:b20dccd6c160747dadd3e6f3fd497a2b
CURRENT TOTAL: 136 files :660707258 bytes
Dataset locked - waiting...
Dataset locked - waiting...
Dataset locked - waiting...
Dataset locked - waiting...
Dataset locked - waiting...
Dataset locked - waiting...
Dataset locked - waiting...
Dataset locked - waiting...
Dataset locked - waiting...
Dataset locked - waiting...
Dataset locked - waiting...
Dataset locked - waiting...
Dataset locked - waiting...
Dataset locked - waiting...
Dataset locked - waiting...
Dataset locked - waiting...
Dataset locked - waiting...
Dataset locked - waiting...
Dataset locked - waiting...
Dataset locked - waiting...
Dataset locked - waiting...
Dataset locked - waiting...
Dataset locked - waiting...
Dataset locked - waiting...
Dataset locked - waiting...
Dataset locked - waiting...
Dataset locked - waiting...
Dataset locked - waiting...
Dataset locked - waiting...
Dataset locked - waiting...
Dataset locked - waiting...
Dataset locked - waiting...
Dataset locked - waiting...
Dataset locked - waiting...
Dataset locked - waiting...
Dataset locked - waiting...
Dataset locked - waiting...
29 files successfully added from this folder
Dataset locked - waiting...
Dataset locked - waiting...
Dataset locked - waiting...
Dataset locked - waiting...
Dataset locked - waiting...
Dataset locked - waiting...
Dataset locked - waiting...
Dataset locked - waiting...
Dataset locked - waiting...
Dataset locked - waiting...
Dataset locked - waiting...
Dataset locked - waiting...
Dataset locked - waiting...
Dataset locked - waiting...
Dataset locked - waiting...
Dataset locked - waiting...
Dataset locked - waiting...
Dataset locked - waiting...
Dataset locked - waiting...
Dataset locked - waiting...
Dataset locked - waiting...
Dataset locked - waiting...
Dataset locked - waiting...
Dataset locked - waiting...
Dataset locked - waiting...
Dataset locked - waiting...
Dataset locked - waiting...
Dataset locked - waiting...
Dataset locked - waiting...
Dataset locked - waiting...
Dataset locked - waiting...
Dataset locked - waiting...
Dataset locked - waiting...
Dataset locked - waiting...
Dataset locked - waiting...
Dataset locked - waiting...
Dataset locked - waiting...
Dataset locked - waiting...
Dataset locked - waiting...
Dataset locked - waiting...
Dataset locked - waiting...
Dataset locked - waiting...
Dataset locked - waiting...
Dataset locked - waiting...
Dataset locked - waiting...
Dataset locked - waiting...
Dataset locked - waiting...
Dataset locked - waiting...
Dataset locked - waiting...
Dataset locked - waiting...
Dataset locked - waiting...
Dataset locked - waiting...
Dataset locked - waiting...
Dataset locked - waiting...
Dataset locked - waiting...
Dataset locked - waiting...
Dataset locked - waiting...
Dataset locked - waiting...
Dataset locked - waiting...
Dataset locked - waiting...
Dataset locked - waiting...

PROCESSING(D): dossier_resultat_brut_lbtwvb16
              Does not exist on server.
Preproc: dossier_resultat_brut_lbtwvb16

PROCESSING(D): dossier_serie_valide_4x4vpswn
              Does not exist on server.
Preproc: dossier_serie_valide_4x4vpswn

PROCESSING(F): D:\projets_perso\fakeDataset\datasets_generes\fake_dataset_20260623_162735_vvo4b\dossier_resultat_brut_lbtwvb16\dossier_serie_valide_4x4vpswn\fichier_archive_controle_ow5c3icq.zip
               Does not yet exist on server.
               UPLOADED as: MD5:49326aa248d7914b0e06541ef5cad839
CURRENT TOTAL: 137 files :661707258 bytes

PROCESSING(F): D:\projets_perso\fakeDataset\datasets_generes\fake_dataset_20260623_162735_vvo4b\dossier_resultat_brut_lbtwvb16\dossier_serie_valide_4x4vpswn\fichier_archive_final_34c635it.hdf5
               Does not yet exist on server.
               UPLOADED as: MD5:96f6c827f1a5bb7afdf46d7a16f04d2d
CURRENT TOTAL: 138 files :662707262 bytes

PROCESSING(F): D:\projets_perso\fakeDataset\datasets_generes\fake_dataset_20260623_162735_vvo4b\dossier_resultat_brut_lbtwvb16\dossier_serie_valide_4x4vpswn\fichier_atlas_qualite_avu6258x.h5
               Does not yet exist on server.
               UPLOADED as: MD5:fcb0bbe6debf56fda76345c0aa3b2ece
CURRENT TOTAL: 139 files :663707262 bytes

PROCESSING(F): D:\projets_perso\fakeDataset\datasets_generes\fake_dataset_20260623_162735_vvo4b\dossier_resultat_brut_lbtwvb16\dossier_serie_valide_4x4vpswn\fichier_capteur_annexe_h51iqn9v.xlsx
               Does not yet exist on server.
               UPLOADED as: MD5:06b27fa331959a92ce807367b4d59236
CURRENT TOTAL: 140 files :664707262 bytes

PROCESSING(F): D:\projets_perso\fakeDataset\datasets_generes\fake_dataset_20260623_162735_vvo4b\dossier_resultat_brut_lbtwvb16\dossier_serie_valide_4x4vpswn\fichier_cartographie_final_ybel0k1r.xlsm
               Does not yet exist on server.
               UPLOADED as: MD5:7dc04ea4d862e7d63d819c42153ec8cf
CURRENT TOTAL: 141 files :665707262 bytes

PROCESSING(F): D:\projets_perso\fakeDataset\datasets_generes\fake_dataset_20260623_162735_vvo4b\dossier_resultat_brut_lbtwvb16\dossier_serie_valide_4x4vpswn\fichier_cellule_valide_5pl86fly.tiff
               Does not yet exist on server.
               UPLOADED as: MD5:406d60d0ffd1e84d3848f0f252e076c5
CURRENT TOTAL: 142 files :666707262 bytes

PROCESSING(F): D:\projets_perso\fakeDataset\datasets_generes\fake_dataset_20260623_162735_vvo4b\dossier_resultat_brut_lbtwvb16\dossier_serie_valide_4x4vpswn\fichier_climat_principal_kxpeit9x.xlsm
               Does not yet exist on server.
               UPLOADED as: MD5:c175bbb175e6f3cc31f456471706c75c
CURRENT TOTAL: 143 files :958622102 bytes

PROCESSING(F): D:\projets_perso\fakeDataset\datasets_generes\fake_dataset_20260623_162735_vvo4b\dossier_resultat_brut_lbtwvb16\dossier_serie_valide_4x4vpswn\fichier_cohorte_final_mb3kv8vd.docx
               Does not yet exist on server.
               UPLOADED as: MD5:6e1b335aa0abd0b7a65205699333ab76
CURRENT TOTAL: 144 files :959622102 bytes

PROCESSING(F): D:\projets_perso\fakeDataset\datasets_generes\fake_dataset_20260623_162735_vvo4b\dossier_resultat_brut_lbtwvb16\dossier_serie_valide_4x4vpswn\fichier_collection_controle_u1s04h1f.zip
               Does not yet exist on server.
               UPLOADED as: MD5:c896c0d874663cbe5728cd240b8f6192
CURRENT TOTAL: 145 files :960622102 bytes

PROCESSING(F): D:\projets_perso\fakeDataset\datasets_generes\fake_dataset_20260623_162735_vvo4b\dossier_resultat_brut_lbtwvb16\dossier_serie_valide_4x4vpswn\fichier_echantillon_reference_0r6z5n5u.dicom
               Does not yet exist on server.
               UPLOADED as: MD5:76d5af641dce88731f887b6de8c857e2
CURRENT TOTAL: 146 files :961622102 bytes

PROCESSING(F): D:\projets_perso\fakeDataset\datasets_generes\fake_dataset_20260623_162735_vvo4b\dossier_resultat_brut_lbtwvb16\dossier_serie_valide_4x4vpswn\fichier_echantillon_regional_vvrrgxq1.dcm
               Does not yet exist on server.
               UPLOADED as: MD5:3e2d6f399f3c6127cb9d1a0b9d2bed44
CURRENT TOTAL: 147 files :962622102 bytes

PROCESSING(F): D:\projets_perso\fakeDataset\datasets_generes\fake_dataset_20260623_162735_vvo4b\dossier_resultat_brut_lbtwvb16\dossier_serie_valide_4x4vpswn\fichier_inventaire_complet_ldl5pwy4.mat
               Does not yet exist on server.
               UPLOADED as: MD5:e53ecdc0573703830bbfa101ca282f8d
CURRENT TOTAL: 148 files :963622102 bytes

PROCESSING(F): D:\projets_perso\fakeDataset\datasets_generes\fake_dataset_20260623_162735_vvo4b\dossier_resultat_brut_lbtwvb16\dossier_serie_valide_4x4vpswn\fichier_inventaire_local_80p567gv.jsonl
               Does not yet exist on server.
               UPLOADED as: MD5:16a32db8ccc771d1fd6925adab2c0336
CURRENT TOTAL: 149 files :964622102 bytes

PROCESSING(F): D:\projets_perso\fakeDataset\datasets_generes\fake_dataset_20260623_162735_vvo4b\dossier_resultat_brut_lbtwvb16\dossier_serie_valide_4x4vpswn\fichier_observation_temporel_lpnra1tz.mp4
               Does not yet exist on server.
               UPLOADED as: MD5:3e641f63c95368ea2eea21a2c71a3475
CURRENT TOTAL: 150 files :965622102 bytes

PROCESSING(F): D:\projets_perso\fakeDataset\datasets_generes\fake_dataset_20260623_162735_vvo4b\dossier_resultat_brut_lbtwvb16\dossier_serie_valide_4x4vpswn\fichier_resultat_central_151endwb.npy
               Does not yet exist on server.
               UPLOADED as: MD5:42180640f6e00d88cfd15885b24cbf49
CURRENT TOTAL: 151 files :966622102 bytes

PROCESSING(F): D:\projets_perso\fakeDataset\datasets_generes\fake_dataset_20260623_162735_vvo4b\dossier_resultat_brut_lbtwvb16\dossier_serie_valide_4x4vpswn\fichier_resultat_intermediaire_w1hsdwag.pdf
               Does not yet exist on server.
               UPLOADED as: MD5:7c7f56434b30738b34f29e95637ff52c
CURRENT TOTAL: 152 files :967622102 bytes

PROCESSING(F): D:\projets_perso\fakeDataset\datasets_generes\fake_dataset_20260623_162735_vvo4b\dossier_resultat_brut_lbtwvb16\dossier_serie_valide_4x4vpswn\fichier_spectre_central_zuj1hk50.h5
               Does not yet exist on server.
               UPLOADED as: MD5:d38b8897ab5dedfbef8aa1157755e126
CURRENT TOTAL: 153 files :969471011 bytes

PROCESSING(F): D:\projets_perso\fakeDataset\datasets_generes\fake_dataset_20260623_162735_vvo4b\dossier_resultat_brut_lbtwvb16\dossier_serie_valide_4x4vpswn\fichier_terrain_final_lrcfx46v.pdf
               Does not yet exist on server.
               UPLOADED as: MD5:0197d51720d2af0cd1b093ced0b5b764
CURRENT TOTAL: 154 files :970471011 bytes

PROCESSING(F): D:\projets_perso\fakeDataset\datasets_generes\fake_dataset_20260623_162735_vvo4b\dossier_resultat_brut_lbtwvb16\dossier_serie_valide_4x4vpswn\fichier_terrain_qualite_i7l9qvq2.xlsb
               Does not yet exist on server.
               UPLOADED as: MD5:0c33f2fe117ce9c196f6eedb6b0f3afb
CURRENT TOTAL: 155 files :971471011 bytes
Dataset locked - waiting...
Dataset locked - waiting...
Dataset locked - waiting...
Dataset locked - waiting...
Dataset locked - waiting...
Dataset locked - waiting...
Dataset locked - waiting...
Dataset locked - waiting...
Dataset locked - waiting...
Dataset locked - waiting...
Dataset locked - waiting...
Dataset locked - waiting...
Dataset locked - waiting...
Dataset locked - waiting...
Dataset locked - waiting...
Dataset locked - waiting...
Dataset locked - waiting...
Dataset locked - waiting...
Dataset locked - waiting...
Dataset locked - waiting...
Dataset locked - waiting...
Dataset locked - waiting...
Dataset locked - waiting...
Dataset locked - waiting...
Dataset locked - waiting...
Dataset locked - waiting...
Dataset locked - waiting...
Dataset locked - waiting...
Dataset locked - waiting...
Dataset locked - waiting...
Dataset locked - waiting...
Dataset locked - waiting...
Dataset locked - waiting...
Dataset locked - waiting...
Dataset locked - waiting...
Dataset locked - waiting...
Dataset locked - waiting...
Dataset locked - waiting...
19 files successfully added from this folder
Dataset locked - waiting...
Dataset locked - waiting...
Dataset locked - waiting...
Dataset locked - waiting...
Dataset locked - waiting...
Dataset locked - waiting...
Dataset locked - waiting...
Dataset locked - waiting...
Dataset locked - waiting...
Dataset locked - waiting...
Dataset locked - waiting...
Dataset locked - waiting...
Dataset locked - waiting...
Dataset locked - waiting...
Dataset locked - waiting...
Dataset locked - waiting...
Dataset locked - waiting...
Dataset locked - waiting...
Dataset locked - waiting...
Dataset locked - waiting...
Dataset locked - waiting...
Dataset locked - waiting...
Dataset locked - waiting...
Dataset locked - waiting...
Dataset locked - waiting...
Dataset locked - waiting...
Dataset locked - waiting...
Dataset locked - waiting...
Dataset locked - waiting...
Dataset locked - waiting...
Dataset locked - waiting...
Dataset locked - waiting...
Dataset locked - waiting...
Dataset locked - waiting...

PROCESSING(F): D:\projets_perso\fakeDataset\datasets_generes\fake_dataset_20260623_162735_vvo4b\dossier_resultat_brut_lbtwvb16\fichier_analyse_regional_6l4uai7x.npz
               Does not yet exist on server.
               UPLOADED as: MD5:354007d469be5c7cfab850d9b4fec9e1
CURRENT TOTAL: 156 files :972471011 bytes

PROCESSING(F): D:\projets_perso\fakeDataset\datasets_generes\fake_dataset_20260623_162735_vvo4b\dossier_resultat_brut_lbtwvb16\fichier_atlas_reference_q7r5p0jt.hdf5
               Does not yet exist on server.
               UPLOADED as: MD5:fa310d5eb26a2d6708db1b714bdb644d
CURRENT TOTAL: 157 files :973471011 bytes

PROCESSING(F): D:\projets_perso\fakeDataset\datasets_generes\fake_dataset_20260623_162735_vvo4b\dossier_resultat_brut_lbtwvb16\fichier_biologie_local_j1oj59fw.tsv
               Does not yet exist on server.
               UPLOADED as: MD5:adb35ebee299442b08209f257f4792f8
CURRENT TOTAL: 158 files :974471011 bytes

PROCESSING(F): D:\projets_perso\fakeDataset\datasets_generes\fake_dataset_20260623_162735_vvo4b\dossier_resultat_brut_lbtwvb16\fichier_cartographie_brut_yvhi5rjt.pdf
               Does not yet exist on server.
               UPLOADED as: MD5:a81eff85f7ea67805b4b23f8654a153d
CURRENT TOTAL: 159 files :975471011 bytes

PROCESSING(F): D:\projets_perso\fakeDataset\datasets_generes\fake_dataset_20260623_162735_vvo4b\dossier_resultat_brut_lbtwvb16\fichier_cartographie_derive_3kl4j8vx.csv
               Does not yet exist on server.
               UPLOADED as: MD5:dc26fad39a633f861892e2a1f6b58e1a
CURRENT TOTAL: 160 files :976471011 bytes

PROCESSING(F): D:\projets_perso\fakeDataset\datasets_generes\fake_dataset_20260623_162735_vvo4b\dossier_resultat_brut_lbtwvb16\fichier_cellule_ancien_v96entcv.parquet
               Does not yet exist on server.
               UPLOADED as: MD5:1179c973538ac55f4b20d617f8f1d80a
CURRENT TOTAL: 161 files :977471011 bytes

PROCESSING(F): D:\projets_perso\fakeDataset\datasets_generes\fake_dataset_20260623_162735_vvo4b\dossier_resultat_brut_lbtwvb16\fichier_cellule_reference_xych5cyh.xlsx
               Does not yet exist on server.
               UPLOADED as: MD5:06148c439442530786f9ee4372e97a31
CURRENT TOTAL: 162 files :978471011 bytes

PROCESSING(F): D:\projets_perso\fakeDataset\datasets_generes\fake_dataset_20260623_162735_vvo4b\dossier_resultat_brut_lbtwvb16\fichier_climat_derive_o0v9xca5.npz
               Does not yet exist on server.
               UPLOADED as: MD5:1ef93e3ca31f6f80289252b35786611c
CURRENT TOTAL: 163 files :979471011 bytes

PROCESSING(F): D:\projets_perso\fakeDataset\datasets_generes\fake_dataset_20260623_162735_vvo4b\dossier_resultat_brut_lbtwvb16\fichier_collection_local_mfady94s.docx
               Does not yet exist on server.
               UPLOADED as: MD5:bfbda1ae8e14eb1c80eb0a79d4d9532d
CURRENT TOTAL: 164 files :980471011 bytes

PROCESSING(F): D:\projets_perso\fakeDataset\datasets_generes\fake_dataset_20260623_162735_vvo4b\dossier_resultat_brut_lbtwvb16\fichier_echantillon_annexe_7ifhql4t.tsv
               Does not yet exist on server.
               UPLOADED as: MD5:d62fe10b9f26487f246b3a2b833c417a
CURRENT TOTAL: 165 files :981471011 bytes

PROCESSING(F): D:\projets_perso\fakeDataset\datasets_generes\fake_dataset_20260623_162735_vvo4b\dossier_resultat_brut_lbtwvb16\fichier_echantillon_brut_iyphby7q.doc
               Does not yet exist on server.
               UPLOADED as: MD5:c9d09c4a01f109a09c10a2e8fd07d28f
CURRENT TOTAL: 166 files :982471011 bytes

PROCESSING(F): D:\projets_perso\fakeDataset\datasets_generes\fake_dataset_20260623_162735_vvo4b\dossier_resultat_brut_lbtwvb16\fichier_echantillon_central_yopslfut.h5
               Does not yet exist on server.
               UPLOADED as: MD5:1e4aa5891291a8fcf39d7ed9c11b452a
CURRENT TOTAL: 167 files :983928685 bytes

PROCESSING(F): D:\projets_perso\fakeDataset\datasets_generes\fake_dataset_20260623_162735_vvo4b\dossier_resultat_brut_lbtwvb16\fichier_echantillon_controle_q3dkfgp8.tar
               Does not yet exist on server.
               UPLOADED as: MD5:c4f73ed889f705e34d01d3f877ffee9b
CURRENT TOTAL: 168 files :984928685 bytes

PROCESSING(F): D:\projets_perso\fakeDataset\datasets_generes\fake_dataset_20260623_162735_vvo4b\dossier_resultat_brut_lbtwvb16\fichier_modele_reference_ny2nmlxo.odt
               Does not yet exist on server.
               UPLOADED as: MD5:9a4fef457081476dd180eb2b3997a1ff
CURRENT TOTAL: 169 files :985928685 bytes

PROCESSING(F): D:\projets_perso\fakeDataset\datasets_generes\fake_dataset_20260623_162735_vvo4b\dossier_resultat_brut_lbtwvb16\fichier_observation_ancien_gioxkop9.yaml
               Does not yet exist on server.
               UPLOADED as: MD5:08c65eab31631ddb3f1180b63b576fc5
CURRENT TOTAL: 170 files :986928685 bytes

PROCESSING(F): D:\projets_perso\fakeDataset\datasets_generes\fake_dataset_20260623_162735_vvo4b\dossier_resultat_brut_lbtwvb16\fichier_observation_annexe_dkdfci4r.ods
               Does not yet exist on server.
               UPLOADED as: MD5:dec04b1ff8b230569ba2e50a5a2f99e1
CURRENT TOTAL: 171 files :987928685 bytes

PROCESSING(F): D:\projets_perso\fakeDataset\datasets_generes\fake_dataset_20260623_162735_vvo4b\dossier_resultat_brut_lbtwvb16\fichier_protocole_local_dl6sf8bk.dcm
               Does not yet exist on server.
               UPLOADED as: MD5:6693ed9cf1bcf892016ea098db917386
CURRENT TOTAL: 172 files :988928685 bytes

PROCESSING(F): D:\projets_perso\fakeDataset\datasets_generes\fake_dataset_20260623_162735_vvo4b\dossier_resultat_brut_lbtwvb16\fichier_protocole_principal_o04btn8o.hdf5
               Does not yet exist on server.
               UPLOADED as: MD5:5bc221364045b71e4b2cbe0bc339f3cd
CURRENT TOTAL: 173 files :989928685 bytes

PROCESSING(F): D:\projets_perso\fakeDataset\datasets_generes\fake_dataset_20260623_162735_vvo4b\dossier_resultat_brut_lbtwvb16\fichier_protocole_reference_g6t60g5v.wav
               Does not yet exist on server.
               UPLOADED as: MD5:c7f6cf1d6c3903e22d1d70d19ebc862e
CURRENT TOTAL: 174 files :990928685 bytes

PROCESSING(F): D:\projets_perso\fakeDataset\datasets_generes\fake_dataset_20260623_162735_vvo4b\dossier_resultat_brut_lbtwvb16\fichier_protocole_regional_wzhvveu1.h5
               Does not yet exist on server.
               UPLOADED as: MD5:25961188f5999d206b156f1d8fc2ce54
CURRENT TOTAL: 175 files :991928685 bytes

PROCESSING(F): D:\projets_perso\fakeDataset\datasets_generes\fake_dataset_20260623_162735_vvo4b\dossier_resultat_brut_lbtwvb16\fichier_resultat_complet_29fmuc4y.parquet
               Does not yet exist on server.
               UPLOADED as: MD5:9fd650dc32d8880df9682b818c00bbed
CURRENT TOTAL: 176 files :992928685 bytes

PROCESSING(F): D:\projets_perso\fakeDataset\datasets_generes\fake_dataset_20260623_162735_vvo4b\dossier_resultat_brut_lbtwvb16\fichier_resultat_initial_f55dxd8y.wav
               Does not yet exist on server.
               UPLOADED as: MD5:cf44e51cf30d6d7aefa9ef9be77e4d2b
CURRENT TOTAL: 177 files :993928685 bytes

PROCESSING(F): D:\projets_perso\fakeDataset\datasets_generes\fake_dataset_20260623_162735_vvo4b\dossier_resultat_brut_lbtwvb16\fichier_simulation_final_m6z8te6u.feather
               Does not yet exist on server.
               UPLOADED as: MD5:989a3f788c9e2a5533c5192cef0436ee
CURRENT TOTAL: 178 files :994928685 bytes

PROCESSING(F): D:\projets_perso\fakeDataset\datasets_generes\fake_dataset_20260623_162735_vvo4b\dossier_resultat_brut_lbtwvb16\fichier_spectre_reference_8zf18wnn.xml
               Does not yet exist on server.
               UPLOADED as: MD5:ea5c04c3151e5770eeba1be9e19d9078
CURRENT TOTAL: 179 files :995928685 bytes

PROCESSING(F): D:\projets_perso\fakeDataset\datasets_generes\fake_dataset_20260623_162735_vvo4b\dossier_resultat_brut_lbtwvb16\fichier_terrain_annexe_21u3eom2.feather
               Does not yet exist on server.
               UPLOADED as: MD5:4bc8342895377f1f268b22f9157d458a
CURRENT TOTAL: 180 files :996928685 bytes
25 files successfully added from this folder
Dataset locked - waiting...
Dataset locked - waiting...
Dataset locked - waiting...
Dataset locked - waiting...
Dataset locked - waiting...

PROCESSING(F): D:\projets_perso\fakeDataset\datasets_generes\fake_dataset_20260623_162735_vvo4b\fichier_analyse_brut_azqiym4u.doc
               Does not yet exist on server.
               UPLOADED as: MD5:3db84199686aa9cd6b6d83a90fc5157a
CURRENT TOTAL: 181 files :997928685 bytes

PROCESSING(F): D:\projets_perso\fakeDataset\datasets_generes\fake_dataset_20260623_162735_vvo4b\fichier_analyse_initial_81nirs8g.yaml
               Does not yet exist on server.
               UPLOADED as: MD5:6e0dcbc8c255ad52d02b2aca0767834c
CURRENT TOTAL: 182 files :998928685 bytes

PROCESSING(F): D:\projets_perso\fakeDataset\datasets_generes\fake_dataset_20260623_162735_vvo4b\fichier_archive_calibre_hgg7uf25.json
               Does not yet exist on server.
               UPLOADED as: MD5:020168e38f148b86f1905e7caa8c5fb0
CURRENT TOTAL: 183 files :999928685 bytes

PROCESSING(F): D:\projets_perso\fakeDataset\datasets_generes\fake_dataset_20260623_162735_vvo4b\fichier_archive_derive_8axa0l8n.xls
               Does not yet exist on server.
               UPLOADED as: MD5:f028702786c46068455d01b2eaf9e220
CURRENT TOTAL: 184 files :1000928685 bytes

PROCESSING(F): D:\projets_perso\fakeDataset\datasets_generes\fake_dataset_20260623_162735_vvo4b\fichier_archive_temporel_8ymeg9fd.dicom
               Does not yet exist on server.
               UPLOADED as: MD5:797819b6dbf2331150caaf79006dc8de
CURRENT TOTAL: 185 files :1001928685 bytes

PROCESSING(F): D:\projets_perso\fakeDataset\datasets_generes\fake_dataset_20260623_162735_vvo4b\fichier_atlas_regional_0ilcpt6a.docx
               Does not yet exist on server.
               UPLOADED as: MD5:7f22b70b1419a6ff8a6bb11e01449abd
CURRENT TOTAL: 186 files :1002928685 bytes

PROCESSING(F): D:\projets_perso\fakeDataset\datasets_generes\fake_dataset_20260623_162735_vvo4b\fichier_biologie_derive_bfs2egtm.zip
               Does not yet exist on server.
               UPLOADED as: MD5:5cfbb4197d418091c92a6e283d54eea7
CURRENT TOTAL: 187 files :1003928685 bytes

PROCESSING(F): D:\projets_perso\fakeDataset\datasets_generes\fake_dataset_20260623_162735_vvo4b\fichier_biologie_derive_lff6elo2.xml
               Does not yet exist on server.
               UPLOADED as: MD5:ea8bb810f2dd36a5d6f4e9be246ee074
CURRENT TOTAL: 188 files :1004928685 bytes

PROCESSING(F): D:\projets_perso\fakeDataset\datasets_generes\fake_dataset_20260623_162735_vvo4b\fichier_campagne_brut_t5j4ycn3.doc
               Does not yet exist on server.
               UPLOADED as: MD5:59058e9714da160c469c9f077185b864
CURRENT TOTAL: 189 files :1005928685 bytes

PROCESSING(F): D:\projets_perso\fakeDataset\datasets_generes\fake_dataset_20260623_162735_vvo4b\fichier_campagne_principal_et89lejp.tar
               Does not yet exist on server.
               UPLOADED as: MD5:855ea8d8e2b2a5eb5aa46c04f815ddae
CURRENT TOTAL: 190 files :1006928685 bytes

PROCESSING(F): D:\projets_perso\fakeDataset\datasets_generes\fake_dataset_20260623_162735_vvo4b\fichier_capteur_brut_9yxz3gro.jpg
               Does not yet exist on server.
               UPLOADED as: MD5:ef1eda231963ed8bbcd6e40230857734
CURRENT TOTAL: 191 files :1007928685 bytes

PROCESSING(F): D:\projets_perso\fakeDataset\datasets_generes\fake_dataset_20260623_162735_vvo4b\fichier_cellule_central_4s8xcvsw.npz
               Does not yet exist on server.
               UPLOADED as: MD5:3e517bf649999e2c2fec0c122e62c9e5
CURRENT TOTAL: 192 files :1008928685 bytes

PROCESSING(F): D:\projets_perso\fakeDataset\datasets_generes\fake_dataset_20260623_162735_vvo4b\fichier_cellule_qualite_defc53ze.xlsx
               Does not yet exist on server.
               UPLOADED as: MD5:fa27474066b6a8cfb25126c033cdf1df
CURRENT TOTAL: 193 files :1009928685 bytes

PROCESSING(F): D:\projets_perso\fakeDataset\datasets_generes\fake_dataset_20260623_162735_vvo4b\fichier_climat_regional_vgrwwveb.rtf
               Does not yet exist on server.
               UPLOADED as: MD5:6648cc6aa406dd8f06dde26de2948bbe
CURRENT TOTAL: 194 files :1010928685 bytes

PROCESSING(F): D:\projets_perso\fakeDataset\datasets_generes\fake_dataset_20260623_162735_vvo4b\fichier_collection_ancien_qrt2o758.docx
               Does not yet exist on server.
               UPLOADED as: MD5:801b5eb7e286d08be94e7b5dbd1d811e
CURRENT TOTAL: 195 files :1011928685 bytes

PROCESSING(F): D:\projets_perso\fakeDataset\datasets_generes\fake_dataset_20260623_162735_vvo4b\fichier_echantillon_derive_zr3l4ylp.tsv
               Does not yet exist on server.
               UPLOADED as: MD5:0734397c17ff95e46ea3f32cbc4418b0
CURRENT TOTAL: 196 files :1012928685 bytes

PROCESSING(F): D:\projets_perso\fakeDataset\datasets_generes\fake_dataset_20260623_162735_vvo4b\fichier_echantillon_principal_roff4kd2.json
               Does not yet exist on server.
               UPLOADED as: MD5:831d994bf47cab2038f92d826f3496ab
CURRENT TOTAL: 197 files :1013928685 bytes

PROCESSING(F): D:\projets_perso\fakeDataset\datasets_generes\fake_dataset_20260623_162735_vvo4b\fichier_experience_intermediaire_6gucl1qy.jpg
               Does not yet exist on server.
               UPLOADED as: MD5:64999778cc91cae1bbd53f3d738d5218
CURRENT TOTAL: 198 files :1014928685 bytes

PROCESSING(F): D:\projets_perso\fakeDataset\datasets_generes\fake_dataset_20260623_162735_vvo4b\fichier_inventaire_brut_ibcg0an9.tar
               Does not yet exist on server.
               UPLOADED as: MD5:baeae77414d03de66d8788b7124bef2b
CURRENT TOTAL: 199 files :1015928685 bytes

PROCESSING(F): D:\projets_perso\fakeDataset\datasets_generes\fake_dataset_20260623_162735_vvo4b\fichier_inventaire_local_tdr7w11l.sav
               Does not yet exist on server.
               UPLOADED as: MD5:4ecc43f464153ee5c30e39cfd765021c
CURRENT TOTAL: 200 files :1016928685 bytes

PROCESSING(F): D:\projets_perso\fakeDataset\datasets_generes\fake_dataset_20260623_162735_vvo4b\fichier_inventaire_principal_ahk1d14r.xml
               Does not yet exist on server.
               UPLOADED as: MD5:cc330abe15db63cfc282d12f9d02d641
CURRENT TOTAL: 201 files :1017928685 bytes

PROCESSING(F): D:\projets_perso\fakeDataset\datasets_generes\fake_dataset_20260623_162735_vvo4b\fichier_mesure_final_0ib8o519.csv
               Does not yet exist on server.
               UPLOADED as: MD5:ea51e639030ae86e32a65fe6087b9338
CURRENT TOTAL: 202 files :1018928685 bytes

PROCESSING(F): D:\projets_perso\fakeDataset\datasets_generes\fake_dataset_20260623_162735_vvo4b\fichier_modele_brut_as0z09un.yaml
               Does not yet exist on server.
               UPLOADED as: MD5:0f335f50d7afd92a07e5943d8c6bd444
CURRENT TOTAL: 203 files :1019928685 bytes

PROCESSING(F): D:\projets_perso\fakeDataset\datasets_generes\fake_dataset_20260623_162735_vvo4b\fichier_modele_calibre_httj0jct.dicom
               Does not yet exist on server.
               UPLOADED as: MD5:b44a6b28c0f2dbbff5ed64031b55adbb
CURRENT TOTAL: 204 files :1020928691 bytes

PROCESSING(F): D:\projets_perso\fakeDataset\datasets_generes\fake_dataset_20260623_162735_vvo4b\fichier_modele_central_qm2i61ky.json
               Does not yet exist on server.
               UPLOADED as: MD5:abfde2f0d6e644d668b80faee833cdfd
CURRENT TOTAL: 205 files :1021928691 bytes

PROCESSING(F): D:\projets_perso\fakeDataset\datasets_generes\fake_dataset_20260623_162735_vvo4b\fichier_modele_initial_jf7so5l5.xlsm
               Does not yet exist on server.
               UPLOADED as: MD5:39af3b38670b08c7dbc86bc733486405
CURRENT TOTAL: 206 files :1022928691 bytes

PROCESSING(F): D:\projets_perso\fakeDataset\datasets_generes\fake_dataset_20260623_162735_vvo4b\fichier_modele_regional_7f6zoyqe.tar
               Does not yet exist on server.
               UPLOADED as: MD5:82f97857a8f38b58d34abf5555469b2f
CURRENT TOTAL: 207 files :1023928691 bytes

PROCESSING(F): D:\projets_perso\fakeDataset\datasets_generes\fake_dataset_20260623_162735_vvo4b\fichier_observation_temporel_8gic5e1t.parquet
               Does not yet exist on server.
               UPLOADED as: MD5:8af80c97569cd62e2deb2f7a1b5f170a
CURRENT TOTAL: 208 files :1024928691 bytes

PROCESSING(F): D:\projets_perso\fakeDataset\datasets_generes\fake_dataset_20260623_162735_vvo4b\fichier_protocole_brut_b1m90jgi.odt
               Does not yet exist on server.
               UPLOADED as: MD5:693b34679ffd63dd4e4d3ee9fa466d9a
CURRENT TOTAL: 209 files :1025928691 bytes

PROCESSING(F): D:\projets_perso\fakeDataset\datasets_generes\fake_dataset_20260623_162735_vvo4b\fichier_terrain_principal_ocefa49a.rdata
               Does not yet exist on server.
               UPLOADED as: MD5:b9507d826a7d9d5a7975c79e71be04b8
CURRENT TOTAL: 210 files :1026928691 bytes
30 files successfully added from this folder
Dataset locked - waiting...
Dataset locked - waiting...
0 files successfully added from this folder
