
----------------------------------------------------------------------------------

TTTTT  DDD   L    Texas
  T    D  D  L    Digital
  T    DDD   LLL  Library

DVUploader - a command-line application to upload files to any Dataverse Dataset
Developed with support from TDL and GDCC for the Dataverse Community
See the wiki at https://github.com/GlobalDataverseCommunityConsortium/dataverse-uploader for information on using DVUploader.

----------------------------------------------------------------------------------

-server=https://entrepot.recherche.data.gouv.fr -key=<apiKey> -did=doi:10.82233/PHR5Q6 -manifest=C:\Users\Shadow\AppData\Local\Temp\rdg_arbodv_manifest_6a44eea7-5d8a-4665-b240-1b693b0a5139.json -recurse

***Parsing arguments:***

Using server: https://entrepot.recherche.data.gouv.fr
Using apiKey: d0c35aa7-8a54-4af5-9f8c-1ac1c1fca2e1
Adding content to: doi:10.82233/PHR5Q6
Using manifest file: C:\Users\Shadow\AppData\Local\Temp\rdg_arbodv_manifest_6a44eea7-5d8a-4665-b240-1b693b0a5139.json
Will recurse into subdirectories

***Starting to Process Upload Requests:***

Using FixityAlgorithm configured for this Dataverse: MD5

PROCESSING(D): 
              Does not exist on server.
Preproc: 
Error response when checking for existing item at /maven : Unauthorized

PROCESSING(D): maven
              Does not exist on server.
Preproc: maven

PROCESSING(D): apache-maven-3.9.16
              Does not exist on server.
Preproc: apache-maven-3.9.16

PROCESSING(D): bin
              Does not exist on server.
Preproc: bin

PROCESSING(F): D:\maven\apache-maven-3.9.16\bin\m2.conf
               Does not yet exist on server.
Retrying request for file upload URL(s): return status was : 401
Retrying request for file upload URL(s): return status was : 401
Retrying request for file upload URL(s): return status was : 401
Retrying request for file upload URL(s): return status was : 401
Retrying request for file upload URL(s): return status was : 401

PROCESSING(F): D:\maven\apache-maven-3.9.16\bin\mvn
               Does not yet exist on server.
Retrying request for file upload URL(s): return status was : 401
Retrying request for file upload URL(s): return status was : 401
Retrying request for file upload URL(s): return status was : 401
Retrying request for file upload URL(s): return status was : 401
Retrying request for file upload URL(s): return status was : 401

PROCESSING(F): D:\maven\apache-maven-3.9.16\bin\mvn.cmd
               Does not yet exist on server.
Retrying request for file upload URL(s): return status was : 401
Retrying request for file upload URL(s): return status was : 401
Retrying request for file upload URL(s): return status was : 401
Retrying request for file upload URL(s): return status was : 401
Retrying request for file upload URL(s): return status was : 401

PROCESSING(F): D:\maven\apache-maven-3.9.16\bin\mvnDebug
               Does not yet exist on server.
Retrying request for file upload URL(s): return status was : 401
Retrying request for file upload URL(s): return status was : 401
Retrying request for file upload URL(s): return status was : 401
Retrying request for file upload URL(s): return status was : 401
Retrying request for file upload URL(s): return status was : 401

PROCESSING(F): D:\maven\apache-maven-3.9.16\bin\mvnDebug.cmd
               Does not yet exist on server.
Retrying request for file upload URL(s): return status was : 401
Retrying request for file upload URL(s): return status was : 401
Retrying request for file upload URL(s): return status was : 401
Retrying request for file upload URL(s): return status was : 401
Retrying request for file upload URL(s): return status was : 401

PROCESSING(F): D:\maven\apache-maven-3.9.16\bin\mvnyjp
               Does not yet exist on server.
Retrying request for file upload URL(s): return status was : 401
Retrying request for file upload URL(s): return status was : 401
Retrying request for file upload URL(s): return status was : 401
Retrying request for file upload URL(s): return status was : 401
Retrying request for file upload URL(s): return status was : 401
Error response when processing files in bin : Unauthorized
{"status":"ERROR","message":"Bad API key"}

PROCESSING(D): boot
              Does not exist on server.
Preproc: boot

PROCESSING(F): D:\maven\apache-maven-3.9.16\boot\plexus-classworlds-2.11.0.jar
               Does not yet exist on server.
Retrying request for file upload URL(s): return status was : 401
Retrying request for file upload URL(s): return status was : 401
Retrying request for file upload URL(s): return status was : 401
Retrying request for file upload URL(s): return status was : 401
Retrying request for file upload URL(s): return status was : 401

PROCESSING(F): D:\maven\apache-maven-3.9.16\boot\plexus-classworlds.license
               Does not yet exist on server.
Retrying request for file upload URL(s): return status was : 401
Retrying request for file upload URL(s): return status was : 401
Retrying request for file upload URL(s): return status was : 401
Retrying request for file upload URL(s): return status was : 401
Retrying request for file upload URL(s): return status was : 401
Error response when processing files in boot : Unauthorized
{"status":"ERROR","message":"Bad API key"}

PROCESSING(D): conf
              Does not exist on server.
Preproc: conf

PROCESSING(D): logging
              Does not exist on server.
Preproc: logging

PROCESSING(F): D:\maven\apache-maven-3.9.16\conf\logging\simplelogger.properties
               Does not yet exist on server.
Retrying request for file upload URL(s): return status was : 401
Retrying request for file upload URL(s): return status was : 401
Retrying request for file upload URL(s): return status was : 401
Retrying request for file upload URL(s): return status was : 401
Retrying request for file upload URL(s): return status was : 401
Error response when processing files in logging : Unauthorized
{"status":"ERROR","message":"Bad API key"}

PROCESSING(F): D:\maven\apache-maven-3.9.16\conf\settings.xml
               Does not yet exist on server.
Retrying request for file upload URL(s): return status was : 401
Retrying request for file upload URL(s): return status was : 401
Retrying request for file upload URL(s): return status was : 401
Retrying request for file upload URL(s): return status was : 401
Retrying request for file upload URL(s): return status was : 401

PROCESSING(F): D:\maven\apache-maven-3.9.16\conf\toolchains.xml
               Does not yet exist on server.
Retrying request for file upload URL(s): return status was : 401
Retrying request for file upload URL(s): return status was : 401
Retrying request for file upload URL(s): return status was : 401
Retrying request for file upload URL(s): return status was : 401
Retrying request for file upload URL(s): return status was : 401
Error response when processing files in conf : Unauthorized
{"status":"ERROR","message":"Bad API key"}

PROCESSING(D): lib
              Does not exist on server.
Preproc: lib

PROCESSING(D): ext
              Does not exist on server.
Preproc: ext

PROCESSING(D): hazelcast
              Does not exist on server.
Preproc: hazelcast

PROCESSING(F): D:\maven\apache-maven-3.9.16\lib\ext\hazelcast\README.txt
               Does not yet exist on server.
Retrying request for file upload URL(s): return status was : 401
Retrying request for file upload URL(s): return status was : 401
Retrying request for file upload URL(s): return status was : 401
Retrying request for file upload URL(s): return status was : 401
Retrying request for file upload URL(s): return status was : 401
Error response when processing files in hazelcast : Unauthorized
{"status":"ERROR","message":"Bad API key"}

PROCESSING(D): redisson
              Does not exist on server.
Preproc: redisson

PROCESSING(F): D:\maven\apache-maven-3.9.16\lib\ext\redisson\README.txt
               Does not yet exist on server.
Retrying request for file upload URL(s): return status was : 401
Retrying request for file upload URL(s): return status was : 401
Retrying request for file upload URL(s): return status was : 401
Retrying request for file upload URL(s): return status was : 401
Retrying request for file upload URL(s): return status was : 401
Error response when processing files in redisson : Unauthorized
{"status":"ERROR","message":"Bad API key"}

PROCESSING(F): D:\maven\apache-maven-3.9.16\lib\ext\README.txt
               Does not yet exist on server.
Retrying request for file upload URL(s): return status was : 401
Retrying request for file upload URL(s): return status was : 401
Retrying request for file upload URL(s): return status was : 401
Retrying request for file upload URL(s): return status was : 401
Retrying request for file upload URL(s): return status was : 401
Error response when processing files in ext : Unauthorized
{"status":"ERROR","message":"Bad API key"}

PROCESSING(D): jansi-native
              Does not exist on server.
Preproc: jansi-native

PROCESSING(D): Windows
              Does not exist on server.
Preproc: Windows

PROCESSING(D): arm64
              Does not exist on server.
Preproc: arm64

PROCESSING(F): D:\maven\apache-maven-3.9.16\lib\jansi-native\Windows\arm64\jansi.dll
               Does not yet exist on server.
Retrying request for file upload URL(s): return status was : 401
Retrying request for file upload URL(s): return status was : 401
Retrying request for file upload URL(s): return status was : 401
Retrying request for file upload URL(s): return status was : 401
Retrying request for file upload URL(s): return status was : 401
Error response when processing files in arm64 : Unauthorized
{"status":"ERROR","message":"Bad API key"}

PROCESSING(D): x86
              Does not exist on server.
Preproc: x86

PROCESSING(F): D:\maven\apache-maven-3.9.16\lib\jansi-native\Windows\x86\jansi.dll
               Does not yet exist on server.
Retrying request for file upload URL(s): return status was : 401
Retrying request for file upload URL(s): return status was : 401
Retrying request for file upload URL(s): return status was : 401
Retrying request for file upload URL(s): return status was : 401
Retrying request for file upload URL(s): return status was : 401
Error response when processing files in x86 : Unauthorized
{"status":"ERROR","message":"Bad API key"}

PROCESSING(D): x86_64
              Does not exist on server.
Preproc: x86_64

PROCESSING(F): D:\maven\apache-maven-3.9.16\lib\jansi-native\Windows\x86_64\jansi.dll
               Does not yet exist on server.
Retrying request for file upload URL(s): return status was : 401
Retrying request for file upload URL(s): return status was : 401
Retrying request for file upload URL(s): return status was : 401
Retrying request for file upload URL(s): return status was : 401
Retrying request for file upload URL(s): return status was : 401
Error response when processing files in x86_64 : Unauthorized
{"status":"ERROR","message":"Bad API key"}
Error response when processing files in Windows : Unauthorized
{"status":"ERROR","message":"Bad API key"}

PROCESSING(F): D:\maven\apache-maven-3.9.16\lib\jansi-native\README.txt
               Does not yet exist on server.
Retrying request for file upload URL(s): return status was : 401
Retrying request for file upload URL(s): return status was : 401
Retrying request for file upload URL(s): return status was : 401
Retrying request for file upload URL(s): return status was : 401
Retrying request for file upload URL(s): return status was : 401
Error response when processing files in jansi-native : Unauthorized
{"status":"ERROR","message":"Bad API key"}

PROCESSING(F): D:\maven\apache-maven-3.9.16\lib\aopalliance-1.0.jar
               Does not yet exist on server.
Retrying request for file upload URL(s): return status was : 401
Retrying request for file upload URL(s): return status was : 401
Retrying request for file upload URL(s): return status was : 401
Retrying request for file upload URL(s): return status was : 401
Retrying request for file upload URL(s): return status was : 401

PROCESSING(F): D:\maven\apache-maven-3.9.16\lib\aopalliance.license
               Does not yet exist on server.
Retrying request for file upload URL(s): return status was : 401
Retrying request for file upload URL(s): return status was : 401
Retrying request for file upload URL(s): return status was : 401
Retrying request for file upload URL(s): return status was : 401
Retrying request for file upload URL(s): return status was : 401

PROCESSING(F): D:\maven\apache-maven-3.9.16\lib\asm-9.9.1.jar
               Does not yet exist on server.
Retrying request for file upload URL(s): return status was : 401
Retrying request for file upload URL(s): return status was : 401
Retrying request for file upload URL(s): return status was : 401
Retrying request for file upload URL(s): return status was : 401
Retrying request for file upload URL(s): return status was : 401

PROCESSING(F): D:\maven\apache-maven-3.9.16\lib\asm.license
               Does not yet exist on server.
Retrying request for file upload URL(s): return status was : 401
Retrying request for file upload URL(s): return status was : 401
Retrying request for file upload URL(s): return status was : 401
Retrying request for file upload URL(s): return status was : 401
Retrying request for file upload URL(s): return status was : 401

PROCESSING(F): D:\maven\apache-maven-3.9.16\lib\commons-cli-1.11.0.jar
               Does not yet exist on server.
Retrying request for file upload URL(s): return status was : 401
Retrying request for file upload URL(s): return status was : 401
Retrying request for file upload URL(s): return status was : 401
Retrying request for file upload URL(s): return status was : 401
Retrying request for file upload URL(s): return status was : 401

PROCESSING(F): D:\maven\apache-maven-3.9.16\lib\commons-cli.license
               Does not yet exist on server.
Retrying request for file upload URL(s): return status was : 401
Retrying request for file upload URL(s): return status was : 401
Retrying request for file upload URL(s): return status was : 401
Retrying request for file upload URL(s): return status was : 401
Retrying request for file upload URL(s): return status was : 401

PROCESSING(F): D:\maven\apache-maven-3.9.16\lib\commons-codec-1.21.0.jar
               Does not yet exist on server.
Retrying request for file upload URL(s): return status was : 401
Retrying request for file upload URL(s): return status was : 401
Retrying request for file upload URL(s): return status was : 401
Retrying request for file upload URL(s): return status was : 401
Retrying request for file upload URL(s): return status was : 401

PROCESSING(F): D:\maven\apache-maven-3.9.16\lib\commons-codec.license
               Does not yet exist on server.
Retrying request for file upload URL(s): return status was : 401
Retrying request for file upload URL(s): return status was : 401
Retrying request for file upload URL(s): return status was : 401
Retrying request for file upload URL(s): return status was : 401
Retrying request for file upload URL(s): return status was : 401

PROCESSING(F): D:\maven\apache-maven-3.9.16\lib\error_prone_annotations-2.41.0.jar
               Does not yet exist on server.
Retrying request for file upload URL(s): return status was : 401
Retrying request for file upload URL(s): return status was : 401
Retrying request for file upload URL(s): return status was : 401
Retrying request for file upload URL(s): return status was : 401
Retrying request for file upload URL(s): return status was : 401

PROCESSING(F): D:\maven\apache-maven-3.9.16\lib\error_prone_annotations.license
               Does not yet exist on server.
Retrying request for file upload URL(s): return status was : 401
Retrying request for file upload URL(s): return status was : 401
Retrying request for file upload URL(s): return status was : 401
Retrying request for file upload URL(s): return status was : 401
Retrying request for file upload URL(s): return status was : 401

PROCESSING(F): D:\maven\apache-maven-3.9.16\lib\failureaccess-1.0.3.jar
               Does not yet exist on server.
Retrying request for file upload URL(s): return status was : 401
Retrying request for file upload URL(s): return status was : 401
Retrying request for file upload URL(s): return status was : 401
Retrying request for file upload URL(s): return status was : 401
Retrying request for file upload URL(s): return status was : 401

PROCESSING(F): D:\maven\apache-maven-3.9.16\lib\failureaccess.license
               Does not yet exist on server.
Retrying request for file upload URL(s): return status was : 401
Retrying request for file upload URL(s): return status was : 401
Retrying request for file upload URL(s): return status was : 401
Retrying request for file upload URL(s): return status was : 401
Retrying request for file upload URL(s): return status was : 401

PROCESSING(F): D:\maven\apache-maven-3.9.16\lib\gson-2.13.2.jar
               Does not yet exist on server.
Retrying request for file upload URL(s): return status was : 401
Retrying request for file upload URL(s): return status was : 401
Retrying request for file upload URL(s): return status was : 401
Retrying request for file upload URL(s): return status was : 401
Retrying request for file upload URL(s): return status was : 401

PROCESSING(F): D:\maven\apache-maven-3.9.16\lib\gson.license
               Does not yet exist on server.
Retrying request for file upload URL(s): return status was : 401
Retrying request for file upload URL(s): return status was : 401
Retrying request for file upload URL(s): return status was : 401
Retrying request for file upload URL(s): return status was : 401
Retrying request for file upload URL(s): return status was : 401

PROCESSING(F): D:\maven\apache-maven-3.9.16\lib\guava-33.6.0-jre.jar
               Does not yet exist on server.
Retrying request for file upload URL(s): return status was : 401
Retrying request for file upload URL(s): return status was : 401
Retrying request for file upload URL(s): return status was : 401
Retrying request for file upload URL(s): return status was : 401
Retrying request for file upload URL(s): return status was : 401

PROCESSING(F): D:\maven\apache-maven-3.9.16\lib\guava.license
               Does not yet exist on server.
Retrying request for file upload URL(s): return status was : 401
Retrying request for file upload URL(s): return status was : 401
Retrying request for file upload URL(s): return status was : 401
Retrying request for file upload URL(s): return status was : 401
Retrying request for file upload URL(s): return status was : 401

PROCESSING(F): D:\maven\apache-maven-3.9.16\lib\guice-5.1.0-classes.jar
               Does not yet exist on server.
Retrying request for file upload URL(s): return status was : 401
Retrying request for file upload URL(s): return status was : 401
Retrying request for file upload URL(s): return status was : 401
Retrying request for file upload URL(s): return status was : 401
Retrying request for file upload URL(s): return status was : 401

PROCESSING(F): D:\maven\apache-maven-3.9.16\lib\guice.license
               Does not yet exist on server.
Retrying request for file upload URL(s): return status was : 401
Retrying request for file upload URL(s): return status was : 401
Retrying request for file upload URL(s): return status was : 401
Retrying request for file upload URL(s): return status was : 401
Retrying request for file upload URL(s): return status was : 401

PROCESSING(F): D:\maven\apache-maven-3.9.16\lib\httpclient-4.5.14.jar
               Does not yet exist on server.
Retrying request for file upload URL(s): return status was : 401
Retrying request for file upload URL(s): return status was : 401
Retrying request for file upload URL(s): return status was : 401
Retrying request for file upload URL(s): return status was : 401
Retrying request for file upload URL(s): return status was : 401

PROCESSING(F): D:\maven\apache-maven-3.9.16\lib\httpclient.license
               Does not yet exist on server.
Retrying request for file upload URL(s): return status was : 401
Retrying request for file upload URL(s): return status was : 401
Retrying request for file upload URL(s): return status was : 401
Retrying request for file upload URL(s): return status was : 401
Retrying request for file upload URL(s): return status was : 401

PROCESSING(F): D:\maven\apache-maven-3.9.16\lib\httpcore-4.4.16.jar
               Does not yet exist on server.
Retrying request for file upload URL(s): return status was : 401
Retrying request for file upload URL(s): return status was : 401
Retrying request for file upload URL(s): return status was : 401
Retrying request for file upload URL(s): return status was : 401
Retrying request for file upload URL(s): return status was : 401

PROCESSING(F): D:\maven\apache-maven-3.9.16\lib\httpcore.license
               Does not yet exist on server.
Retrying request for file upload URL(s): return status was : 401
Retrying request for file upload URL(s): return status was : 401
Retrying request for file upload URL(s): return status was : 401
Retrying request for file upload URL(s): return status was : 401
Retrying request for file upload URL(s): return status was : 401

PROCESSING(F): D:\maven\apache-maven-3.9.16\lib\jansi-2.4.3.jar
               Does not yet exist on server.
Retrying request for file upload URL(s): return status was : 401
Retrying request for file upload URL(s): return status was : 401
Retrying request for file upload URL(s): return status was : 401
Retrying request for file upload URL(s): return status was : 401
Retrying request for file upload URL(s): return status was : 401

PROCESSING(F): D:\maven\apache-maven-3.9.16\lib\jansi.license
               Does not yet exist on server.
Retrying request for file upload URL(s): return status was : 401
Retrying request for file upload URL(s): return status was : 401
Retrying request for file upload URL(s): return status was : 401
Retrying request for file upload URL(s): return status was : 401
Retrying request for file upload URL(s): return status was : 401

PROCESSING(F): D:\maven\apache-maven-3.9.16\lib\javax.annotation-api-1.3.2.jar
               Does not yet exist on server.
Retrying request for file upload URL(s): return status was : 401
Retrying request for file upload URL(s): return status was : 401
Retrying request for file upload URL(s): return status was : 401
Retrying request for file upload URL(s): return status was : 401
Retrying request for file upload URL(s): return status was : 401

PROCESSING(F): D:\maven\apache-maven-3.9.16\lib\javax.annotation-api.license
               Does not yet exist on server.
Retrying request for file upload URL(s): return status was : 401
Retrying request for file upload URL(s): return status was : 401
Retrying request for file upload URL(s): return status was : 401
Retrying request for file upload URL(s): return status was : 401
Retrying request for file upload URL(s): return status was : 401

PROCESSING(F): D:\maven\apache-maven-3.9.16\lib\javax.inject-1.jar
               Does not yet exist on server.
Retrying request for file upload URL(s): return status was : 401
Retrying request for file upload URL(s): return status was : 401
Retrying request for file upload URL(s): return status was : 401
Retrying request for file upload URL(s): return status was : 401
Retrying request for file upload URL(s): return status was : 401

PROCESSING(F): D:\maven\apache-maven-3.9.16\lib\javax.inject.license
               Does not yet exist on server.
Retrying request for file upload URL(s): return status was : 401
Retrying request for file upload URL(s): return status was : 401
Retrying request for file upload URL(s): return status was : 401
Retrying request for file upload URL(s): return status was : 401
Retrying request for file upload URL(s): return status was : 401

PROCESSING(F): D:\maven\apache-maven-3.9.16\lib\jcl-over-slf4j-1.7.36.jar
               Does not yet exist on server.
Retrying request for file upload URL(s): return status was : 401
Retrying request for file upload URL(s): return status was : 401
Retrying request for file upload URL(s): return status was : 401
Retrying request for file upload URL(s): return status was : 401
Retrying request for file upload URL(s): return status was : 401

PROCESSING(F): D:\maven\apache-maven-3.9.16\lib\jcl-over-slf4j.license
               Does not yet exist on server.
Retrying request for file upload URL(s): return status was : 401
Retrying request for file upload URL(s): return status was : 401
Retrying request for file upload URL(s): return status was : 401
Retrying request for file upload URL(s): return status was : 401
Retrying request for file upload URL(s): return status was : 401

PROCESSING(F): D:\maven\apache-maven-3.9.16\lib\jspecify-1.0.0.jar
               Does not yet exist on server.
Retrying request for file upload URL(s): return status was : 401
Retrying request for file upload URL(s): return status was : 401
Retrying request for file upload URL(s): return status was : 401
Retrying request for file upload URL(s): return status was : 401
Retrying request for file upload URL(s): return status was : 401

PROCESSING(F): D:\maven\apache-maven-3.9.16\lib\jspecify.license
               Does not yet exist on server.
Retrying request for file upload URL(s): return status was : 401
Retrying request for file upload URL(s): return status was : 401
Retrying request for file upload URL(s): return status was : 401
Retrying request for file upload URL(s): return status was : 401
Retrying request for file upload URL(s): return status was : 401

PROCESSING(F): D:\maven\apache-maven-3.9.16\lib\maven-artifact-3.9.16.jar
               Does not yet exist on server.
Retrying request for file upload URL(s): return status was : 401
Retrying request for file upload URL(s): return status was : 401
Retrying request for file upload URL(s): return status was : 401
Retrying request for file upload URL(s): return status was : 401
Retrying request for file upload URL(s): return status was : 401

PROCESSING(F): D:\maven\apache-maven-3.9.16\lib\maven-builder-support-3.9.16.jar
               Does not yet exist on server.
Retrying request for file upload URL(s): return status was : 401
Retrying request for file upload URL(s): return status was : 401
Retrying request for file upload URL(s): return status was : 401
Retrying request for file upload URL(s): return status was : 401
Retrying request for file upload URL(s): return status was : 401

PROCESSING(F): D:\maven\apache-maven-3.9.16\lib\maven-compat-3.9.16.jar
               Does not yet exist on server.
Retrying request for file upload URL(s): return status was : 401
Retrying request for file upload URL(s): return status was : 401
Retrying request for file upload URL(s): return status was : 401
Retrying request for file upload URL(s): return status was : 401
Retrying request for file upload URL(s): return status was : 401

PROCESSING(F): D:\maven\apache-maven-3.9.16\lib\maven-core-3.9.16.jar
               Does not yet exist on server.
Retrying request for file upload URL(s): return status was : 401
Retrying request for file upload URL(s): return status was : 401
Retrying request for file upload URL(s): return status was : 401
Retrying request for file upload URL(s): return status was : 401
Retrying request for file upload URL(s): return status was : 401

PROCESSING(F): D:\maven\apache-maven-3.9.16\lib\maven-embedder-3.9.16.jar
               Does not yet exist on server.
Retrying request for file upload URL(s): return status was : 401
Retrying request for file upload URL(s): return status was : 401
Retrying request for file upload URL(s): return status was : 401
Retrying request for file upload URL(s): return status was : 401
Retrying request for file upload URL(s): return status was : 401

PROCESSING(F): D:\maven\apache-maven-3.9.16\lib\maven-model-3.9.16.jar
               Does not yet exist on server.
Retrying request for file upload URL(s): return status was : 401
Retrying request for file upload URL(s): return status was : 401
Retrying request for file upload URL(s): return status was : 401
Retrying request for file upload URL(s): return status was : 401
Retrying request for file upload URL(s): return status was : 401

PROCESSING(F): D:\maven\apache-maven-3.9.16\lib\maven-model-builder-3.9.16.jar
               Does not yet exist on server.
Retrying request for file upload URL(s): return status was : 401
Retrying request for file upload URL(s): return status was : 401
Retrying request for file upload URL(s): return status was : 401
Retrying request for file upload URL(s): return status was : 401
Retrying request for file upload URL(s): return status was : 401

PROCESSING(F): D:\maven\apache-maven-3.9.16\lib\maven-plugin-api-3.9.16.jar
               Does not yet exist on server.
Retrying request for file upload URL(s): return status was : 401
Retrying request for file upload URL(s): return status was : 401
Retrying request for file upload URL(s): return status was : 401
Retrying request for file upload URL(s): return status was : 401
Retrying request for file upload URL(s): return status was : 401

PROCESSING(F): D:\maven\apache-maven-3.9.16\lib\maven-repository-metadata-3.9.16.jar
               Does not yet exist on server.
Retrying request for file upload URL(s): return status was : 401
Retrying request for file upload URL(s): return status was : 401
Retrying request for file upload URL(s): return status was : 401
Retrying request for file upload URL(s): return status was : 401
Retrying request for file upload URL(s): return status was : 401

PROCESSING(F): D:\maven\apache-maven-3.9.16\lib\maven-resolver-api-1.9.27.jar
               Does not yet exist on server.
Retrying request for file upload URL(s): return status was : 401
Retrying request for file upload URL(s): return status was : 401
Retrying request for file upload URL(s): return status was : 401
Retrying request for file upload URL(s): return status was : 401
Retrying request for file upload URL(s): return status was : 401

PROCESSING(F): D:\maven\apache-maven-3.9.16\lib\maven-resolver-connector-basic-1.9.27.jar
               Does not yet exist on server.
Retrying request for file upload URL(s): return status was : 401
Retrying request for file upload URL(s): return status was : 401
Retrying request for file upload URL(s): return status was : 401
Retrying request for file upload URL(s): return status was : 401
Retrying request for file upload URL(s): return status was : 401

PROCESSING(F): D:\maven\apache-maven-3.9.16\lib\maven-resolver-impl-1.9.27.jar
               Does not yet exist on server.
Retrying request for file upload URL(s): return status was : 401
Retrying request for file upload URL(s): return status was : 401
Retrying request for file upload URL(s): return status was : 401
Retrying request for file upload URL(s): return status was : 401
Retrying request for file upload URL(s): return status was : 401

PROCESSING(F): D:\maven\apache-maven-3.9.16\lib\maven-resolver-named-locks-1.9.27.jar
               Does not yet exist on server.
Retrying request for file upload URL(s): return status was : 401
Retrying request for file upload URL(s): return status was : 401
Retrying request for file upload URL(s): return status was : 401
Retrying request for file upload URL(s): return status was : 401
Retrying request for file upload URL(s): return status was : 401

PROCESSING(F): D:\maven\apache-maven-3.9.16\lib\maven-resolver-provider-3.9.16.jar
               Does not yet exist on server.
Retrying request for file upload URL(s): return status was : 401
Retrying request for file upload URL(s): return status was : 401
Retrying request for file upload URL(s): return status was : 401
Retrying request for file upload URL(s): return status was : 401
Retrying request for file upload URL(s): return status was : 401

PROCESSING(F): D:\maven\apache-maven-3.9.16\lib\maven-resolver-spi-1.9.27.jar
               Does not yet exist on server.
Retrying request for file upload URL(s): return status was : 401
Retrying request for file upload URL(s): return status was : 401
Retrying request for file upload URL(s): return status was : 401
Retrying request for file upload URL(s): return status was : 401
Retrying request for file upload URL(s): return status was : 401

PROCESSING(F): D:\maven\apache-maven-3.9.16\lib\maven-resolver-transport-file-1.9.27.jar
               Does not yet exist on server.
Retrying request for file upload URL(s): return status was : 401
Retrying request for file upload URL(s): return status was : 401
Retrying request for file upload URL(s): return status was : 401
Retrying request for file upload URL(s): return status was : 401
Retrying request for file upload URL(s): return status was : 401

PROCESSING(F): D:\maven\apache-maven-3.9.16\lib\maven-resolver-transport-http-1.9.27.jar
               Does not yet exist on server.
Retrying request for file upload URL(s): return status was : 401
Retrying request for file upload URL(s): return status was : 401
Retrying request for file upload URL(s): return status was : 401
Retrying request for file upload URL(s): return status was : 401
Retrying request for file upload URL(s): return status was : 401

PROCESSING(F): D:\maven\apache-maven-3.9.16\lib\maven-resolver-transport-wagon-1.9.27.jar
               Does not yet exist on server.
Retrying request for file upload URL(s): return status was : 401
Retrying request for file upload URL(s): return status was : 401
Retrying request for file upload URL(s): return status was : 401
Retrying request for file upload URL(s): return status was : 401
Retrying request for file upload URL(s): return status was : 401

PROCESSING(F): D:\maven\apache-maven-3.9.16\lib\maven-resolver-util-1.9.27.jar
               Does not yet exist on server.
Retrying request for file upload URL(s): return status was : 401
Retrying request for file upload URL(s): return status was : 401
Retrying request for file upload URL(s): return status was : 401
Retrying request for file upload URL(s): return status was : 401
Retrying request for file upload URL(s): return status was : 401

PROCESSING(F): D:\maven\apache-maven-3.9.16\lib\maven-settings-3.9.16.jar
               Does not yet exist on server.
Retrying request for file upload URL(s): return status was : 401
Retrying request for file upload URL(s): return status was : 401
Retrying request for file upload URL(s): return status was : 401
Retrying request for file upload URL(s): return status was : 401
Retrying request for file upload URL(s): return status was : 401

PROCESSING(F): D:\maven\apache-maven-3.9.16\lib\maven-settings-builder-3.9.16.jar
               Does not yet exist on server.
Retrying request for file upload URL(s): return status was : 401
Retrying request for file upload URL(s): return status was : 401
Retrying request for file upload URL(s): return status was : 401
Retrying request for file upload URL(s): return status was : 401
Retrying request for file upload URL(s): return status was : 401

PROCESSING(F): D:\maven\apache-maven-3.9.16\lib\maven-shared-utils-3.4.2.jar
               Does not yet exist on server.
Retrying request for file upload URL(s): return status was : 401
Retrying request for file upload URL(s): return status was : 401
Retrying request for file upload URL(s): return status was : 401
Retrying request for file upload URL(s): return status was : 401
Retrying request for file upload URL(s): return status was : 401

PROCESSING(F): D:\maven\apache-maven-3.9.16\lib\maven-slf4j-provider-3.9.16.jar
               Does not yet exist on server.
Retrying request for file upload URL(s): return status was : 401
Retrying request for file upload URL(s): return status was : 401
Retrying request for file upload URL(s): return status was : 401
Retrying request for file upload URL(s): return status was : 401
Retrying request for file upload URL(s): return status was : 401

PROCESSING(F): D:\maven\apache-maven-3.9.16\lib\org.eclipse.sisu.inject-1.0.0.jar
               Does not yet exist on server.
Retrying request for file upload URL(s): return status was : 401
Retrying request for file upload URL(s): return status was : 401
Retrying request for file upload URL(s): return status was : 401
Retrying request for file upload URL(s): return status was : 401
Retrying request for file upload URL(s): return status was : 401

PROCESSING(F): D:\maven\apache-maven-3.9.16\lib\org.eclipse.sisu.inject.license
               Does not yet exist on server.
Retrying request for file upload URL(s): return status was : 401
Retrying request for file upload URL(s): return status was : 401
Retrying request for file upload URL(s): return status was : 401
Retrying request for file upload URL(s): return status was : 401
Retrying request for file upload URL(s): return status was : 401

PROCESSING(F): D:\maven\apache-maven-3.9.16\lib\org.eclipse.sisu.plexus-1.0.0.jar
               Does not yet exist on server.
Retrying request for file upload URL(s): return status was : 401
Retrying request for file upload URL(s): return status was : 401
Retrying request for file upload URL(s): return status was : 401
Retrying request for file upload URL(s): return status was : 401
Retrying request for file upload URL(s): return status was : 401

PROCESSING(F): D:\maven\apache-maven-3.9.16\lib\org.eclipse.sisu.plexus.license
               Does not yet exist on server.
Retrying request for file upload URL(s): return status was : 401
Retrying request for file upload URL(s): return status was : 401
Retrying request for file upload URL(s): return status was : 401
Retrying request for file upload URL(s): return status was : 401
Retrying request for file upload URL(s): return status was : 401

PROCESSING(F): D:\maven\apache-maven-3.9.16\lib\plexus-cipher-2.0.jar
               Does not yet exist on server.
Retrying request for file upload URL(s): return status was : 401
Retrying request for file upload URL(s): return status was : 401
Retrying request for file upload URL(s): return status was : 401
Retrying request for file upload URL(s): return status was : 401
Retrying request for file upload URL(s): return status was : 401

PROCESSING(F): D:\maven\apache-maven-3.9.16\lib\plexus-cipher.license
               Does not yet exist on server.
Retrying request for file upload URL(s): return status was : 401
Retrying request for file upload URL(s): return status was : 401
Retrying request for file upload URL(s): return status was : 401
Retrying request for file upload URL(s): return status was : 401
Retrying request for file upload URL(s): return status was : 401

PROCESSING(F): D:\maven\apache-maven-3.9.16\lib\plexus-component-annotations-2.2.0.jar
               Does not yet exist on server.
Retrying request for file upload URL(s): return status was : 401
Retrying request for file upload URL(s): return status was : 401
Retrying request for file upload URL(s): return status was : 401
Retrying request for file upload URL(s): return status was : 401
Retrying request for file upload URL(s): return status was : 401

PROCESSING(F): D:\maven\apache-maven-3.9.16\lib\plexus-component-annotations.license
               Does not yet exist on server.
Retrying request for file upload URL(s): return status was : 401
Retrying request for file upload URL(s): return status was : 401
Retrying request for file upload URL(s): return status was : 401
Retrying request for file upload URL(s): return status was : 401
Retrying request for file upload URL(s): return status was : 401

PROCESSING(F): D:\maven\apache-maven-3.9.16\lib\plexus-interpolation-1.29.jar
               Does not yet exist on server.
Retrying request for file upload URL(s): return status was : 401
Retrying request for file upload URL(s): return status was : 401
Retrying request for file upload URL(s): return status was : 401
Retrying request for file upload URL(s): return status was : 401
Retrying request for file upload URL(s): return status was : 401

PROCESSING(F): D:\maven\apache-maven-3.9.16\lib\plexus-interpolation.license
               Does not yet exist on server.
Retrying request for file upload URL(s): return status was : 401
Retrying request for file upload URL(s): return status was : 401
Retrying request for file upload URL(s): return status was : 401
Retrying request for file upload URL(s): return status was : 401
Retrying request for file upload URL(s): return status was : 401

PROCESSING(F): D:\maven\apache-maven-3.9.16\lib\plexus-sec-dispatcher-2.0.jar
               Does not yet exist on server.
Retrying request for file upload URL(s): return status was : 401
Retrying request for file upload URL(s): return status was : 401
Retrying request for file upload URL(s): return status was : 401
Retrying request for file upload URL(s): return status was : 401
Retrying request for file upload URL(s): return status was : 401

PROCESSING(F): D:\maven\apache-maven-3.9.16\lib\plexus-sec-dispatcher.license
               Does not yet exist on server.
Retrying request for file upload URL(s): return status was : 401
Retrying request for file upload URL(s): return status was : 401
Retrying request for file upload URL(s): return status was : 401
Retrying request for file upload URL(s): return status was : 401
Retrying request for file upload URL(s): return status was : 401

PROCESSING(F): D:\maven\apache-maven-3.9.16\lib\plexus-utils-3.6.1.jar
               Does not yet exist on server.
Retrying request for file upload URL(s): return status was : 401
Retrying request for file upload URL(s): return status was : 401
Retrying request for file upload URL(s): return status was : 401
Retrying request for file upload URL(s): return status was : 401
Retrying request for file upload URL(s): return status was : 401

PROCESSING(F): D:\maven\apache-maven-3.9.16\lib\plexus-utils.license
               Does not yet exist on server.
Retrying request for file upload URL(s): return status was : 401
Retrying request for file upload URL(s): return status was : 401
Retrying request for file upload URL(s): return status was : 401
Retrying request for file upload URL(s): return status was : 401
Retrying request for file upload URL(s): return status was : 401

PROCESSING(F): D:\maven\apache-maven-3.9.16\lib\slf4j-api-1.7.36.jar
               Does not yet exist on server.
Retrying request for file upload URL(s): return status was : 401
Retrying request for file upload URL(s): return status was : 401
Retrying request for file upload URL(s): return status was : 401
Retrying request for file upload URL(s): return status was : 401
Retrying request for file upload URL(s): return status was : 401

PROCESSING(F): D:\maven\apache-maven-3.9.16\lib\slf4j-api.license
               Does not yet exist on server.
Retrying request for file upload URL(s): return status was : 401
Retrying request for file upload URL(s): return status was : 401
Retrying request for file upload URL(s): return status was : 401
Retrying request for file upload URL(s): return status was : 401
Retrying request for file upload URL(s): return status was : 401

PROCESSING(F): D:\maven\apache-maven-3.9.16\lib\wagon-file-3.5.3.jar
               Does not yet exist on server.
Retrying request for file upload URL(s): return status was : 401
Retrying request for file upload URL(s): return status was : 401
Retrying request for file upload URL(s): return status was : 401
Retrying request for file upload URL(s): return status was : 401
Retrying request for file upload URL(s): return status was : 401

PROCESSING(F): D:\maven\apache-maven-3.9.16\lib\wagon-http-3.5.3.jar
               Does not yet exist on server.
Retrying request for file upload URL(s): return status was : 401
Retrying request for file upload URL(s): return status was : 401
Retrying request for file upload URL(s): return status was : 401
Retrying request for file upload URL(s): return status was : 401
Retrying request for file upload URL(s): return status was : 401

PROCESSING(F): D:\maven\apache-maven-3.9.16\lib\wagon-http-shared-3.5.3.jar
               Does not yet exist on server.
Retrying request for file upload URL(s): return status was : 401
Retrying request for file upload URL(s): return status was : 401
Retrying request for file upload URL(s): return status was : 401
Retrying request for file upload URL(s): return status was : 401
Retrying request for file upload URL(s): return status was : 401

PROCESSING(F): D:\maven\apache-maven-3.9.16\lib\wagon-provider-api-3.5.3.jar
               Does not yet exist on server.
Retrying request for file upload URL(s): return status was : 401
Retrying request for file upload URL(s): return status was : 401
Retrying request for file upload URL(s): return status was : 401
Retrying request for file upload URL(s): return status was : 401
Retrying request for file upload URL(s): return status was : 401
Error response when processing files in lib : Unauthorized
{"status":"ERROR","message":"Bad API key"}

PROCESSING(F): D:\maven\apache-maven-3.9.16\LICENSE
               Does not yet exist on server.
Retrying request for file upload URL(s): return status was : 401
Retrying request for file upload URL(s): return status was : 401
Retrying request for file upload URL(s): return status was : 401
Retrying request for file upload URL(s): return status was : 401
Retrying request for file upload URL(s): return status was : 401

PROCESSING(F): D:\maven\apache-maven-3.9.16\NOTICE
               Does not yet exist on server.
Retrying request for file upload URL(s): return status was : 401
Retrying request for file upload URL(s): return status was : 401
Retrying request for file upload URL(s): return status was : 401
Retrying request for file upload URL(s): return status was : 401
Retrying request for file upload URL(s): return status was : 401

PROCESSING(F): D:\maven\apache-maven-3.9.16\README.txt
               Does not yet exist on server.
Retrying request for file upload URL(s): return status was : 401
Retrying request for file upload URL(s): return status was : 401
Retrying request for file upload URL(s): return status was : 401
Retrying request for file upload URL(s): return status was : 401
Retrying request for file upload URL(s): return status was : 401
Error response when processing files in apache-maven-3.9.16 : Unauthorized
{"status":"ERROR","message":"Bad API key"}
Error response when processing files in maven : Unauthorized
{"status":"ERROR","message":"Bad API key"}
Error response when processing files in  : Unauthorized
{"status":"ERROR","message":"Bad API key"}
