
----------------------------------------------------------------------------------

TTTTT  DDD   L    Texas
  T    D  D  L    Digital
  T    DDD   LLL  Library

DVUploader - a command-line application to upload files to any Dataverse Dataset
Developed with support from TDL and GDCC for the Dataverse Community
See the wiki at https://github.com/GlobalDataverseCommunityConsortium/dataverse-uploader for information on using DVUploader.

----------------------------------------------------------------------------------

-server=https://demo.recherche.data.gouv.fr -key=<apiKey> -did=doi:10.82233/4EQOPD -manifest=C:\Users\Shadow\AppData\Local\Temp\rdg_arbodv_manifest_138bccba-ba7d-4593-9f08-c72c8c87b933.json -recurse -noIngest

***Parsing arguments:***

Using server: https://demo.recherche.data.gouv.fr
Using apiKey: 47ad1cb9-0362-4145-9906-80f6fd944cbb
Adding content to: doi:10.82233/4EQOPD
Using manifest file: C:\Users\Shadow\AppData\Local\Temp\rdg_arbodv_manifest_138bccba-ba7d-4593-9f08-c72c8c87b933.json
Will recurse into subdirectories
Telling Dataverse to skip ingest for tabular files

***Starting to Process Upload Requests:***

Using FixityAlgorithm configured for this Dataverse: MD5

PROCESSING(D): 
              Does not exist on server.
Preproc: 

PROCESSING(F): C:\Users\Shadow\Downloads\testcsvvvvvv.csv
               Does not yet exist on server.
               UPLOADED as: MD5:fc175be9de77730a034168d618ecd11e
CURRENT TOTAL: 1 files :35 bytes
1 files successfully added from this folder
