2026-06-23 14:59:12Z | DELETE file 8441 failed: NotFound - {"status":"ERROR","message":"File with ID 8441 not found."}
2026-06-23 14:59:12Z | DELETE file 8440 failed: NotFound - {"status":"ERROR","message":"File with ID 8440 not found."}
2026-06-23 15:02:28Z | DELETE file 8446 already deleted (returned NotFound, treated as success).
2026-06-23 15:02:28Z | DELETE file 8447 already deleted (returned NotFound, treated as success).
2026-06-23 15:02:28Z | DELETE file 8445 already deleted (returned NotFound, treated as success).
2026-06-23 15:02:28Z | DELETE file 8445 already deleted (returned NotFound, treated as success).
2026-06-23 15:02:29Z | DELETE file 8446 already deleted (returned NotFound, treated as success).
2026-06-23 15:02:31Z | DELETE file 8536 already deleted (returned NotFound, treated as success).
2026-06-23 15:02:33Z | DELETE file 8531 already deleted (returned NotFound, treated as success).
2026-06-23 15:02:33Z | DELETE file 8531 already deleted (returned NotFound, treated as success).
2026-06-23 15:04:06Z | DELETE file 8538 already deleted (returned NotFound, treated as success).
2026-06-23 15:04:07Z | DELETE file 8543 already deleted (returned NotFound, treated as success).
2026-06-23 15:04:08Z | DELETE file 8541 already deleted (returned NotFound, treated as success).
2026-06-23 15:04:08Z | DELETE file 8542 already deleted (returned NotFound, treated as success).
2026-06-23 15:04:08Z | DELETE file 8540 already deleted (returned NotFound, treated as success).
2026-06-23 15:04:09Z | DELETE file 8545 already deleted (returned NotFound, treated as success).
2026-06-23 15:04:09Z | DELETE file 8544 already deleted (returned NotFound, treated as success).
2026-06-23 15:04:09Z | DELETE file 8539 already deleted (returned NotFound, treated as success).
2026-06-23 15:20:14Z | DELETE file 8609 already deleted (returned NotFound, treated as success).
2026-06-23 15:20:15Z | DELETE file 8574 already deleted (returned NotFound, treated as success).
2026-06-23 15:20:15Z | DELETE file 8558 already deleted (returned NotFound, treated as success).
2026-06-23 15:20:15Z | DELETE file 8611 already deleted (returned NotFound, treated as success).
2026-06-23 15:20:15Z | DELETE file 8596 already deleted (returned NotFound, treated as success).
2026-06-23 15:20:15Z | DELETE file 8585 already deleted (returned NotFound, treated as success).
2026-06-23 15:20:15Z | DELETE file 8612 already deleted (returned NotFound, treated as success).
2026-06-23 15:20:15Z | DELETE file 8575 already deleted (returned NotFound, treated as success).
2026-06-23 15:20:15Z | DELETE file 8590 already deleted (returned NotFound, treated as success).
2026-06-23 15:20:16Z | DELETE file 8616 already deleted (returned NotFound, treated as success).
2026-06-23 15:20:16Z | DELETE file 8621 already deleted (returned NotFound, treated as success).
2026-06-23 15:20:16Z | DELETE file 8557 already deleted (returned NotFound, treated as success).
2026-06-23 15:20:16Z | DELETE file 8614 already deleted (returned NotFound, treated as success).
2026-06-23 15:20:16Z | DELETE file 8569 already deleted (returned NotFound, treated as success).
2026-06-23 15:20:16Z | DELETE file 8583 already deleted (returned NotFound, treated as success).
2026-06-23 15:20:16Z | DELETE file 8617 already deleted (returned NotFound, treated as success).
2026-06-23 15:20:16Z | DELETE file 8630 already deleted (returned NotFound, treated as success).
2026-06-23 15:20:16Z | DELETE file 8592 already deleted (returned NotFound, treated as success).
2026-06-23 15:20:16Z | DELETE file 8607 already deleted (returned NotFound, treated as success).
2026-06-23 15:20:16Z | DELETE file 8589 already deleted (returned NotFound, treated as success).
2026-06-23 15:20:16Z | DELETE file 8613 already deleted (returned NotFound, treated as success).
2026-06-23 15:20:16Z | DELETE file 8564 already deleted (returned NotFound, treated as success).
2026-06-23 15:20:16Z | DELETE file 8568 already deleted (returned NotFound, treated as success).
2026-06-23 15:20:16Z | DELETE file 8619 already deleted (returned NotFound, treated as success).
2026-06-23 15:20:16Z | DELETE file 8605 already deleted (returned NotFound, treated as success).
2026-06-23 15:20:16Z | DELETE file 8559 already deleted (returned NotFound, treated as success).
2026-06-23 15:20:16Z | DELETE file 8566 already deleted (returned NotFound, treated as success).
2026-06-23 15:20:17Z | DELETE file 8602 already deleted (returned NotFound, treated as success).
2026-06-23 15:20:17Z | DELETE file 8606 already deleted (returned NotFound, treated as success).
2026-06-23 15:20:17Z | DELETE file 8573 already deleted (returned NotFound, treated as success).
2026-06-23 15:20:17Z | DELETE file 8572 already deleted (returned NotFound, treated as success).
2026-06-23 15:20:17Z | DELETE file 8628 already deleted (returned NotFound, treated as success).
2026-06-23 15:20:17Z | DELETE file 8588 already deleted (returned NotFound, treated as success).
2026-06-23 15:20:17Z | DELETE file 8598 already deleted (returned NotFound, treated as success).
2026-06-23 15:20:18Z | DELETE file 8560 already deleted (returned NotFound, treated as success).
2026-06-23 15:20:18Z | DELETE file 8599 already deleted (returned NotFound, treated as success).
2026-06-23 15:20:18Z | DELETE file 8622 already deleted (returned NotFound, treated as success).
2026-06-23 15:20:18Z | DELETE file 8581 already deleted (returned NotFound, treated as success).
2026-06-23 15:20:18Z | DELETE file 8603 already deleted (returned NotFound, treated as success).
2026-06-23 15:20:18Z | DELETE file 8626 already deleted (returned NotFound, treated as success).
2026-06-23 15:20:18Z | DELETE file 8597 already deleted (returned NotFound, treated as success).
2026-06-23 15:20:18Z | DELETE file 8593 already deleted (returned NotFound, treated as success).
2026-06-23 15:20:18Z | DELETE file 8618 already deleted (returned NotFound, treated as success).
2026-06-23 15:20:18Z | DELETE file 8591 already deleted (returned NotFound, treated as success).
2026-06-23 15:20:18Z | DELETE file 8601 already deleted (returned NotFound, treated as success).
2026-06-23 15:20:19Z | DELETE file 8629 already deleted (returned NotFound, treated as success).
2026-06-23 15:20:19Z | DELETE file 8579 already deleted (returned NotFound, treated as success).
2026-06-23 15:20:19Z | DELETE file 8600 already deleted (returned NotFound, treated as success).
2026-06-23 15:20:19Z | DELETE file 8627 already deleted (returned NotFound, treated as success).
2026-06-23 15:20:19Z | DELETE file 8563 already deleted (returned NotFound, treated as success).
2026-06-23 15:20:19Z | DELETE file 8594 already deleted (returned NotFound, treated as success).
2026-06-23 15:20:19Z | DELETE file 8586 already deleted (returned NotFound, treated as success).
2026-06-23 15:20:19Z | DELETE file 8571 already deleted (returned NotFound, treated as success).
2026-06-23 15:20:19Z | DELETE file 8587 already deleted (returned NotFound, treated as success).
2026-06-23 15:20:19Z | DELETE file 8576 already deleted (returned NotFound, treated as success).
2026-06-23 15:20:19Z | DELETE file 8623 already deleted (returned NotFound, treated as success).
2026-06-23 15:20:19Z | DELETE file 8604 already deleted (returned NotFound, treated as success).
2026-06-23 15:20:19Z | DELETE file 8620 already deleted (returned NotFound, treated as success).
2026-06-23 15:20:19Z | DELETE file 8567 already deleted (returned NotFound, treated as success).
2026-06-23 15:20:20Z | DELETE file 8578 already deleted (returned NotFound, treated as success).
2026-06-23 15:20:20Z | DELETE file 8610 already deleted (returned NotFound, treated as success).
2026-06-23 15:20:20Z | DELETE file 8556 already deleted (returned NotFound, treated as success).
2026-06-23 15:20:20Z | DELETE file 8577 already deleted (returned NotFound, treated as success).
2026-06-23 15:20:20Z | DELETE file 8561 already deleted (returned NotFound, treated as success).
2026-06-23 15:20:20Z | DELETE file 8608 already deleted (returned NotFound, treated as success).
2026-06-23 15:20:20Z | DELETE file 8624 already deleted (returned NotFound, treated as success).
2026-06-23 15:20:20Z | DELETE file 8625 already deleted (returned NotFound, treated as success).
2026-06-23 15:20:20Z | DELETE file 8595 already deleted (returned NotFound, treated as success).
2026-06-23 15:20:20Z | DELETE file 8565 already deleted (returned NotFound, treated as success).
2026-06-23 15:20:20Z | DELETE file 8570 already deleted (returned NotFound, treated as success).
2026-06-23 15:20:21Z | DELETE file 8552 already deleted (returned NotFound, treated as success).
2026-06-23 15:20:21Z | DELETE file 8615 already deleted (returned NotFound, treated as success).
2026-06-23 15:20:21Z | DELETE file 8553 already deleted (returned NotFound, treated as success).
2026-06-23 15:20:21Z | DELETE file 8554 already deleted (returned NotFound, treated as success).
2026-06-23 15:20:21Z | DELETE file 8552 already deleted (returned NotFound, treated as success).
2026-06-23 15:20:21Z | DELETE file 8554 already deleted (returned NotFound, treated as success).
2026-06-23 15:20:21Z | DELETE file 8553 already deleted (returned NotFound, treated as success).
2026-06-23 15:20:22Z | DELETE file 8553 already deleted (returned NotFound, treated as success).
2026-06-23 15:20:22Z | DELETE file 8554 already deleted (returned NotFound, treated as success).
2026-06-23 15:20:22Z | DELETE file 8549 already deleted (returned NotFound, treated as success).
2026-06-23 15:20:22Z | DELETE file 8550 already deleted (returned NotFound, treated as success).
2026-06-23 15:20:22Z | DELETE file 8549 already deleted (returned NotFound, treated as success).
2026-06-23 15:20:22Z | DELETE file 8552 already deleted (returned NotFound, treated as success).
2026-06-23 15:20:23Z | DELETE file 8550 already deleted (returned NotFound, treated as success).
2026-06-23 15:20:23Z | DELETE file 8584 already deleted (returned NotFound, treated as success).
2026-06-23 15:20:23Z | DELETE file 8582 already deleted (returned NotFound, treated as success).
2026-06-23 15:20:23Z | DELETE file 8562 already deleted (returned NotFound, treated as success).
2026-06-23 15:20:23Z | DELETE file 8580 already deleted (returned NotFound, treated as success).
2026-06-23 16:29:39Z | DELETE file 8658 already deleted (returned NotFound, treated as success).
2026-06-23 16:29:40Z | DELETE file 8683 already deleted (returned NotFound, treated as success).
2026-06-23 16:29:40Z | DELETE file 8721 already deleted (returned NotFound, treated as success).
2026-06-23 16:29:40Z | DELETE file 8708 already deleted (returned NotFound, treated as success).
2026-06-23 16:29:40Z | DELETE file 8714 already deleted (returned NotFound, treated as success).
2026-06-23 16:29:41Z | DELETE file 8663 already deleted (returned NotFound, treated as success).
2026-06-23 16:29:41Z | DELETE file 8701 already deleted (returned NotFound, treated as success).
2026-06-23 16:29:41Z | DELETE file 8719 already deleted (returned NotFound, treated as success).
2026-06-23 16:29:41Z | DELETE file 8673 already deleted (returned NotFound, treated as success).
2026-06-23 16:29:41Z | DELETE file 8700 already deleted (returned NotFound, treated as success).
2026-06-23 16:29:42Z | DELETE file 8691 already deleted (returned NotFound, treated as success).
2026-06-23 16:29:42Z | DELETE file 8654 already deleted (returned NotFound, treated as success).
2026-06-23 16:29:42Z | DELETE file 8711 already deleted (returned NotFound, treated as success).
2026-06-23 16:29:42Z | DELETE file 8698 already deleted (returned NotFound, treated as success).
2026-06-23 16:29:42Z | DELETE file 8660 already deleted (returned NotFound, treated as success).
2026-06-23 16:29:42Z | DELETE file 8671 already deleted (returned NotFound, treated as success).
2026-06-23 16:29:42Z | DELETE file 8695 already deleted (returned NotFound, treated as success).
2026-06-23 16:29:42Z | DELETE file 8707 already deleted (returned NotFound, treated as success).
2026-06-23 16:29:42Z | DELETE file 8661 already deleted (returned NotFound, treated as success).
2026-06-23 16:29:42Z | DELETE file 8674 already deleted (returned NotFound, treated as success).
2026-06-23 16:29:43Z | DELETE file 8648 already deleted (returned NotFound, treated as success).
2026-06-23 16:29:43Z | DELETE file 8649 already deleted (returned NotFound, treated as success).
2026-06-23 16:29:43Z | DELETE file 8651 already deleted (returned NotFound, treated as success).
2026-06-23 16:29:43Z | DELETE file 8650 already deleted (returned NotFound, treated as success).
2026-06-23 16:29:43Z | DELETE file 8648 already deleted (returned NotFound, treated as success).
2026-06-23 16:29:43Z | DELETE file 8649 already deleted (returned NotFound, treated as success).
2026-06-23 16:29:43Z | DELETE file 8650 already deleted (returned NotFound, treated as success).
2026-06-23 16:29:43Z | DELETE file 8650 already deleted (returned NotFound, treated as success).
2026-06-23 16:29:43Z | DELETE file 8648 already deleted (returned NotFound, treated as success).
2026-06-23 16:29:43Z | DELETE file 8648 already deleted (returned NotFound, treated as success).
2026-06-23 16:29:43Z | DELETE file 8649 already deleted (returned NotFound, treated as success).
2026-06-23 16:29:43Z | DELETE file 8649 already deleted (returned NotFound, treated as success).
2026-06-23 16:29:43Z | DELETE file 8651 already deleted (returned NotFound, treated as success).
2026-06-23 16:29:43Z | DELETE file 8722 already deleted (returned NotFound, treated as success).
2026-06-23 16:29:43Z | DELETE file 8686 already deleted (returned NotFound, treated as success).
2026-06-23 16:29:43Z | DELETE file 8724 already deleted (returned NotFound, treated as success).
2026-06-23 16:29:43Z | DELETE file 8653 already deleted (returned NotFound, treated as success).
2026-06-23 16:29:44Z | DELETE file 8656 already deleted (returned NotFound, treated as success).
2026-06-23 16:29:44Z | DELETE file 8689 already deleted (returned NotFound, treated as success).
2026-06-23 16:29:44Z | DELETE file 8684 already deleted (returned NotFound, treated as success).
2026-06-23 16:29:44Z | DELETE file 8725 already deleted (returned NotFound, treated as success).
2026-06-23 16:29:44Z | DELETE file 8670 already deleted (returned NotFound, treated as success).
2026-06-23 16:29:44Z | DELETE file 8681 already deleted (returned NotFound, treated as success).
2026-06-23 16:29:44Z | DELETE file 8668 already deleted (returned NotFound, treated as success).
2026-06-23 16:29:45Z | DELETE file 8655 already deleted (returned NotFound, treated as success).
2026-06-23 16:29:45Z | DELETE file 8702 already deleted (returned NotFound, treated as success).
2026-06-23 16:29:45Z | DELETE file 8723 already deleted (returned NotFound, treated as success).
2026-06-23 16:29:45Z | DELETE file 8710 already deleted (returned NotFound, treated as success).
2026-06-23 16:29:45Z | DELETE file 8680 already deleted (returned NotFound, treated as success).
2026-06-23 16:29:45Z | DELETE file 8682 already deleted (returned NotFound, treated as success).
2026-06-23 16:29:45Z | DELETE file 8699 already deleted (returned NotFound, treated as success).
2026-06-23 16:30:51Z | DELETE file 8696 exception: An error occurred while sending the request.
2026-06-23 16:30:52Z | DELETE file 8712 already deleted (returned NotFound, treated as success).
2026-06-23 16:30:53Z | DELETE file 8703 already deleted (returned NotFound, treated as success).
2026-06-23 16:30:53Z | DELETE file 8694 already deleted (returned NotFound, treated as success).
2026-06-23 16:30:53Z | DELETE file 8676 already deleted (returned NotFound, treated as success).
2026-06-23 16:30:53Z | DELETE file 8713 already deleted (returned NotFound, treated as success).
2026-06-23 16:30:53Z | DELETE file 8705 already deleted (returned NotFound, treated as success).
2026-06-23 16:30:53Z | DELETE file 8652 already deleted (returned NotFound, treated as success).
2026-06-23 16:30:53Z | DELETE file 8706 already deleted (returned NotFound, treated as success).
2026-06-23 16:30:53Z | DELETE file 8690 already deleted (returned NotFound, treated as success).
2026-06-23 16:30:53Z | DELETE file 8672 already deleted (returned NotFound, treated as success).
2026-06-23 16:30:53Z | DELETE file 8697 already deleted (returned NotFound, treated as success).
2026-06-23 16:30:53Z | DELETE file 8657 already deleted (returned NotFound, treated as success).
2026-06-23 16:30:53Z | DELETE file 8664 already deleted (returned NotFound, treated as success).
2026-06-23 16:30:53Z | DELETE file 8718 already deleted (returned NotFound, treated as success).
2026-06-23 16:30:53Z | DELETE file 8669 already deleted (returned NotFound, treated as success).
2026-06-23 16:30:53Z | DELETE file 8678 already deleted (returned NotFound, treated as success).
2026-06-23 16:30:53Z | DELETE file 8666 already deleted (returned NotFound, treated as success).
2026-06-23 16:30:53Z | DELETE file 8693 already deleted (returned NotFound, treated as success).
2026-06-23 16:30:53Z | DELETE file 8715 already deleted (returned NotFound, treated as success).
2026-06-23 16:30:53Z | DELETE file 8720 already deleted (returned NotFound, treated as success).
2026-06-23 16:30:53Z | DELETE file 8716 already deleted (returned NotFound, treated as success).
2026-06-23 16:30:53Z | DELETE file 8675 already deleted (returned NotFound, treated as success).
2026-06-23 16:30:53Z | DELETE file 8679 already deleted (returned NotFound, treated as success).
2026-06-23 16:30:53Z | DELETE file 8677 already deleted (returned NotFound, treated as success).
2026-06-23 16:30:53Z | DELETE file 8687 already deleted (returned NotFound, treated as success).
2026-06-23 16:30:53Z | DELETE file 8645 already deleted (returned NotFound, treated as success).
2026-06-23 16:30:54Z | DELETE file 8647 already deleted (returned NotFound, treated as success).
2026-06-23 16:30:54Z | DELETE file 8646 already deleted (returned NotFound, treated as success).
2026-06-23 16:30:54Z | DELETE file 8645 already deleted (returned NotFound, treated as success).
2026-06-23 16:30:54Z | DELETE file 8645 already deleted (returned NotFound, treated as success).
2026-06-23 16:30:54Z | DELETE file 8647 already deleted (returned NotFound, treated as success).
2026-06-23 16:30:54Z | DELETE file 8646 already deleted (returned NotFound, treated as success).
2026-06-23 16:30:54Z | DELETE file 8646 already deleted (returned NotFound, treated as success).
2026-06-23 16:30:54Z | DELETE file 8662 already deleted (returned NotFound, treated as success).
2026-06-23 16:30:54Z | DELETE file 8704 already deleted (returned NotFound, treated as success).
2026-06-23 16:30:54Z | DELETE file 8665 already deleted (returned NotFound, treated as success).
2026-06-23 16:30:54Z | DELETE file 8659 already deleted (returned NotFound, treated as success).
2026-06-23 16:30:54Z | DELETE file 8726 already deleted (returned NotFound, treated as success).
2026-06-23 16:30:54Z | DELETE file 8717 already deleted (returned NotFound, treated as success).
2026-06-23 16:30:55Z | DELETE file 8634 exception: An error occurred while sending the request.
2026-06-23 16:30:55Z | DELETE file 8637 exception: Une tentative d’accès à un socket de manière interdite par ses autorisations d’accès a été tentée. (demo.recherche.data.gouv.fr:443)
2026-06-23 16:31:03Z | DELETE file 8638 already deleted (returned NotFound, treated as success).
2026-06-23 16:31:03Z | DELETE file 8635 already deleted (returned NotFound, treated as success).
2026-06-23 16:31:03Z | DELETE file 8636 already deleted (returned NotFound, treated as success).
2026-06-23 16:31:03Z | DELETE file 8639 already deleted (returned NotFound, treated as success).
2026-06-23 16:31:05Z | DELETE file 8640 already deleted (returned NotFound, treated as success).
2026-06-23 16:31:05Z | DELETE file 8641 already deleted (returned NotFound, treated as success).
2026-06-23 16:31:08Z | DELETE file 8692 already deleted (returned NotFound, treated as success).
2026-06-23 16:31:08Z | DELETE file 8688 already deleted (returned NotFound, treated as success).
2026-06-23 16:31:08Z | DELETE file 8709 already deleted (returned NotFound, treated as success).
2026-06-23 16:31:08Z | DELETE file 8667 already deleted (returned NotFound, treated as success).
2026-06-23 16:31:08Z | DELETE file 8685 already deleted (returned NotFound, treated as success).
2026-06-23 16:31:08Z | DELETE file 8650 already deleted (returned NotFound, treated as success).
2026-06-23 16:50:43Z | DELETE file 8885 already deleted (returned NotFound, treated as success).
2026-06-23 16:50:43Z | DELETE file 8867 already deleted (returned NotFound, treated as success).
2026-06-23 16:50:43Z | DELETE file 8883 already deleted (returned NotFound, treated as success).
2026-06-23 16:50:43Z | DELETE file 8870 already deleted (returned NotFound, treated as success).
2026-06-23 16:50:44Z | DELETE file 8872 already deleted (returned NotFound, treated as success).
2026-06-23 16:50:44Z | DELETE file 8877 already deleted (returned NotFound, treated as success).
2026-06-23 16:50:44Z | DELETE file 8884 already deleted (returned NotFound, treated as success).
2026-06-23 16:50:44Z | DELETE file 8874 already deleted (returned NotFound, treated as success).
2026-06-23 16:50:44Z | DELETE file 8866 already deleted (returned NotFound, treated as success).
2026-06-23 16:50:44Z | DELETE file 8876 already deleted (returned NotFound, treated as success).
2026-06-23 16:50:44Z | DELETE file 8881 already deleted (returned NotFound, treated as success).
2026-06-23 16:50:44Z | DELETE file 8873 already deleted (returned NotFound, treated as success).
2026-06-23 16:50:44Z | DELETE file 8875 already deleted (returned NotFound, treated as success).
2026-06-23 16:50:44Z | DELETE file 8879 already deleted (returned NotFound, treated as success).
2026-06-23 16:50:44Z | DELETE file 8868 already deleted (returned NotFound, treated as success).
2026-06-23 16:50:44Z | DELETE file 8882 already deleted (returned NotFound, treated as success).
2026-06-23 16:50:44Z | DELETE file 8872 already deleted (returned NotFound, treated as success).
2026-06-23 16:50:44Z | DELETE file 8880 already deleted (returned NotFound, treated as success).
2026-06-23 16:50:44Z | DELETE file 8871 already deleted (returned NotFound, treated as success).
2026-06-23 16:50:44Z | DELETE file 8877 already deleted (returned NotFound, treated as success).
2026-06-23 16:50:44Z | DELETE file 8869 already deleted (returned NotFound, treated as success).
2026-06-23 16:50:44Z | DELETE file 8867 already deleted (returned NotFound, treated as success).
2026-06-23 16:50:44Z | DELETE file 8874 already deleted (returned NotFound, treated as success).
2026-06-23 16:50:45Z | DELETE file 8870 already deleted (returned NotFound, treated as success).
2026-06-23 16:50:45Z | DELETE file 8884 already deleted (returned NotFound, treated as success).
2026-06-23 16:50:45Z | DELETE file 8876 already deleted (returned NotFound, treated as success).
2026-06-23 16:50:45Z | DELETE file 8866 already deleted (returned NotFound, treated as success).
2026-06-23 16:51:28Z | DELETE file 8873 exception: An error occurred while sending the request.
2026-06-23 16:51:30Z | DELETE file 8875 exception: Une connexion établie a été abandonnée par un logiciel de votre ordinateur hôte. (demo.recherche.data.gouv.fr:443)
2026-06-23 16:51:52Z | DELETE file 8879 exception: Une tentative de connexion a échoué car le parti connecté n’a pas répondu convenablement au-delà d’une certaine durée ou une connexion établie a échoué car l’hôte de connexion n’a pas répondu. (demo.recherche.data.gouv.fr:443)
2026-06-23 16:51:53Z | DELETE file 8871 exception: Une connexion établie a été abandonnée par un logiciel de votre ordinateur hôte. (demo.recherche.data.gouv.fr:443)
2026-06-23 16:51:54Z | DELETE file 8868 already deleted (returned NotFound, treated as success).
2026-06-23 16:51:54Z | DELETE file 8882 already deleted (returned NotFound, treated as success).
2026-06-23 16:51:54Z | DELETE file 8909 already deleted (returned NotFound, treated as success).
2026-06-23 16:51:54Z | DELETE file 8904 already deleted (returned NotFound, treated as success).
2026-06-23 16:51:54Z | DELETE file 8869 already deleted (returned NotFound, treated as success).
2026-06-23 16:51:56Z | DELETE file 8886 already deleted (returned NotFound, treated as success).
2026-06-23 16:51:56Z | DELETE file 8891 already deleted (returned NotFound, treated as success).
2026-06-23 16:51:56Z | DELETE file 8889 already deleted (returned NotFound, treated as success).
2026-06-23 16:51:56Z | DELETE file 8900 already deleted (returned NotFound, treated as success).
2026-06-23 16:51:56Z | DELETE file 8894 already deleted (returned NotFound, treated as success).
2026-06-23 16:51:56Z | DELETE file 8908 already deleted (returned NotFound, treated as success).
2026-06-23 16:51:56Z | DELETE file 8907 already deleted (returned NotFound, treated as success).
2026-06-23 16:51:57Z | DELETE file 8893 already deleted (returned NotFound, treated as success).
2026-06-23 16:51:57Z | DELETE file 8901 already deleted (returned NotFound, treated as success).
2026-06-23 16:51:57Z | DELETE file 8905 already deleted (returned NotFound, treated as success).
2026-06-23 16:51:57Z | DELETE file 8888 already deleted (returned NotFound, treated as success).
2026-06-23 16:51:57Z | DELETE file 8898 already deleted (returned NotFound, treated as success).
2026-06-23 16:51:57Z | DELETE file 8895 already deleted (returned NotFound, treated as success).
2026-06-23 16:51:57Z | DELETE file 8906 already deleted (returned NotFound, treated as success).
2026-06-23 16:51:57Z | DELETE file 8892 already deleted (returned NotFound, treated as success).
2026-06-23 16:51:57Z | DELETE file 8899 already deleted (returned NotFound, treated as success).
2026-06-23 16:51:57Z | DELETE file 8897 already deleted (returned NotFound, treated as success).
2026-06-23 16:51:59Z | DELETE file 8902 already deleted (returned NotFound, treated as success).
2026-06-23 16:53:35Z | DELETE file 8937 exception: An error occurred while sending the request.
2026-06-23 16:53:43Z | DELETE file 8890 exception: The SSL connection could not be established, see inner exception.
2026-06-23 16:53:50Z | DELETE file 8913 exception: The SSL connection could not be established, see inner exception.
2026-06-23 16:53:57Z | DELETE file 8927 exception: The SSL connection could not be established, see inner exception.
2026-06-23 16:54:04Z | DELETE file 8922 exception: The SSL connection could not be established, see inner exception.
2026-06-23 16:54:12Z | DELETE file 8938 exception: The SSL connection could not be established, see inner exception.
2026-06-23 16:54:19Z | DELETE file 8916 exception: The SSL connection could not be established, see inner exception.
2026-06-23 16:54:26Z | DELETE file 8923 exception: The SSL connection could not be established, see inner exception.
2026-06-23 16:54:33Z | DELETE file 8918 exception: The SSL connection could not be established, see inner exception.
2026-06-23 16:54:40Z | DELETE file 8925 exception: The SSL connection could not be established, see inner exception.
2026-06-23 16:54:48Z | DELETE file 8928 exception: The SSL connection could not be established, see inner exception.
2026-06-23 16:54:55Z | DELETE file 8919 exception: The SSL connection could not be established, see inner exception.
2026-06-23 16:55:02Z | DELETE file 8878 exception: The SSL connection could not be established, see inner exception.
2026-06-23 16:55:09Z | DELETE file 8903 exception: The SSL connection could not be established, see inner exception.
2026-06-23 16:55:17Z | DELETE file 8896 exception: The SSL connection could not be established, see inner exception.
2026-06-23 16:55:24Z | DELETE file 8890 exception: The SSL connection could not be established, see inner exception.
2026-06-23 16:55:31Z | DELETE file 8880 exception: The SSL connection could not be established, see inner exception.
2026-06-23 16:55:38Z | DELETE file 8883 exception: The SSL connection could not be established, see inner exception.
2026-06-23 16:55:46Z | DELETE file 8878 exception: The SSL connection could not be established, see inner exception.
2026-06-23 16:55:53Z | DELETE file 8881 exception: The SSL connection could not be established, see inner exception.
2026-06-23 16:56:00Z | DELETE file 8939 exception: The SSL connection could not be established, see inner exception.
2026-06-23 16:56:07Z | DELETE file 8887 exception: The SSL connection could not be established, see inner exception.
2026-06-23 16:56:15Z | DELETE file 8926 exception: The SSL connection could not be established, see inner exception.
2026-06-23 17:23:25Z | DELETE file 8798 already deleted (returned NotFound, treated as success).
2026-06-23 17:23:25Z | DELETE file 8808 already deleted (returned NotFound, treated as success).
2026-06-23 17:23:26Z | DELETE file 8806 already deleted (returned NotFound, treated as success).
2026-06-23 17:23:26Z | DELETE file 8789 already deleted (returned NotFound, treated as success).
2026-06-23 17:23:26Z | DELETE file 8791 already deleted (returned NotFound, treated as success).
2026-06-23 17:23:26Z | DELETE file 8800 already deleted (returned NotFound, treated as success).
2026-06-23 17:23:26Z | DELETE file 8790 already deleted (returned NotFound, treated as success).
2026-06-23 17:23:26Z | DELETE file 8787 already deleted (returned NotFound, treated as success).
2026-06-23 17:23:31Z | DELETE file 8792 already deleted (returned NotFound, treated as success).
2026-06-23 17:23:31Z | DELETE file 8788 already deleted (returned NotFound, treated as success).
2026-06-23 17:23:31Z | DELETE file 8797 already deleted (returned NotFound, treated as success).
2026-06-23 17:23:31Z | DELETE file 8793 already deleted (returned NotFound, treated as success).
2026-06-23 17:23:31Z | DELETE file 8804 already deleted (returned NotFound, treated as success).
2026-06-23 17:23:31Z | DELETE file 8802 already deleted (returned NotFound, treated as success).
2026-06-23 17:23:31Z | DELETE file 8807 already deleted (returned NotFound, treated as success).
2026-06-23 17:23:31Z | DELETE file 8795 already deleted (returned NotFound, treated as success).
2026-06-23 17:23:31Z | DELETE file 8796 already deleted (returned NotFound, treated as success).
2026-06-23 17:23:31Z | DELETE file 8805 already deleted (returned NotFound, treated as success).
2026-06-23 17:23:31Z | DELETE file 8799 already deleted (returned NotFound, treated as success).
2026-06-23 17:23:31Z | DELETE file 8809 already deleted (returned NotFound, treated as success).
2026-06-23 17:23:32Z | DELETE file 8803 already deleted (returned NotFound, treated as success).
2026-06-23 17:23:32Z | DELETE file 8829 already deleted (returned NotFound, treated as success).
2026-06-23 17:23:32Z | DELETE file 8812 already deleted (returned NotFound, treated as success).
2026-06-23 17:23:32Z | DELETE file 8801 already deleted (returned NotFound, treated as success).
2026-06-23 17:23:32Z | DELETE file 8835 already deleted (returned NotFound, treated as success).
2026-06-23 17:23:32Z | DELETE file 8819 already deleted (returned NotFound, treated as success).
2026-06-23 17:23:32Z | DELETE file 8832 already deleted (returned NotFound, treated as success).
2026-06-23 17:23:32Z | DELETE file 8811 already deleted (returned NotFound, treated as success).
2026-06-23 17:23:32Z | DELETE file 8831 already deleted (returned NotFound, treated as success).
2026-06-23 17:23:32Z | DELETE file 8794 already deleted (returned NotFound, treated as success).
2026-06-23 17:23:32Z | DELETE file 8810 already deleted (returned NotFound, treated as success).
2026-06-23 17:23:32Z | DELETE file 8821 already deleted (returned NotFound, treated as success).
2026-06-23 17:23:32Z | DELETE file 8824 already deleted (returned NotFound, treated as success).
2026-06-23 17:23:32Z | DELETE file 8825 already deleted (returned NotFound, treated as success).
2026-06-23 17:23:32Z | DELETE file 8815 already deleted (returned NotFound, treated as success).
2026-06-23 17:23:32Z | DELETE file 8836 already deleted (returned NotFound, treated as success).
2026-06-23 17:23:32Z | DELETE file 8818 already deleted (returned NotFound, treated as success).
2026-06-23 17:23:32Z | DELETE file 8820 already deleted (returned NotFound, treated as success).
2026-06-23 17:23:33Z | DELETE file 8822 already deleted (returned NotFound, treated as success).
2026-06-23 17:23:33Z | DELETE file 8833 already deleted (returned NotFound, treated as success).
2026-06-23 17:23:33Z | DELETE file 8823 already deleted (returned NotFound, treated as success).
2026-06-23 17:23:33Z | DELETE file 8834 already deleted (returned NotFound, treated as success).
2026-06-23 17:23:33Z | DELETE file 8817 already deleted (returned NotFound, treated as success).
2026-06-23 17:23:34Z | DELETE file 8813 already deleted (returned NotFound, treated as success).
2026-06-23 17:23:34Z | DELETE file 8826 already deleted (returned NotFound, treated as success).
2026-06-23 17:23:34Z | DELETE file 8828 already deleted (returned NotFound, treated as success).
2026-06-23 17:23:34Z | DELETE file 8798 already deleted (returned NotFound, treated as success).
2026-06-23 17:23:34Z | DELETE file 8827 already deleted (returned NotFound, treated as success).
2026-06-23 17:23:34Z | DELETE file 8808 already deleted (returned NotFound, treated as success).
2026-06-23 17:23:34Z | DELETE file 8806 already deleted (returned NotFound, treated as success).
2026-06-23 17:23:34Z | DELETE file 8789 already deleted (returned NotFound, treated as success).
2026-06-23 17:23:34Z | DELETE file 8814 already deleted (returned NotFound, treated as success).
2026-06-23 17:23:34Z | DELETE file 8791 already deleted (returned NotFound, treated as success).
2026-06-23 17:23:34Z | DELETE file 8800 already deleted (returned NotFound, treated as success).
2026-06-23 17:23:35Z | DELETE file 8830 already deleted (returned NotFound, treated as success).
2026-06-23 17:23:35Z | DELETE file 8792 already deleted (returned NotFound, treated as success).
2026-06-23 17:23:35Z | DELETE file 8804 already deleted (returned NotFound, treated as success).
2026-06-23 17:23:35Z | DELETE file 8788 already deleted (returned NotFound, treated as success).
2026-06-23 17:23:35Z | DELETE file 8790 already deleted (returned NotFound, treated as success).
2026-06-23 17:23:35Z | DELETE file 8793 already deleted (returned NotFound, treated as success).
2026-06-23 17:23:35Z | DELETE file 8802 already deleted (returned NotFound, treated as success).
2026-06-23 17:23:35Z | DELETE file 8809 already deleted (returned NotFound, treated as success).
2026-06-23 17:25:05Z | DELETE file 8796 exception: An error occurred while sending the request.
2026-06-23 17:25:12Z | DELETE file 8795 exception: The SSL connection could not be established, see inner exception.
2026-06-23 17:25:19Z | DELETE file 8805 exception: The SSL connection could not be established, see inner exception.
2026-06-23 17:25:27Z | DELETE file 8801 exception: The SSL connection could not be established, see inner exception.
2026-06-23 17:25:34Z | DELETE file 8799 exception: The SSL connection could not be established, see inner exception.
2026-06-23 17:25:41Z | DELETE file 8797 exception: The SSL connection could not be established, see inner exception.
2026-06-23 17:25:48Z | DELETE file 8794 exception: The SSL connection could not be established, see inner exception.
2026-06-23 17:25:56Z | DELETE file 8798 exception: The SSL connection could not be established, see inner exception.
2026-06-23 17:26:03Z | DELETE file 8808 exception: The SSL connection could not be established, see inner exception.
2026-06-23 17:26:10Z | DELETE file 8807 exception: The SSL connection could not be established, see inner exception.
2026-06-23 17:26:17Z | DELETE file 8806 exception: The SSL connection could not be established, see inner exception.
2026-06-23 17:26:25Z | DELETE file 8789 exception: The SSL connection could not be established, see inner exception.
2026-06-23 17:26:32Z | DELETE file 8803 exception: The SSL connection could not be established, see inner exception.
2026-06-23 17:26:39Z | DELETE file 8791 exception: The SSL connection could not be established, see inner exception.
2026-06-23 17:26:46Z | DELETE file 8790 exception: The SSL connection could not be established, see inner exception.
2026-06-23 17:26:54Z | DELETE file 8800 exception: The SSL connection could not be established, see inner exception.
2026-06-23 17:27:01Z | DELETE file 8787 exception: The SSL connection could not be established, see inner exception.
2026-06-23 17:27:08Z | DELETE file 8804 exception: The SSL connection could not be established, see inner exception.
2026-06-23 17:27:16Z | DELETE file 8788 exception: The SSL connection could not be established, see inner exception.
2026-06-23 17:27:23Z | DELETE file 8797 exception: The SSL connection could not be established, see inner exception.
2026-06-23 17:27:30Z | DELETE file 8792 exception: The SSL connection could not be established, see inner exception.
2026-06-23 17:27:37Z | DELETE file 8802 exception: The SSL connection could not be established, see inner exception.
2026-06-23 17:27:45Z | DELETE file 8809 exception: The SSL connection could not be established, see inner exception.
2026-06-23 17:27:52Z | DELETE file 8807 exception: The SSL connection could not be established, see inner exception.
2026-06-23 17:27:59Z | DELETE file 8795 exception: The SSL connection could not be established, see inner exception.
2026-06-23 17:28:06Z | DELETE file 8796 exception: The SSL connection could not be established, see inner exception.
2026-06-23 17:28:14Z | DELETE file 8805 exception: The SSL connection could not be established, see inner exception.
2026-06-23 17:28:21Z | DELETE file 8799 exception: The SSL connection could not be established, see inner exception.
2026-06-23 17:28:28Z | DELETE file 8803 exception: The SSL connection could not be established, see inner exception.
2026-06-23 17:28:35Z | DELETE file 8794 exception: The SSL connection could not be established, see inner exception.
2026-06-23 17:28:43Z | DELETE file 8793 exception: The SSL connection could not be established, see inner exception.
2026-06-23 17:28:50Z | DELETE file 8812 exception: The SSL connection could not be established, see inner exception.
2026-06-23 17:28:57Z | DELETE file 8819 exception: The SSL connection could not be established, see inner exception.
2026-06-23 17:29:05Z | DELETE file 8801 exception: The SSL connection could not be established, see inner exception.
2026-06-23 17:29:12Z | DELETE file 8829 exception: The SSL connection could not be established, see inner exception.
2026-06-23 17:29:19Z | DELETE file 8824 exception: The SSL connection could not be established, see inner exception.
2026-06-23 17:29:26Z | DELETE file 8811 exception: The SSL connection could not be established, see inner exception.
2026-06-23 17:29:34Z | DELETE file 8831 exception: The SSL connection could not be established, see inner exception.
2026-06-23 17:29:41Z | DELETE file 8832 exception: The SSL connection could not be established, see inner exception.
2026-06-23 17:29:48Z | DELETE file 8835 exception: The SSL connection could not be established, see inner exception.
2026-06-23 17:29:55Z | DELETE file 8821 exception: The SSL connection could not be established, see inner exception.
2026-06-23 17:30:03Z | DELETE file 8836 exception: The SSL connection could not be established, see inner exception.
2026-06-23 17:30:10Z | DELETE file 8810 exception: The SSL connection could not be established, see inner exception.
2026-06-23 17:30:17Z | DELETE file 8815 exception: The SSL connection could not be established, see inner exception.
2026-06-23 17:30:24Z | DELETE file 8818 exception: The SSL connection could not be established, see inner exception.
2026-06-23 17:30:32Z | DELETE file 8814 exception: The SSL connection could not be established, see inner exception.
2026-06-23 17:30:39Z | DELETE file 8822 exception: The SSL connection could not be established, see inner exception.
2026-06-23 17:30:46Z | DELETE file 8826 exception: The SSL connection could not be established, see inner exception.
2026-06-23 17:30:53Z | DELETE file 8820 exception: The SSL connection could not be established, see inner exception.
2026-06-23 17:31:01Z | DELETE file 8834 exception: The SSL connection could not be established, see inner exception.
2026-06-23 17:31:08Z | DELETE file 8823 exception: The SSL connection could not be established, see inner exception.
2026-06-23 17:31:15Z | DELETE file 8833 exception: The SSL connection could not be established, see inner exception.
2026-06-23 17:31:22Z | DELETE file 8817 exception: The SSL connection could not be established, see inner exception.
2026-06-23 17:31:30Z | DELETE file 8830 exception: The SSL connection could not be established, see inner exception.
2026-06-23 17:31:37Z | DELETE file 8816 exception: The SSL connection could not be established, see inner exception.
2026-06-23 17:31:44Z | DELETE file 8813 exception: The SSL connection could not be established, see inner exception.
2026-06-23 17:31:51Z | DELETE file 8787 exception: The SSL connection could not be established, see inner exception.
2026-06-23 17:31:58Z | DELETE file 8828 exception: The SSL connection could not be established, see inner exception.
2026-06-23 17:32:06Z | DELETE file 8745 exception: The SSL connection could not be established, see inner exception.
2026-06-23 17:32:13Z | DELETE file 8734 exception: The SSL connection could not be established, see inner exception.
2026-06-23 17:32:20Z | DELETE file 8747 exception: The SSL connection could not be established, see inner exception.
2026-06-23 17:32:28Z | DELETE file 8816 exception: The SSL connection could not be established, see inner exception.
2026-06-23 17:32:35Z | DELETE file 8750 exception: The SSL connection could not be established, see inner exception.
2026-06-23 18:52:21Z | DELETE file 8753 already deleted (returned NotFound, treated as success).
2026-06-23 18:52:21Z | DELETE file 8743 already deleted (returned NotFound, treated as success).
2026-06-23 18:52:21Z | DELETE file 8753 already deleted (returned NotFound, treated as success).
2026-06-23 18:52:22Z | DELETE file 8743 already deleted (returned NotFound, treated as success).
2026-06-23 22:32:41Z | DELETE file 9144 already deleted (returned NotFound, treated as success).
2026-06-23 22:32:41Z | DELETE file 9143 already deleted (returned NotFound, treated as success).
2026-06-23 22:32:42Z | DELETE file 9145 already deleted (returned NotFound, treated as success).
2026-06-23 22:32:45Z | DELETE file 9146 already deleted (returned NotFound, treated as success).
2026-06-23 22:32:45Z | DELETE file 9148 already deleted (returned NotFound, treated as success).
2026-06-23 22:32:46Z | DELETE file 9147 already deleted (returned NotFound, treated as success).
2026-06-24 14:39:04Z | DELETE file 9523 already deleted (returned NotFound, treated as success).
2026-06-24 14:39:04Z | DELETE file 9512 already deleted (returned NotFound, treated as success).
2026-06-24 14:39:05Z | DELETE file 9518 already deleted (returned NotFound, treated as success).
2026-06-24 14:39:05Z | DELETE file 9510 already deleted (returned NotFound, treated as success).
2026-06-24 14:39:05Z | DELETE file 9515 already deleted (returned NotFound, treated as success).
2026-06-24 14:39:06Z | DELETE file 9517 already deleted (returned NotFound, treated as success).
2026-06-24 14:39:06Z | DELETE file 9514 already deleted (returned NotFound, treated as success).
2026-06-24 14:39:07Z | DELETE file 9516 already deleted (returned NotFound, treated as success).
2026-06-24 14:39:07Z | DELETE file 9513 already deleted (returned NotFound, treated as success).
2026-06-24 14:39:07Z | DELETE file 9509 already deleted (returned NotFound, treated as success).
2026-06-24 14:39:08Z | DELETE file 9508 already deleted (returned NotFound, treated as success).
2026-06-24 14:39:08Z | DELETE file 9511 already deleted (returned NotFound, treated as success).
2026-06-24 14:39:08Z | DELETE file 9512 already deleted (returned NotFound, treated as success).
2026-06-24 14:39:09Z | DELETE file 9518 already deleted (returned NotFound, treated as success).
2026-06-24 14:39:09Z | DELETE file 9510 already deleted (returned NotFound, treated as success).
2026-06-24 14:39:10Z | DELETE file 9515 already deleted (returned NotFound, treated as success).
2026-06-24 14:39:10Z | DELETE file 9517 already deleted (returned NotFound, treated as success).
2026-06-24 14:39:10Z | DELETE file 9514 already deleted (returned NotFound, treated as success).
2026-06-24 14:39:11Z | DELETE file 9516 already deleted (returned NotFound, treated as success).
2026-06-24 14:39:11Z | DELETE file 9513 already deleted (returned NotFound, treated as success).
2026-06-24 14:39:12Z | DELETE file 9509 already deleted (returned NotFound, treated as success).
2026-06-24 14:39:12Z | DELETE file 9508 already deleted (returned NotFound, treated as success).
2026-06-24 14:39:12Z | DELETE file 9511 already deleted (returned NotFound, treated as success).
2026-06-24 14:39:13Z | DELETE file 9528 already deleted (returned NotFound, treated as success).
2026-06-24 14:39:13Z | DELETE file 9524 already deleted (returned NotFound, treated as success).
2026-06-24 14:39:35Z | DELETE file 9526 exception: An error occurred while sending the request.
2026-06-24 14:39:56Z | DELETE file 9503 exception: Une tentative de connexion a échoué car le parti connecté n’a pas répondu convenablement au-delà d’une certaine durée ou une connexion établie a échoué car l’hôte de connexion n’a pas répondu. (demo.recherche.data.gouv.fr:443)
2026-06-24 14:40:18Z | DELETE file 9506 exception: Une tentative de connexion a échoué car le parti connecté n’a pas répondu convenablement au-delà d’une certaine durée ou une connexion établie a échoué car l’hôte de connexion n’a pas répondu. (demo.recherche.data.gouv.fr:443)
2026-06-24 14:40:39Z | DELETE file 9500 exception: Une tentative de connexion a échoué car le parti connecté n’a pas répondu convenablement au-delà d’une certaine durée ou une connexion établie a échoué car l’hôte de connexion n’a pas répondu. (demo.recherche.data.gouv.fr:443)
2026-06-24 14:41:01Z | DELETE file 9507 exception: Une tentative de connexion a échoué car le parti connecté n’a pas répondu convenablement au-delà d’une certaine durée ou une connexion établie a échoué car l’hôte de connexion n’a pas répondu. (demo.recherche.data.gouv.fr:443)
2026-06-24 14:41:22Z | DELETE file 9504 exception: Une tentative de connexion a échoué car le parti connecté n’a pas répondu convenablement au-delà d’une certaine durée ou une connexion établie a échoué car l’hôte de connexion n’a pas répondu. (demo.recherche.data.gouv.fr:443)
2026-06-24 14:41:43Z | DELETE file 9502 exception: Une tentative de connexion a échoué car le parti connecté n’a pas répondu convenablement au-delà d’une certaine durée ou une connexion établie a échoué car l’hôte de connexion n’a pas répondu. (demo.recherche.data.gouv.fr:443)
2026-06-24 14:44:03Z | DELETE file 9385 already deleted (returned NotFound, treated as success).
2026-06-24 14:44:03Z | DELETE file 9379 already deleted (returned NotFound, treated as success).
2026-06-24 14:44:03Z | DELETE file 9366 already deleted (returned NotFound, treated as success).
2026-06-24 14:44:04Z | DELETE file 9372 already deleted (returned NotFound, treated as success).
2026-06-24 14:44:04Z | DELETE file 9368 already deleted (returned NotFound, treated as success).
2026-06-24 14:44:05Z | DELETE file 9362 already deleted (returned NotFound, treated as success).
2026-06-24 14:44:05Z | DELETE file 9373 already deleted (returned NotFound, treated as success).
2026-06-24 14:44:05Z | DELETE file 9365 already deleted (returned NotFound, treated as success).
2026-06-24 14:44:06Z | DELETE file 9364 already deleted (returned NotFound, treated as success).
2026-06-24 14:44:06Z | DELETE file 9369 already deleted (returned NotFound, treated as success).
2026-06-24 14:44:07Z | DELETE file 9367 already deleted (returned NotFound, treated as success).
2026-06-24 14:44:07Z | DELETE file 9363 already deleted (returned NotFound, treated as success).
2026-06-24 14:44:07Z | DELETE file 9370 already deleted (returned NotFound, treated as success).
2026-06-24 14:44:08Z | DELETE file 9371 already deleted (returned NotFound, treated as success).
2026-06-24 14:44:08Z | DELETE file 9360 already deleted (returned NotFound, treated as success).
2026-06-24 14:44:09Z | DELETE file 9361 already deleted (returned NotFound, treated as success).
2026-06-24 14:44:09Z | DELETE file 9366 already deleted (returned NotFound, treated as success).
2026-06-24 14:44:09Z | DELETE file 9372 already deleted (returned NotFound, treated as success).
2026-06-24 14:44:10Z | DELETE file 9368 already deleted (returned NotFound, treated as success).
2026-06-24 14:44:10Z | DELETE file 9362 already deleted (returned NotFound, treated as success).
2026-06-24 14:44:11Z | DELETE file 9373 already deleted (returned NotFound, treated as success).
2026-06-24 14:44:11Z | DELETE file 9365 already deleted (returned NotFound, treated as success).
2026-06-24 14:44:11Z | DELETE file 9364 already deleted (returned NotFound, treated as success).
2026-06-24 14:44:12Z | DELETE file 9369 already deleted (returned NotFound, treated as success).
2026-06-24 14:44:12Z | DELETE file 9367 already deleted (returned NotFound, treated as success).
2026-06-24 14:44:13Z | DELETE file 9363 already deleted (returned NotFound, treated as success).
2026-06-24 14:44:13Z | DELETE file 9370 already deleted (returned NotFound, treated as success).
2026-06-24 14:44:13Z | DELETE file 9371 already deleted (returned NotFound, treated as success).
2026-06-24 14:45:44Z | DELETE file 9360 exception: An error occurred while sending the request.
2026-06-24 14:45:51Z | DELETE file 9361 exception: The SSL connection could not be established, see inner exception.
2026-06-24 14:45:59Z | DELETE file 9383 exception: The SSL connection could not be established, see inner exception.
2026-06-24 14:46:06Z | DELETE file 9388 exception: The SSL connection could not be established, see inner exception.
2026-06-24 14:46:14Z | DELETE file 9382 exception: The SSL connection could not be established, see inner exception.
2026-06-24 14:46:22Z | DELETE file 9376 exception: The SSL connection could not be established, see inner exception.
2026-06-24 14:46:29Z | DELETE file 9377 exception: The SSL connection could not be established, see inner exception.
2026-06-24 14:46:37Z | DELETE file 9389 exception: The SSL connection could not be established, see inner exception.
2026-06-24 14:46:44Z | DELETE file 9381 exception: The SSL connection could not be established, see inner exception.
2026-06-24 14:46:52Z | DELETE file 9380 exception: The SSL connection could not be established, see inner exception.
2026-06-24 14:46:59Z | DELETE file 9378 exception: The SSL connection could not be established, see inner exception.
2026-06-24 14:47:07Z | DELETE file 9387 exception: The SSL connection could not be established, see inner exception.
2026-06-24 14:47:14Z | DELETE file 9386 exception: The SSL connection could not be established, see inner exception.
2026-06-24 14:47:22Z | DELETE file 9374 exception: The SSL connection could not be established, see inner exception.
2026-06-24 14:47:30Z | DELETE file 9384 exception: The SSL connection could not be established, see inner exception.
2026-06-24 14:47:37Z | DELETE file 9498 exception: The SSL connection could not be established, see inner exception.
2026-06-24 14:47:45Z | DELETE file 9495 exception: The SSL connection could not be established, see inner exception.
2026-06-24 14:47:52Z | DELETE file 9490 exception: The SSL connection could not be established, see inner exception.
2026-06-24 14:48:00Z | DELETE file 9493 exception: The SSL connection could not be established, see inner exception.
2026-06-24 14:48:07Z | DELETE file 9497 exception: The SSL connection could not be established, see inner exception.
2026-06-24 14:48:15Z | DELETE file 9491 exception: The SSL connection could not be established, see inner exception.
2026-06-24 14:48:22Z | DELETE file 9492 exception: The SSL connection could not be established, see inner exception.
2026-06-24 14:48:30Z | DELETE file 9499 exception: The SSL connection could not be established, see inner exception.
2026-06-24 14:48:38Z | DELETE file 9494 exception: The SSL connection could not be established, see inner exception.
2026-06-24 14:48:45Z | DELETE file 9496 exception: The SSL connection could not be established, see inner exception.
2026-06-24 15:03:37Z | BULK DELETE 110 files failed: 404 NotFound - {"status":"ERROR","code":404,"message":"API endpoint does not exist on this server. Please check your code for typos, or consult our API guide at http://guides.dataverse.org.","requestUrl":"https://demo.recherche.data.gouv.fr/api/v1/datasets/:persistentId/deleteFiles?persistentId=doi%3A10.82233%2FPHR5Q6","requestMethod":"PUT"}
2026-06-24 15:11:41Z | BULK DELETE 10 files failed: 404 NotFound - {"status":"ERROR","code":404,"message":"API endpoint does not exist on this server. Please check your code for typos, or consult our API guide at http://guides.dataverse.org.","requestUrl":"https://demo.recherche.data.gouv.fr/api/v1/datasets/:persistentId/deleteFiles?persistentId=doi%3A10.82233%2FPHR5Q6","requestMethod":"PUT"}
2026-07-08 13:27:40Z | BULK DELETE 16 files failed: 404 NotFound - {"status":"ERROR","code":404,"message":"API endpoint does not exist on this server. Please check your code for typos, or consult our API guide at http://guides.dataverse.org.","requestUrl":"https://demo.recherche.data.gouv.fr/api/v1/datasets/:persistentId/deleteFiles?persistentId=doi%3A10.82233%2F4EQOPD","requestMethod":"PUT"}
2026-07-08 13:30:18Z | BULK DELETE 1 files failed: 404 NotFound - {"status":"ERROR","code":404,"message":"API endpoint does not exist on this server. Please check your code for typos, or consult our API guide at http://guides.dataverse.org.","requestUrl":"https://demo.recherche.data.gouv.fr/api/v1/datasets/:persistentId/deleteFiles?persistentId=doi%3A10.82233%2F4EQOPD","requestMethod":"PUT"}
