
----------------------------------------------------------------------------------

TTTTT  DDD   L    Texas
  T    D  D  L    Digital
  T    DDD   LLL  Library

DVUploader - a command-line application to upload files to any Dataverse Dataset
Developed with support from TDL and GDCC for the Dataverse Community
See the wiki at https://github.com/GlobalDataverseCommunityConsortium/dataverse-uploader for information on using DVUploader.

----------------------------------------------------------------------------------

-server=https://demo.recherche.data.gouv.fr -key=<apiKey> -did=doi:10.82233/PHR5Q6 -manifest=C:\Users\Shadow\AppData\Local\Temp\rdg_arbodv_manifest_5dc05051-fd39-4af5-96cd-057ed9afe5b2.json -recurse

***Parsing arguments:***

Using server: https://demo.recherche.data.gouv.fr
Using apiKey: 24e4c19a-2315-4a39-ae81-9e6f55092bd3
Adding content to: doi:10.82233/PHR5Q6
Using manifest file: C:\Users\Shadow\AppData\Local\Temp\rdg_arbodv_manifest_5dc05051-fd39-4af5-96cd-057ed9afe5b2.json
Will recurse into subdirectories

***Starting to Process Upload Requests:***

Using FixityAlgorithm configured for this Dataverse: MD5

PROCESSING(D): 
              Does not exist on server.
Preproc: 
Recording: dossier_imagerie_valide_bpruso9t/dossier_campagne_initial_h3fnvros/dossier_resultat_controle_vi08f23h/fichier_analyse_annexe_aaup3mvu.pdf
Recording: dossier_imagerie_valide_bpruso9t/dossier_imagerie_controle_wmz9dzhs/fichier_analyse_controle_6nykld7q.mp4
Recording: dossier_imagerie_final_5a4ec8hr/fichier_analyse_derive_v8iomfgr.zip
Recording: dossier_imagerie_final_5a4ec8hr/fichier_analyse_local_99alk58m.npz
Recording: fichier_analyse_local_q1e05vj5.dicom
Recording: dossier_imagerie_valide_bpruso9t/fichier_archive_annexe_bphnxzmk.rdata
Recording: dossier_imagerie_valide_bpruso9t/dossier_simulation_brut_aek8fzgm/dossier_cartographie_temporel_u6b6hvy8/fichier_archive_calibre_m8ys0uvc.zip
Recording: dossier_imagerie_valide_bpruso9t/dossier_simulation_brut_aek8fzgm/dossier_imagerie_central_9udifest/dossier_cohorte_regional_uy0y4ao3/fichier_archive_central_y5w16wcn.xlsm
Recording: dossier_resultat_annexe_05kvpqdf/fichier_archive_complet_fewdedrc.mp4
Recording: fichier_archive_complet_pd8q1d6l.rdata
Recording: dossier_imagerie_valide_bpruso9t/dossier_simulation_brut_aek8fzgm/dossier_cartographie_temporel_u6b6hvy8/fichier_archive_initial_1zfay3vm.jsonl
Recording: dossier_imagerie_final_5a4ec8hr/fichier_archive_intermediaire_nbjqg815.xlsb
Recording: dossier_imagerie_valide_bpruso9t/dossier_simulation_brut_aek8fzgm/dossier_cartographie_temporel_u6b6hvy8/fichier_archive_qualite_fdr5hmh7.yaml
Recording: dossier_imagerie_valide_bpruso9t/dossier_campagne_initial_h3fnvros/dossier_resultat_controle_vi08f23h/fichier_archive_regional_rk72lzn3.hdf5
Recording: dossier_imagerie_final_5a4ec8hr/fichier_atlas_brut_u3tkk5z7.txt
Recording: dossier_resultat_annexe_05kvpqdf/dossier_simulation_regional_tt4wb9k5/fichier_atlas_derive_sxsujs3a.h5
Recording: dossier_imagerie_valide_bpruso9t/dossier_imagerie_controle_wmz9dzhs/fichier_atlas_final_3d8jubc8.yaml
Recording: dossier_imagerie_valide_bpruso9t/dossier_simulation_brut_aek8fzgm/fichier_atlas_initial_6n60pc8v.json
Recording: dossier_imagerie_valide_bpruso9t/dossier_simulation_brut_aek8fzgm/dossier_imagerie_central_9udifest/dossier_cohorte_regional_uy0y4ao3/fichier_atlas_intermediaire_4iljjhug.svg
Recording: dossier_imagerie_valide_bpruso9t/dossier_simulation_brut_aek8fzgm/dossier_imagerie_central_9udifest/dossier_imagerie_calibre_npyw7ufx/fichier_atlas_intermediaire_l3o7psxk.gz
Recording: dossier_collection_initial_kh0f7a3p/fichier_atlas_intermediaire_tjx2dvsi.parquet
Recording: dossier_resultat_annexe_05kvpqdf/fichier_atlas_local_fu779sza.rtf
Recording: dossier_mesure_initial_upb7pzt3/fichier_atlas_valide_xagx6tzh.xlsb
Recording: dossier_imagerie_valide_bpruso9t/dossier_simulation_brut_aek8fzgm/dossier_imagerie_central_9udifest/dossier_imagerie_calibre_npyw7ufx/fichier_biologie_central_izv7qxfs.tiff
Recording: dossier_collection_initial_kh0f7a3p/fichier_biologie_controle_ntmqsrl7.rtf
Recording: dossier_imagerie_valide_bpruso9t/dossier_campagne_initial_h3fnvros/dossier_resultat_controle_vi08f23h/fichier_biologie_final_sr0ulxrq.rdata
Recording: dossier_imagerie_valide_bpruso9t/dossier_simulation_brut_aek8fzgm/dossier_cartographie_temporel_u6b6hvy8/fichier_biologie_intermediaire_bynod8wd.json
Recording: dossier_resultat_annexe_05kvpqdf/fichier_biologie_intermediaire_lz4fnsqp.gz
Recording: dossier_imagerie_valide_bpruso9t/dossier_simulation_brut_aek8fzgm/dossier_imagerie_central_9udifest/fichier_biologie_local_0kutsh87.mp4
Recording: dossier_imagerie_valide_bpruso9t/dossier_simulation_brut_aek8fzgm/dossier_cartographie_temporel_u6b6hvy8/fichier_biologie_principal_523rt0q3.xls
Recording: dossier_imagerie_valide_bpruso9t/dossier_simulation_brut_aek8fzgm/dossier_cartographie_temporel_u6b6hvy8/fichier_biologie_temporel_ftlri6vj.tsv
Recording: dossier_imagerie_valide_bpruso9t/dossier_simulation_brut_aek8fzgm/fichier_campagne_brut_64c5orzp.rtf
Recording: dossier_imagerie_valide_bpruso9t/dossier_simulation_brut_aek8fzgm/dossier_capteur_local_60xyvxvn/fichier_campagne_reference_q7gh38na.sav
Recording: dossier_resultat_annexe_05kvpqdf/fichier_campagne_regional_8yw5jarl.doc
Recording: dossier_collection_initial_kh0f7a3p/dossier_resultat_initial_wmy9hhim/fichier_campagne_regional_kbqzp68z.dcm
Recording: dossier_resultat_annexe_05kvpqdf/dossier_simulation_regional_tt4wb9k5/fichier_campagne_valide_v5aoev7c.jpg
Recording: dossier_imagerie_valide_bpruso9t/dossier_simulation_brut_aek8fzgm/fichier_capteur_brut_bepl3on5.csv
Recording: dossier_imagerie_valide_bpruso9t/dossier_simulation_brut_aek8fzgm/dossier_imagerie_central_9udifest/dossier_imagerie_calibre_npyw7ufx/fichier_capteur_brut_fl8ypitn.xlsm
Recording: dossier_imagerie_valide_bpruso9t/dossier_simulation_brut_aek8fzgm/dossier_imagerie_central_9udifest/dossier_imagerie_calibre_npyw7ufx/fichier_capteur_central_0nk5xlxt.docx
Recording: dossier_collection_initial_kh0f7a3p/fichier_capteur_controle_lrh3wdu0.json
Recording: dossier_collection_initial_kh0f7a3p/fichier_capteur_final_7uymbugw.jpg
Recording: dossier_imagerie_valide_bpruso9t/dossier_simulation_brut_aek8fzgm/dossier_imagerie_central_9udifest/dossier_cohorte_regional_uy0y4ao3/fichier_capteur_local_fqjlcadl.txt
Recording: dossier_resultat_annexe_05kvpqdf/dossier_simulation_regional_tt4wb9k5/fichier_capteur_principal_ahpucm6x.xml
Recording: dossier_imagerie_valide_bpruso9t/dossier_simulation_brut_aek8fzgm/dossier_cartographie_temporel_u6b6hvy8/fichier_capteur_principal_x5jvhbtl.mp4
Recording: dossier_imagerie_valide_bpruso9t/dossier_simulation_brut_aek8fzgm/dossier_imagerie_central_9udifest/dossier_cohorte_regional_uy0y4ao3/fichier_capteur_reference_mw18s6gl.hdf5
Recording: dossier_resultat_annexe_05kvpqdf/dossier_simulation_regional_tt4wb9k5/fichier_capteur_valide_u9k5cdxd.xls
Recording: dossier_resultat_annexe_05kvpqdf/dossier_observation_reference_zvy2blch/fichier_cartographie_ancien_ut3r4ryi.ods
Recording: dossier_imagerie_valide_bpruso9t/dossier_simulation_brut_aek8fzgm/dossier_imagerie_central_9udifest/dossier_imagerie_calibre_npyw7ufx/fichier_cartographie_brut_ezhpcz0q.npy
Recording: dossier_imagerie_final_5a4ec8hr/fichier_cartographie_calibre_36pfpzk7.gz
Recording: dossier_imagerie_valide_bpruso9t/dossier_simulation_brut_aek8fzgm/dossier_capteur_local_60xyvxvn/fichier_cartographie_central_hwnii8w4.rdata
Recording: dossier_imagerie_valide_bpruso9t/dossier_simulation_brut_aek8fzgm/fichier_cartographie_controle_d26310mr.h5
Recording: dossier_imagerie_valide_bpruso9t/dossier_simulation_brut_aek8fzgm/dossier_capteur_local_60xyvxvn/fichier_cartographie_derive_82sunlby.gz
Recording: dossier_collection_initial_kh0f7a3p/fichier_cartographie_derive_xlsaf7kf.doc
Recording: dossier_imagerie_valide_bpruso9t/dossier_simulation_brut_aek8fzgm/dossier_imagerie_central_9udifest/fichier_cartographie_derive_zs9bkuhu.npy
Recording: dossier_imagerie_valide_bpruso9t/dossier_simulation_brut_aek8fzgm/dossier_imagerie_central_9udifest/dossier_cohorte_regional_uy0y4ao3/fichier_cartographie_final_o89sn4eg.ods
Recording: dossier_collection_initial_kh0f7a3p/fichier_cartographie_initial_cv9jqzoj.gz
Recording: dossier_imagerie_valide_bpruso9t/dossier_simulation_brut_aek8fzgm/dossier_imagerie_central_9udifest/dossier_imagerie_calibre_npyw7ufx/fichier_cartographie_temporel_01fdnaq8.xlsb
Recording: dossier_imagerie_valide_bpruso9t/dossier_imagerie_controle_wmz9dzhs/fichier_cellule_calibre_kiul5pek.tar
Recording: dossier_mesure_initial_upb7pzt3/fichier_cellule_central_n5t4kkf2.png
Recording: fichier_cellule_complet_zrmldi6j.xls
Recording: dossier_imagerie_valide_bpruso9t/dossier_campagne_initial_h3fnvros/fichier_cellule_principal_q35psl04.odt
Recording: dossier_imagerie_valide_bpruso9t/dossier_simulation_brut_aek8fzgm/dossier_capteur_local_60xyvxvn/fichier_climat_brut_b71s4265.dcm
Recording: dossier_imagerie_valide_bpruso9t/dossier_simulation_brut_aek8fzgm/dossier_imagerie_central_9udifest/dossier_cohorte_regional_uy0y4ao3/fichier_climat_controle_40dr95w5.ods
Recording: dossier_imagerie_valide_bpruso9t/dossier_campagne_initial_h3fnvros/dossier_resultat_controle_vi08f23h/fichier_climat_controle_uoqt34en.feather
Recording: dossier_imagerie_valide_bpruso9t/dossier_imagerie_controle_wmz9dzhs/fichier_climat_initial_4ixi2joa.ods
Recording: dossier_imagerie_valide_bpruso9t/dossier_simulation_brut_aek8fzgm/fichier_climat_local_gl5mqesq.sav
Recording: dossier_imagerie_valide_bpruso9t/dossier_simulation_brut_aek8fzgm/dossier_imagerie_central_9udifest/dossier_cohorte_regional_uy0y4ao3/fichier_climat_regional_93obnpei.dicom
Recording: dossier_imagerie_valide_bpruso9t/dossier_simulation_brut_aek8fzgm/dossier_imagerie_central_9udifest/dossier_cohorte_regional_uy0y4ao3/fichier_climat_regional_ui0675hp.tsv
Recording: dossier_imagerie_valide_bpruso9t/dossier_campagne_initial_h3fnvros/dossier_resultat_controle_vi08f23h/fichier_climat_valide_ajy2jwgg.mat
Recording: dossier_imagerie_valide_bpruso9t/dossier_simulation_brut_aek8fzgm/dossier_capteur_local_60xyvxvn/fichier_cohorte_calibre_00a9xk2i.hdf5
Recording: dossier_imagerie_valide_bpruso9t/dossier_simulation_brut_aek8fzgm/fichier_cohorte_calibre_du3o74j2.hdf5
Recording: dossier_imagerie_valide_bpruso9t/dossier_simulation_brut_aek8fzgm/fichier_cohorte_local_pg7qi0oj.xml
Recording: dossier_resultat_annexe_05kvpqdf/dossier_observation_reference_zvy2blch/fichier_collection_ancien_7gr57ts2.tsv
Recording: dossier_imagerie_valide_bpruso9t/fichier_collection_annexe_cdidja40.rtf
Recording: dossier_imagerie_valide_bpruso9t/fichier_collection_brut_toznkj4r.h5
Recording: dossier_imagerie_valide_bpruso9t/dossier_simulation_brut_aek8fzgm/dossier_cartographie_temporel_u6b6hvy8/fichier_collection_controle_lac2hndo.dicom
Recording: dossier_collection_initial_kh0f7a3p/dossier_resultat_initial_wmy9hhim/fichier_collection_controle_nqbbvaye.npy
Recording: dossier_collection_initial_kh0f7a3p/dossier_resultat_initial_wmy9hhim/fichier_collection_reference_j31u4kfe.mat
Recording: dossier_imagerie_final_5a4ec8hr/fichier_collection_valide_m35ul4tj.jpg
Recording: dossier_collection_initial_kh0f7a3p/fichier_echantillon_central_vng0awh1.doc
Recording: dossier_imagerie_valide_bpruso9t/dossier_campagne_initial_h3fnvros/fichier_echantillon_complet_65btcgn7.odt
Recording: dossier_collection_initial_kh0f7a3p/dossier_resultat_initial_wmy9hhim/fichier_echantillon_complet_g0orvhxs.yaml
Recording: dossier_imagerie_valide_bpruso9t/dossier_simulation_brut_aek8fzgm/fichier_echantillon_complet_ndhlgcnr.npz
Recording: dossier_imagerie_valide_bpruso9t/fichier_echantillon_derive_p8pr97d4.gz
Recording: fichier_echantillon_intermediaire_mua21z19.gz
Recording: dossier_resultat_annexe_05kvpqdf/dossier_observation_reference_zvy2blch/fichier_echantillon_local_z0ty7sl7.jsonl
Recording: dossier_resultat_annexe_05kvpqdf/fichier_echantillon_principal_60g7sps7.wav
Recording: dossier_imagerie_valide_bpruso9t/dossier_simulation_brut_aek8fzgm/dossier_capteur_local_60xyvxvn/fichier_echantillon_principal_oango65e.xlsb
Recording: dossier_imagerie_valide_bpruso9t/dossier_campagne_initial_h3fnvros/fichier_experience_calibre_g9kiz7p6.odt
Recording: dossier_resultat_annexe_05kvpqdf/fichier_experience_central_4skk1hqz.sav
Recording: dossier_imagerie_valide_bpruso9t/dossier_imagerie_controle_wmz9dzhs/fichier_experience_local_ofs4u2z5.xls
Recording: dossier_mesure_initial_upb7pzt3/fichier_experience_qualite_12uaqpi1.dicom
Recording: dossier_resultat_annexe_05kvpqdf/fichier_imagerie_complet_k1tiq6lp.yaml
Recording: dossier_imagerie_valide_bpruso9t/fichier_imagerie_controle_b5hscbyp.wav
Recording: dossier_collection_initial_kh0f7a3p/dossier_resultat_initial_wmy9hhim/fichier_imagerie_controle_j9nzefyi.png
Recording: dossier_collection_initial_kh0f7a3p/dossier_resultat_initial_wmy9hhim/fichier_imagerie_intermediaire_qziwr382.docx
Recording: dossier_resultat_annexe_05kvpqdf/dossier_simulation_regional_tt4wb9k5/fichier_imagerie_principal_xyeln2kd.dicom
Recording: dossier_imagerie_valide_bpruso9t/dossier_simulation_brut_aek8fzgm/dossier_cartographie_temporel_u6b6hvy8/fichier_imagerie_qualite_nll5bvet.xlsx
Recording: dossier_imagerie_valide_bpruso9t/dossier_simulation_brut_aek8fzgm/dossier_cartographie_temporel_u6b6hvy8/fichier_imagerie_temporel_imtewus0.odt
Recording: dossier_collection_initial_kh0f7a3p/dossier_resultat_initial_wmy9hhim/fichier_inventaire_ancien_hzmi8jhj.wav
Recording: dossier_imagerie_valide_bpruso9t/dossier_simulation_brut_aek8fzgm/dossier_imagerie_central_9udifest/dossier_imagerie_calibre_npyw7ufx/fichier_inventaire_ancien_v22gsvfu.h5
Recording: dossier_collection_initial_kh0f7a3p/dossier_resultat_initial_wmy9hhim/fichier_inventaire_controle_ap4fku54.tar
Recording: dossier_resultat_annexe_05kvpqdf/fichier_inventaire_intermediaire_82aiwrw3.txt
Recording: dossier_imagerie_valide_bpruso9t/dossier_campagne_initial_h3fnvros/fichier_inventaire_intermediaire_uynfhlpo.hdf5
Recording: dossier_imagerie_valide_bpruso9t/dossier_simulation_brut_aek8fzgm/dossier_imagerie_central_9udifest/dossier_cohorte_regional_uy0y4ao3/fichier_inventaire_principal_1ivzuywe.jpg
Recording: dossier_imagerie_final_5a4ec8hr/fichier_inventaire_regional_wd65m9n0.tsv
Recording: fichier_inventaire_valide_94fr4yjt.npy
Recording: dossier_resultat_annexe_05kvpqdf/dossier_observation_reference_zvy2blch/fichier_inventaire_valide_pbrs5yg9.npz
Recording: dossier_collection_initial_kh0f7a3p/fichier_inventaire_valide_tkt5yjmx.pdf
Recording: dossier_imagerie_valide_bpruso9t/dossier_imagerie_controle_wmz9dzhs/fichier_mesure_annexe_lz9j2sva.svg
Recording: dossier_collection_initial_kh0f7a3p/dossier_resultat_initial_wmy9hhim/fichier_mesure_brut_1llgkhob.yaml
Recording: dossier_resultat_annexe_05kvpqdf/dossier_simulation_regional_tt4wb9k5/fichier_mesure_complet_nilxwqp7.dcm
Recording: dossier_imagerie_final_5a4ec8hr/fichier_mesure_controle_p4hskfwi.feather
Recording: dossier_collection_initial_kh0f7a3p/fichier_mesure_derive_ab7agn42.tsv
Recording: dossier_resultat_annexe_05kvpqdf/fichier_mesure_final_oiu2zbm2.xls
Recording: dossier_collection_initial_kh0f7a3p/dossier_resultat_initial_wmy9hhim/fichier_mesure_local_dy0xu8si.dcm
Recording: dossier_resultat_annexe_05kvpqdf/dossier_observation_reference_zvy2blch/fichier_mesure_temporel_hxkivca5.txt
Recording: dossier_mesure_initial_upb7pzt3/fichier_modele_controle_lmq2wxmi.parquet
Recording: dossier_collection_initial_kh0f7a3p/fichier_modele_local_8pc98e76.xlsx
Recording: dossier_imagerie_valide_bpruso9t/dossier_imagerie_controle_wmz9dzhs/fichier_modele_local_lej4c0ht.rtf
Recording: dossier_imagerie_valide_bpruso9t/dossier_simulation_brut_aek8fzgm/dossier_imagerie_central_9udifest/dossier_imagerie_calibre_npyw7ufx/fichier_modele_reference_dawbxd25.yaml
Recording: dossier_imagerie_valide_bpruso9t/dossier_imagerie_controle_wmz9dzhs/fichier_modele_regional_gujasbxu.svg
Recording: dossier_collection_initial_kh0f7a3p/fichier_modele_temporel_3rzsvhdb.parquet
Recording: dossier_imagerie_valide_bpruso9t/dossier_campagne_initial_h3fnvros/fichier_modele_temporel_lt4lmo7p.svg
Recording: dossier_imagerie_valide_bpruso9t/dossier_simulation_brut_aek8fzgm/dossier_imagerie_central_9udifest/dossier_imagerie_calibre_npyw7ufx/fichier_observation_ancien_atcfs2kt.jpg
Recording: dossier_mesure_initial_upb7pzt3/fichier_observation_central_fpktzkba.tiff
Recording: dossier_imagerie_final_5a4ec8hr/fichier_observation_complet_e1scsrfs.dcm
Recording: dossier_collection_initial_kh0f7a3p/fichier_observation_complet_wkobcutm.yaml
Recording: dossier_imagerie_valide_bpruso9t/dossier_simulation_brut_aek8fzgm/fichier_observation_derive_qj6kimet.svg
Recording: dossier_collection_initial_kh0f7a3p/dossier_resultat_initial_wmy9hhim/fichier_observation_final_6k78zh7c.dcm
Recording: fichier_observation_final_d0zl56c7.yaml
Recording: fichier_observation_initial_3bciybg7.docx
Recording: dossier_resultat_annexe_05kvpqdf/dossier_observation_reference_zvy2blch/fichier_observation_initial_nx6ohhd1.hdf5
Recording: dossier_resultat_annexe_05kvpqdf/dossier_simulation_regional_tt4wb9k5/fichier_observation_qualite_yvw6lgrh.zip
Recording: dossier_resultat_annexe_05kvpqdf/dossier_simulation_regional_tt4wb9k5/fichier_observation_regional_gvmq7hu9.png
Recording: dossier_imagerie_valide_bpruso9t/dossier_campagne_initial_h3fnvros/dossier_resultat_controle_vi08f23h/fichier_observation_regional_yd82ebxb.gz
Recording: dossier_mesure_initial_upb7pzt3/fichier_observation_valide_3h96o2x8.xlsm
Recording: dossier_resultat_annexe_05kvpqdf/dossier_observation_reference_zvy2blch/fichier_protocole_brut_yuxjvdrh.docx
Recording: dossier_collection_initial_kh0f7a3p/fichier_protocole_controle_i2rd2aa2.yaml
Recording: dossier_resultat_annexe_05kvpqdf/fichier_protocole_final_79z6hkag.h5
Recording: fichier_protocole_initial_pkx6md1b.odt
Recording: dossier_resultat_annexe_05kvpqdf/dossier_observation_reference_zvy2blch/fichier_protocole_principal_ufapuc75.h5
Recording: dossier_resultat_annexe_05kvpqdf/fichier_protocole_qualite_tt4hov71.csv
Recording: dossier_resultat_annexe_05kvpqdf/dossier_simulation_regional_tt4wb9k5/fichier_recherche_annexe_c11xrmah.zip
Recording: dossier_imagerie_valide_bpruso9t/fichier_recherche_brut_s95yyq0x.hdf5
Recording: dossier_imagerie_valide_bpruso9t/dossier_simulation_brut_aek8fzgm/fichier_recherche_controle_zadpe0fj.ods
Recording: dossier_collection_initial_kh0f7a3p/fichier_recherche_initial_xa73tokp.odt
Recording: dossier_imagerie_valide_bpruso9t/dossier_simulation_brut_aek8fzgm/dossier_cartographie_temporel_u6b6hvy8/fichier_recherche_local_h9nvj8ga.wav
Recording: dossier_resultat_annexe_05kvpqdf/fichier_recherche_regional_rxc0hzth.doc
Recording: dossier_imagerie_valide_bpruso9t/dossier_simulation_brut_aek8fzgm/dossier_imagerie_central_9udifest/dossier_imagerie_calibre_npyw7ufx/fichier_resultat_calibre_ng12oaey.mp4
Recording: dossier_resultat_annexe_05kvpqdf/fichier_resultat_initial_xodthr1m.xml
Recording: dossier_collection_initial_kh0f7a3p/dossier_resultat_initial_wmy9hhim/fichier_resultat_intermediaire_fbbb9nby.npz
Recording: dossier_imagerie_valide_bpruso9t/dossier_campagne_initial_h3fnvros/dossier_resultat_controle_vi08f23h/fichier_resultat_local_8rydkfqz.jsonl
Recording: dossier_collection_initial_kh0f7a3p/fichier_resultat_local_8wvdngh5.tiff
Recording: dossier_imagerie_valide_bpruso9t/dossier_simulation_brut_aek8fzgm/dossier_imagerie_central_9udifest/dossier_imagerie_calibre_npyw7ufx/fichier_resultat_temporel_qvd8s2vx.dicom
Recording: dossier_collection_initial_kh0f7a3p/dossier_resultat_initial_wmy9hhim/fichier_serie_brut_ai3bpb78.tsv
Recording: dossier_imagerie_valide_bpruso9t/dossier_simulation_brut_aek8fzgm/fichier_serie_brut_wfytgqet.jsonl
Recording: dossier_imagerie_valide_bpruso9t/dossier_simulation_brut_aek8fzgm/dossier_imagerie_central_9udifest/fichier_serie_intermediaire_5rai168p.xlsm
Recording: dossier_imagerie_final_5a4ec8hr/fichier_serie_local_0bpw9pj7.xls
Recording: dossier_imagerie_valide_bpruso9t/dossier_simulation_brut_aek8fzgm/dossier_imagerie_central_9udifest/fichier_serie_regional_sfazkdru.xls
Recording: dossier_imagerie_valide_bpruso9t/dossier_campagne_initial_h3fnvros/dossier_resultat_controle_vi08f23h/fichier_simulation_annexe_m7au66sm.odt
Recording: dossier_collection_initial_kh0f7a3p/fichier_simulation_central_n8mhalag.npy
Recording: dossier_imagerie_valide_bpruso9t/dossier_simulation_brut_aek8fzgm/dossier_capteur_local_60xyvxvn/fichier_simulation_complet_e3211cpf.png
Recording: dossier_resultat_annexe_05kvpqdf/fichier_simulation_complet_iymi3cmt.txt
Recording: dossier_imagerie_valide_bpruso9t/dossier_simulation_brut_aek8fzgm/dossier_capteur_local_60xyvxvn/fichier_simulation_derive_j204z5tw.sav
Recording: fichier_simulation_intermediaire_olxiz1qr.dcm
Recording: dossier_resultat_annexe_05kvpqdf/dossier_simulation_regional_tt4wb9k5/fichier_spectre_annexe_qoxhgf7l.doc
Recording: dossier_imagerie_valide_bpruso9t/dossier_simulation_brut_aek8fzgm/dossier_cartographie_temporel_u6b6hvy8/fichier_spectre_calibre_r9mgzchi.svg
Recording: dossier_mesure_initial_upb7pzt3/fichier_spectre_calibre_v6650iu6.zip
Recording: dossier_imagerie_valide_bpruso9t/dossier_simulation_brut_aek8fzgm/fichier_spectre_central_0la4hv4x.rtf
Recording: fichier_spectre_final_2pongy7u.dcm
Recording: dossier_imagerie_valide_bpruso9t/dossier_imagerie_controle_wmz9dzhs/fichier_spectre_intermediaire_ykk04m92.parquet
Recording: dossier_resultat_annexe_05kvpqdf/fichier_spectre_local_3h8a4q58.json
Recording: dossier_imagerie_valide_bpruso9t/dossier_simulation_brut_aek8fzgm/dossier_imagerie_central_9udifest/dossier_cohorte_regional_uy0y4ao3/fichier_spectre_regional_i3czpcr7.xlsx
Recording: dossier_mesure_initial_upb7pzt3/fichier_spectre_temporel_hlufagbu.json
Recording: dossier_imagerie_valide_bpruso9t/dossier_simulation_brut_aek8fzgm/dossier_capteur_local_60xyvxvn/fichier_terrain_calibre_fd8hdqam.xml
Recording: dossier_imagerie_valide_bpruso9t/dossier_campagne_initial_h3fnvros/dossier_resultat_controle_vi08f23h/fichier_terrain_controle_cmkz7bxb.mp4
Recording: dossier_imagerie_valide_bpruso9t/dossier_simulation_brut_aek8fzgm/dossier_capteur_local_60xyvxvn/fichier_terrain_derive_w9o9u83h.doc
Recording: dossier_resultat_annexe_05kvpqdf/dossier_simulation_regional_tt4wb9k5/fichier_terrain_final_ejlppz9e.mat
Recording: dossier_mesure_initial_upb7pzt3/fichier_terrain_final_ew2gqsto.rdata
Recording: dossier_imagerie_valide_bpruso9t/dossier_simulation_brut_aek8fzgm/dossier_imagerie_central_9udifest/dossier_cohorte_regional_uy0y4ao3/fichier_terrain_initial_0lnn4e1s.csv
Recording: dossier_collection_initial_kh0f7a3p/dossier_resultat_initial_wmy9hhim/fichier_terrain_intermediaire_v7rji7dd.csv
Recording: dossier_imagerie_valide_bpruso9t/dossier_simulation_brut_aek8fzgm/dossier_imagerie_central_9udifest/fichier_terrain_reference_988h2x2m.hdf5
Recording: dossier_mesure_initial_upb7pzt3/fichier_terrain_temporel_8f4jh8tg.dcm

PROCESSING(D): dossier_imagerie_valide_bpruso9t
              Does not exist on server.
Preproc: dossier_imagerie_valide_bpruso9t

PROCESSING(D): fake_dataset_20260623_221749_js3bn
              Does not exist on server.
Preproc: fake_dataset_20260623_221749_js3bn

PROCESSING(D): dossier_collection_calibre_im6nbiwm
              Does not exist on server.
Preproc: dossier_collection_calibre_im6nbiwm

PROCESSING(F): D:\projets_perso\fakeDataset\datasets_generes_petit\fake_dataset_20260623_221749_js3bn\dossier_collection_calibre_im6nbiwm\fichier_biologie_ancien_5fj4ozf5.csv
               Does not yet exist on server.
               UPLOADED as: MD5:37ca52e4a7a0637c02b815b47ac20f75
CURRENT TOTAL: 1 files :2285452 bytes

PROCESSING(F): D:\projets_perso\fakeDataset\datasets_generes_petit\fake_dataset_20260623_221749_js3bn\dossier_collection_calibre_im6nbiwm\fichier_climat_intermediaire_bohvq81o.mat
               Does not yet exist on server.
               UPLOADED as: MD5:4be5373b9365f39b0a86ac6f7f38ed85
CURRENT TOTAL: 2 files :3707319 bytes

PROCESSING(F): D:\projets_perso\fakeDataset\datasets_generes_petit\fake_dataset_20260623_221749_js3bn\dossier_collection_calibre_im6nbiwm\fichier_echantillon_derive_ax2i4isk.txt
               Does not yet exist on server.
               UPLOADED as: MD5:c113c9d4804346fa29891ca12daa5255
CURRENT TOTAL: 3 files :6322169 bytes
